[0.873s] Invoking command in '/home/michael/Stingray1_ws/src/stingray_controller': AMENT_PREFIX_PATH=/home/michael/Stingray1_ws/install/stingray_msg:${AMENT_PREFIX_PATH} CMAKE_PREFIX_PATH=/home/michael/Stingray1_ws/install/stingray_msg:${CMAKE_PREFIX_PATH} LD_LIBRARY_PATH=/home/michael/Stingray1_ws/install/stingray_msg/lib:${LD_LIBRARY_PATH} PYTHONPATH=/home/michael/Stingray1_ws/build/stingray_control/prefix_override:/home/michael/Stingray1_ws/install/stingray_control/lib/python3.10/site-packages:/home/michael/Stingray1_ws/install/stingray_msg/local/lib/python3.10/dist-packages:${PYTHONPATH} /usr/bin/python3 -W ignore:setup.py install is deprecated setup.py egg_info --egg-base ../../build/stingray_control build --build-base /home/michael/Stingray1_ws/build/stingray_control/build install --record /home/michael/Stingray1_ws/build/stingray_control/install.log --single-version-externally-managed install_data
[1.206s] running egg_info
[1.206s] creating ../../build/stingray_control/stingray_controller.egg-info
[1.206s] writing ../../build/stingray_control/stingray_controller.egg-info/PKG-INFO
[1.207s] writing dependency_links to ../../build/stingray_control/stingray_controller.egg-info/dependency_links.txt
[1.207s] writing entry points to ../../build/stingray_control/stingray_controller.egg-info/entry_points.txt
[1.207s] writing requirements to ../../build/stingray_control/stingray_controller.egg-info/requires.txt
[1.207s] writing top-level names to ../../build/stingray_control/stingray_controller.egg-info/top_level.txt
[1.207s] writing manifest file '../../build/stingray_control/stingray_controller.egg-info/SOURCES.txt'
[1.209s] reading manifest file '../../build/stingray_control/stingray_controller.egg-info/SOURCES.txt'
[1.210s] writing manifest file '../../build/stingray_control/stingray_controller.egg-info/SOURCES.txt'
[1.210s] running build
[1.210s] running build_py
[1.210s] creating /home/michael/Stingray1_ws/build/stingray_control/build
[1.211s] creating /home/michael/Stingray1_ws/build/stingray_control/build/lib
[1.211s] creating /home/michael/Stingray1_ws/build/stingray_control/build/lib/stingray_controller
[1.211s] copying stingray_controller/ArmDisarmNode.py -> /home/michael/Stingray1_ws/build/stingray_control/build/lib/stingray_controller
[1.211s] copying stingray_controller/CamLightControlNode.py -> /home/michael/Stingray1_ws/build/stingray_control/build/lib/stingray_controller
[1.211s] copying stingray_controller/__init__.py -> /home/michael/Stingray1_ws/build/stingray_control/build/lib/stingray_controller
[1.211s] copying stingray_controller/ModeControlNode.py -> /home/michael/Stingray1_ws/build/stingray_control/build/lib/stingray_controller
[1.211s] copying stingray_controller/JoyToStingrayNode.py -> /home/michael/Stingray1_ws/build/stingray_control/build/lib/stingray_controller
[1.211s] copying stingray_controller/RcControlNode.py -> /home/michael/Stingray1_ws/build/stingray_control/build/lib/stingray_controller
[1.211s] running install
[1.212s] running install_lib
[1.212s] creating /home/michael/Stingray1_ws/install/stingray_control/lib/python3.10/site-packages/stingray_controller
[1.212s] copying /home/michael/Stingray1_ws/build/stingray_control/build/lib/stingray_controller/ArmDisarmNode.py -> /home/michael/Stingray1_ws/install/stingray_control/lib/python3.10/site-packages/stingray_controller
[1.212s] copying /home/michael/Stingray1_ws/build/stingray_control/build/lib/stingray_controller/CamLightControlNode.py -> /home/michael/Stingray1_ws/install/stingray_control/lib/python3.10/site-packages/stingray_controller
[1.213s] copying /home/michael/Stingray1_ws/build/stingray_control/build/lib/stingray_controller/__init__.py -> /home/michael/Stingray1_ws/install/stingray_control/lib/python3.10/site-packages/stingray_controller
[1.213s] copying /home/michael/Stingray1_ws/build/stingray_control/build/lib/stingray_controller/ModeControlNode.py -> /home/michael/Stingray1_ws/install/stingray_control/lib/python3.10/site-packages/stingray_controller
[1.213s] copying /home/michael/Stingray1_ws/build/stingray_control/build/lib/stingray_controller/JoyToStingrayNode.py -> /home/michael/Stingray1_ws/install/stingray_control/lib/python3.10/site-packages/stingray_controller
[1.213s] copying /home/michael/Stingray1_ws/build/stingray_control/build/lib/stingray_controller/RcControlNode.py -> /home/michael/Stingray1_ws/install/stingray_control/lib/python3.10/site-packages/stingray_controller
[1.213s] byte-compiling /home/michael/Stingray1_ws/install/stingray_control/lib/python3.10/site-packages/stingray_controller/ArmDisarmNode.py to ArmDisarmNode.cpython-310.pyc
[1.214s] byte-compiling /home/michael/Stingray1_ws/install/stingray_control/lib/python3.10/site-packages/stingray_controller/CamLightControlNode.py to CamLightControlNode.cpython-310.pyc
[1.214s] byte-compiling /home/michael/Stingray1_ws/install/stingray_control/lib/python3.10/site-packages/stingray_controller/__init__.py to __init__.cpython-310.pyc
[1.215s] byte-compiling /home/michael/Stingray1_ws/install/stingray_control/lib/python3.10/site-packages/stingray_controller/ModeControlNode.py to ModeControlNode.cpython-310.pyc
[1.215s] byte-compiling /home/michael/Stingray1_ws/install/stingray_control/lib/python3.10/site-packages/stingray_controller/JoyToStingrayNode.py to JoyToStingrayNode.cpython-310.pyc
[1.216s] byte-compiling /home/michael/Stingray1_ws/install/stingray_control/lib/python3.10/site-packages/stingray_controller/RcControlNode.py to RcControlNode.cpython-310.pyc
[1.216s] running install_data
[1.216s] copying resource/stingray_controller -> /home/michael/Stingray1_ws/install/stingray_control/share/ament_index/resource_index/packages
[1.217s] creating /home/michael/Stingray1_ws/install/stingray_control/share/stingray_controller
[1.217s] copying package.xml -> /home/michael/Stingray1_ws/install/stingray_control/share/stingray_controller
[1.217s] running install_egg_info
[1.219s] Copying ../../build/stingray_control/stingray_controller.egg-info to /home/michael/Stingray1_ws/install/stingray_control/lib/python3.10/site-packages/stingray_controller-0.0.0-py3.10.egg-info
[1.220s] running install_scripts
[1.244s] Installing ArmDisarmNode script to /home/michael/Stingray1_ws/install/stingray_control/lib/stingray_controller
[1.244s] Installing CamLightControlNode script to /home/michael/Stingray1_ws/install/stingray_control/lib/stingray_controller
[1.245s] Installing ModeControl script to /home/michael/Stingray1_ws/install/stingray_control/lib/stingray_controller
[1.245s] Installing RcControlNode script to /home/michael/Stingray1_ws/install/stingray_control/lib/stingray_controller
[1.245s] Installing control_data script to /home/michael/Stingray1_ws/install/stingray_control/lib/stingray_controller
[1.245s] writing list of installed files to '/home/michael/Stingray1_ws/build/stingray_control/install.log'
[1.273s] Invoked command in '/home/michael/Stingray1_ws/src/stingray_controller' returned '0': AMENT_PREFIX_PATH=/home/michael/Stingray1_ws/install/stingray_msg:${AMENT_PREFIX_PATH} CMAKE_PREFIX_PATH=/home/michael/Stingray1_ws/install/stingray_msg:${CMAKE_PREFIX_PATH} LD_LIBRARY_PATH=/home/michael/Stingray1_ws/install/stingray_msg/lib:${LD_LIBRARY_PATH} PYTHONPATH=/home/michael/Stingray1_ws/build/stingray_control/prefix_override:/home/michael/Stingray1_ws/install/stingray_control/lib/python3.10/site-packages:/home/michael/Stingray1_ws/install/stingray_msg/local/lib/python3.10/dist-packages:${PYTHONPATH} /usr/bin/python3 -W ignore:setup.py install is deprecated setup.py egg_info --egg-base ../../build/stingray_control build --build-base /home/michael/Stingray1_ws/build/stingray_control/build install --record /home/michael/Stingray1_ws/build/stingray_control/install.log --single-version-externally-managed install_data
