[0.737s] DEBUG:colcon:Command line arguments: ['/usr/bin/colcon', 'build']
[0.738s] DEBUG:colcon:Parsed command line arguments: Namespace(log_base=None, log_level=None, verb_name='build', build_base='build', install_base='install', merge_install=False, symlink_install=False, test_result_base=None, continue_on_error=False, executor='parallel', parallel_workers=8, event_handlers=None, ignore_user_meta=False, metas=['./colcon.meta'], base_paths=['.'], packages_ignore=None, packages_ignore_regex=None, paths=None, packages_up_to=None, packages_up_to_regex=None, packages_above=None, packages_above_and_dependencies=None, packages_above_depth=None, packages_select_by_dep=None, packages_skip_by_dep=None, packages_skip_up_to=None, packages_select_build_failed=False, packages_skip_build_finished=False, packages_select_test_failures=False, packages_skip_test_passed=False, packages_select=None, packages_skip=None, packages_select_regex=None, packages_skip_regex=None, packages_start=None, packages_end=None, allow_overriding=[], cmake_args=None, cmake_target=None, cmake_target_skip_unavailable=False, cmake_clean_cache=False, cmake_clean_first=False, cmake_force_configure=False, ament_cmake_args=None, catkin_cmake_args=None, catkin_skip_building_tests=False, verb_parser=<colcon_defaults.argument_parser.defaults.DefaultArgumentsDecorator object at 0x739cbf9f4d30>, verb_extension=<colcon_core.verb.build.BuildVerb object at 0x739cbf9c2740>, main=<bound method BuildVerb.main of <colcon_core.verb.build.BuildVerb object at 0x739cbf9c2740>>)
[0.778s] Level 1:colcon.colcon_core.package_discovery:discover_packages(colcon_meta) check parameters
[0.778s] Level 1:colcon.colcon_core.package_discovery:discover_packages(recursive) check parameters
[0.778s] Level 1:colcon.colcon_core.package_discovery:discover_packages(ignore) check parameters
[0.778s] Level 1:colcon.colcon_core.package_discovery:discover_packages(path) check parameters
[0.778s] Level 1:colcon.colcon_core.package_discovery:discover_packages(colcon_meta) discover
[0.778s] Level 1:colcon.colcon_core.package_discovery:discover_packages(recursive) discover
[0.778s] INFO:colcon.colcon_core.package_discovery:Crawling recursively for packages in '/home/michael/Stingray_ws/src'
[0.778s] Level 1:colcon.colcon_core.package_identification:_identify(.) by extensions ['ignore', 'ignore_ament_install']
[0.779s] Level 1:colcon.colcon_core.package_identification:_identify(.) by extension 'ignore'
[0.779s] Level 1:colcon.colcon_core.package_identification:_identify(.) by extension 'ignore_ament_install'
[0.779s] Level 1:colcon.colcon_core.package_identification:_identify(.) by extensions ['colcon_pkg']
[0.779s] Level 1:colcon.colcon_core.package_identification:_identify(.) by extension 'colcon_pkg'
[0.779s] Level 1:colcon.colcon_core.package_identification:_identify(.) by extensions ['colcon_meta']
[0.779s] Level 1:colcon.colcon_core.package_identification:_identify(.) by extension 'colcon_meta'
[0.779s] Level 1:colcon.colcon_core.package_identification:_identify(.) by extensions ['ros']
[0.779s] Level 1:colcon.colcon_core.package_identification:_identify(.) by extension 'ros'
[0.789s] Level 1:colcon.colcon_core.package_identification:_identify(.) by extensions ['cmake', 'python']
[0.789s] Level 1:colcon.colcon_core.package_identification:_identify(.) by extension 'cmake'
[0.789s] Level 1:colcon.colcon_core.package_identification:_identify(.) by extension 'python'
[0.789s] Level 1:colcon.colcon_core.package_identification:_identify(.) by extensions ['python_setup_py']
[0.789s] Level 1:colcon.colcon_core.package_identification:_identify(.) by extension 'python_setup_py'
[0.789s] Level 1:colcon.colcon_core.package_identification:_identify(build) by extensions ['ignore', 'ignore_ament_install']
[0.789s] Level 1:colcon.colcon_core.package_identification:_identify(build) by extension 'ignore'
[0.789s] Level 1:colcon.colcon_core.package_identification:_identify(build) ignored
[0.789s] Level 1:colcon.colcon_core.package_identification:_identify(install) by extensions ['ignore', 'ignore_ament_install']
[0.789s] Level 1:colcon.colcon_core.package_identification:_identify(install) by extension 'ignore'
[0.789s] Level 1:colcon.colcon_core.package_identification:_identify(install) ignored
[0.789s] Level 1:colcon.colcon_core.package_identification:_identify(log) by extensions ['ignore', 'ignore_ament_install']
[0.789s] Level 1:colcon.colcon_core.package_identification:_identify(log) by extension 'ignore'
[0.789s] Level 1:colcon.colcon_core.package_identification:_identify(log) ignored
[0.789s] Level 1:colcon.colcon_core.package_identification:_identify(stingray_control) by extensions ['ignore', 'ignore_ament_install']
[0.789s] Level 1:colcon.colcon_core.package_identification:_identify(stingray_control) by extension 'ignore'
[0.789s] Level 1:colcon.colcon_core.package_identification:_identify(stingray_control) by extension 'ignore_ament_install'
[0.790s] Level 1:colcon.colcon_core.package_identification:_identify(stingray_control) by extensions ['colcon_pkg']
[0.790s] Level 1:colcon.colcon_core.package_identification:_identify(stingray_control) by extension 'colcon_pkg'
[0.790s] Level 1:colcon.colcon_core.package_identification:_identify(stingray_control) by extensions ['colcon_meta']
[0.790s] Level 1:colcon.colcon_core.package_identification:_identify(stingray_control) by extension 'colcon_meta'
[0.790s] Level 1:colcon.colcon_core.package_identification:_identify(stingray_control) by extensions ['ros']
[0.790s] Level 1:colcon.colcon_core.package_identification:_identify(stingray_control) by extension 'ros'
[0.791s] DEBUG:colcon.colcon_core.package_identification:Package 'stingray_control' with type 'ros.ament_python' and name 'stingray_control'
[0.791s] Level 1:colcon.colcon_core.package_identification:_identify(stingray_msg) by extensions ['ignore', 'ignore_ament_install']
[0.791s] Level 1:colcon.colcon_core.package_identification:_identify(stingray_msg) by extension 'ignore'
[0.792s] Level 1:colcon.colcon_core.package_identification:_identify(stingray_msg) by extension 'ignore_ament_install'
[0.792s] Level 1:colcon.colcon_core.package_identification:_identify(stingray_msg) by extensions ['colcon_pkg']
[0.792s] Level 1:colcon.colcon_core.package_identification:_identify(stingray_msg) by extension 'colcon_pkg'
[0.792s] Level 1:colcon.colcon_core.package_identification:_identify(stingray_msg) by extensions ['colcon_meta']
[0.792s] Level 1:colcon.colcon_core.package_identification:_identify(stingray_msg) by extension 'colcon_meta'
[0.792s] Level 1:colcon.colcon_core.package_identification:_identify(stingray_msg) by extensions ['ros']
[0.792s] Level 1:colcon.colcon_core.package_identification:_identify(stingray_msg) by extension 'ros'
[0.792s] DEBUG:colcon.colcon_core.package_identification:Package 'stingray_msg' with type 'ros.ament_cmake' and name 'stingray_msg'
[0.792s] Level 1:colcon.colcon_core.package_identification:_identify(stingray_transform) by extensions ['ignore', 'ignore_ament_install']
[0.792s] Level 1:colcon.colcon_core.package_identification:_identify(stingray_transform) by extension 'ignore'
[0.792s] Level 1:colcon.colcon_core.package_identification:_identify(stingray_transform) by extension 'ignore_ament_install'
[0.792s] Level 1:colcon.colcon_core.package_identification:_identify(stingray_transform) by extensions ['colcon_pkg']
[0.792s] Level 1:colcon.colcon_core.package_identification:_identify(stingray_transform) by extension 'colcon_pkg'
[0.792s] Level 1:colcon.colcon_core.package_identification:_identify(stingray_transform) by extensions ['colcon_meta']
[0.792s] Level 1:colcon.colcon_core.package_identification:_identify(stingray_transform) by extension 'colcon_meta'
[0.792s] Level 1:colcon.colcon_core.package_identification:_identify(stingray_transform) by extensions ['ros']
[0.792s] Level 1:colcon.colcon_core.package_identification:_identify(stingray_transform) by extension 'ros'
[0.793s] DEBUG:colcon.colcon_core.package_identification:Package 'stingray_transform' with type 'ros.ament_cmake' and name 'stingray_transform'
[0.793s] Level 1:colcon.colcon_core.package_discovery:discover_packages(recursive) using defaults
[0.793s] Level 1:colcon.colcon_core.package_discovery:discover_packages(ignore) discover
[0.793s] Level 1:colcon.colcon_core.package_discovery:discover_packages(ignore) using defaults
[0.793s] Level 1:colcon.colcon_core.package_discovery:discover_packages(path) discover
[0.793s] Level 1:colcon.colcon_core.package_discovery:discover_packages(path) using defaults
[0.863s] Level 1:colcon.colcon_core.package_discovery:discover_packages(prefix_path) check parameters
[0.863s] Level 1:colcon.colcon_core.package_discovery:discover_packages(prefix_path) discover
[0.888s] DEBUG:colcon.colcon_installed_package_information.package_discovery:Found 2 installed packages in /home/michael/Stingray_ws/install
[0.899s] DEBUG:colcon.colcon_installed_package_information.package_discovery:Found 15 installed packages in /home/michael/ros2_ws/install
[0.911s] DEBUG:colcon.colcon_installed_package_information.package_discovery:Found 34 installed packages in /home/michael/colcon_ws/install
[0.925s] DEBUG:colcon.colcon_installed_package_information.package_discovery:Found 349 installed packages in /opt/ros/humble
[0.926s] Level 1:colcon.colcon_core.package_discovery:discover_packages(prefix_path) using defaults
[0.996s] Level 5:colcon.colcon_core.verb:set package 'stingray_msg' build argument 'cmake_args' from command line to 'None'
[0.996s] Level 5:colcon.colcon_core.verb:set package 'stingray_msg' build argument 'cmake_target' from command line to 'None'
[0.996s] Level 5:colcon.colcon_core.verb:set package 'stingray_msg' build argument 'cmake_target_skip_unavailable' from command line to 'False'
[0.996s] Level 5:colcon.colcon_core.verb:set package 'stingray_msg' build argument 'cmake_clean_cache' from command line to 'False'
[0.996s] Level 5:colcon.colcon_core.verb:set package 'stingray_msg' build argument 'cmake_clean_first' from command line to 'False'
[0.996s] Level 5:colcon.colcon_core.verb:set package 'stingray_msg' build argument 'cmake_force_configure' from command line to 'False'
[0.996s] Level 5:colcon.colcon_core.verb:set package 'stingray_msg' build argument 'ament_cmake_args' from command line to 'None'
[0.996s] Level 5:colcon.colcon_core.verb:set package 'stingray_msg' build argument 'catkin_cmake_args' from command line to 'None'
[0.996s] Level 5:colcon.colcon_core.verb:set package 'stingray_msg' build argument 'catkin_skip_building_tests' from command line to 'False'
[0.996s] DEBUG:colcon.colcon_core.verb:Building package 'stingray_msg' with the following arguments: {'ament_cmake_args': None, 'build_base': '/home/michael/Stingray_ws/src/build/stingray_msg', 'catkin_cmake_args': None, 'catkin_skip_building_tests': False, 'cmake_args': None, 'cmake_clean_cache': False, 'cmake_clean_first': False, 'cmake_force_configure': False, 'cmake_target': None, 'cmake_target_skip_unavailable': False, 'install_base': '/home/michael/Stingray_ws/src/install/stingray_msg', 'merge_install': False, 'path': '/home/michael/Stingray_ws/src/stingray_msg', 'symlink_install': False, 'test_result_base': None}
[1.007s] Level 5:colcon.colcon_core.verb:set package 'stingray_transform' build argument 'cmake_args' from command line to 'None'
[1.007s] Level 5:colcon.colcon_core.verb:set package 'stingray_transform' build argument 'cmake_target' from command line to 'None'
[1.007s] Level 5:colcon.colcon_core.verb:set package 'stingray_transform' build argument 'cmake_target_skip_unavailable' from command line to 'False'
[1.007s] Level 5:colcon.colcon_core.verb:set package 'stingray_transform' build argument 'cmake_clean_cache' from command line to 'False'
[1.007s] Level 5:colcon.colcon_core.verb:set package 'stingray_transform' build argument 'cmake_clean_first' from command line to 'False'
[1.007s] Level 5:colcon.colcon_core.verb:set package 'stingray_transform' build argument 'cmake_force_configure' from command line to 'False'
[1.007s] Level 5:colcon.colcon_core.verb:set package 'stingray_transform' build argument 'ament_cmake_args' from command line to 'None'
[1.007s] Level 5:colcon.colcon_core.verb:set package 'stingray_transform' build argument 'catkin_cmake_args' from command line to 'None'
[1.007s] Level 5:colcon.colcon_core.verb:set package 'stingray_transform' build argument 'catkin_skip_building_tests' from command line to 'False'
[1.007s] DEBUG:colcon.colcon_core.verb:Building package 'stingray_transform' with the following arguments: {'ament_cmake_args': None, 'build_base': '/home/michael/Stingray_ws/src/build/stingray_transform', 'catkin_cmake_args': None, 'catkin_skip_building_tests': False, 'cmake_args': None, 'cmake_clean_cache': False, 'cmake_clean_first': False, 'cmake_force_configure': False, 'cmake_target': None, 'cmake_target_skip_unavailable': False, 'install_base': '/home/michael/Stingray_ws/src/install/stingray_transform', 'merge_install': False, 'path': '/home/michael/Stingray_ws/src/stingray_transform', 'symlink_install': False, 'test_result_base': None}
[1.018s] Level 5:colcon.colcon_core.verb:set package 'stingray_control' build argument 'cmake_args' from command line to 'None'
[1.018s] Level 5:colcon.colcon_core.verb:set package 'stingray_control' build argument 'cmake_target' from command line to 'None'
[1.018s] Level 5:colcon.colcon_core.verb:set package 'stingray_control' build argument 'cmake_target_skip_unavailable' from command line to 'False'
[1.018s] Level 5:colcon.colcon_core.verb:set package 'stingray_control' build argument 'cmake_clean_cache' from command line to 'False'
[1.018s] Level 5:colcon.colcon_core.verb:set package 'stingray_control' build argument 'cmake_clean_first' from command line to 'False'
[1.018s] Level 5:colcon.colcon_core.verb:set package 'stingray_control' build argument 'cmake_force_configure' from command line to 'False'
[1.018s] Level 5:colcon.colcon_core.verb:set package 'stingray_control' build argument 'ament_cmake_args' from command line to 'None'
[1.018s] Level 5:colcon.colcon_core.verb:set package 'stingray_control' build argument 'catkin_cmake_args' from command line to 'None'
[1.018s] Level 5:colcon.colcon_core.verb:set package 'stingray_control' build argument 'catkin_skip_building_tests' from command line to 'False'
[1.018s] DEBUG:colcon.colcon_core.verb:Building package 'stingray_control' with the following arguments: {'ament_cmake_args': None, 'build_base': '/home/michael/Stingray_ws/src/build/stingray_control', 'catkin_cmake_args': None, 'catkin_skip_building_tests': False, 'cmake_args': None, 'cmake_clean_cache': False, 'cmake_clean_first': False, 'cmake_force_configure': False, 'cmake_target': None, 'cmake_target_skip_unavailable': False, 'install_base': '/home/michael/Stingray_ws/src/install/stingray_control', 'merge_install': False, 'path': '/home/michael/Stingray_ws/src/stingray_control', 'symlink_install': False, 'test_result_base': None}
[1.029s] INFO:colcon.colcon_core.executor:Executing jobs using 'parallel' executor
[1.044s] DEBUG:colcon.colcon_parallel_executor.executor.parallel:run_until_complete
[1.045s] INFO:colcon.colcon_ros.task.ament_cmake.build:Building ROS package in '/home/michael/Stingray_ws/src/stingray_msg' with build type 'ament_cmake'
[1.045s] INFO:colcon.colcon_cmake.task.cmake.build:Building CMake package in '/home/michael/Stingray_ws/src/stingray_msg'
[1.059s] INFO:colcon.colcon_core.plugin_system:Skipping extension 'colcon_core.shell.bat': Not used on non-Windows systems
[1.059s] INFO:colcon.colcon_core.shell:Skip shell extension 'powershell' for command environment: Not usable outside of PowerShell
[1.059s] DEBUG:colcon.colcon_core.shell:Skip shell extension 'dsv' for command environment
[1.120s] INFO:colcon.colcon_ros.task.ament_cmake.build:Building ROS package in '/home/michael/Stingray_ws/src/stingray_transform' with build type 'ament_cmake'
[1.120s] INFO:colcon.colcon_cmake.task.cmake.build:Building CMake package in '/home/michael/Stingray_ws/src/stingray_transform'
[1.133s] INFO:colcon.colcon_core.shell:Skip shell extension 'powershell' for command environment: Not usable outside of PowerShell
[1.133s] DEBUG:colcon.colcon_core.shell:Skip shell extension 'dsv' for command environment
[1.197s] DEBUG:colcon.colcon_core.event_handler.log_command:Invoking command in '/home/michael/Stingray_ws/src/build/stingray_msg': CMAKE_PREFIX_PATH=${CMAKE_PREFIX_PATH}:/home/michael/Stingray_ws/install/stingray_controll:/home/michael/ros2_ws/install/ardupilot_dds_tests:/home/michael/ros2_ws/install/ardupilot_msgs:/home/michael/colcon_ws/install/ardupilot_ros:/home/michael/colcon_ws/install/ardupilot_dds_tests:/opt/ros/humble /usr/bin/cmake --build /home/michael/Stingray_ws/src/build/stingray_msg -- -j8 -l8
[1.201s] DEBUG:colcon.colcon_core.event_handler.log_command:Invoking command in '/home/michael/Stingray_ws/src/build/stingray_transform': CMAKE_PREFIX_PATH=${CMAKE_PREFIX_PATH}:/home/michael/Stingray_ws/install/stingray_controll:/home/michael/ros2_ws/install/ardupilot_dds_tests:/home/michael/ros2_ws/install/ardupilot_msgs:/home/michael/colcon_ws/install/ardupilot_ros:/home/michael/colcon_ws/install/ardupilot_dds_tests:/opt/ros/humble /usr/bin/cmake /home/michael/Stingray_ws/src/stingray_transform -DCMAKE_INSTALL_PREFIX=/home/michael/Stingray_ws/src/install/stingray_transform
[1.232s] DEBUG:colcon.colcon_core.event_handler.log_command:Invoked command in '/home/michael/Stingray_ws/src/build/stingray_msg' returned '0': CMAKE_PREFIX_PATH=${CMAKE_PREFIX_PATH}:/home/michael/Stingray_ws/install/stingray_controll:/home/michael/ros2_ws/install/ardupilot_dds_tests:/home/michael/ros2_ws/install/ardupilot_msgs:/home/michael/colcon_ws/install/ardupilot_ros:/home/michael/colcon_ws/install/ardupilot_dds_tests:/opt/ros/humble /usr/bin/cmake --build /home/michael/Stingray_ws/src/build/stingray_msg -- -j8 -l8
[1.264s] DEBUG:colcon.colcon_core.event_handler.log_command:Invoking command in '/home/michael/Stingray_ws/src/build/stingray_msg': CMAKE_PREFIX_PATH=${CMAKE_PREFIX_PATH}:/home/michael/Stingray_ws/install/stingray_controll:/home/michael/ros2_ws/install/ardupilot_dds_tests:/home/michael/ros2_ws/install/ardupilot_msgs:/home/michael/colcon_ws/install/ardupilot_ros:/home/michael/colcon_ws/install/ardupilot_dds_tests:/opt/ros/humble /usr/bin/cmake --install /home/michael/Stingray_ws/src/build/stingray_msg
[1.273s] Level 1:colcon.colcon_core.environment:create_environment_scripts_only(stingray_msg)
[1.273s] DEBUG:colcon.colcon_core.event_handler.log_command:Invoked command in '/home/michael/Stingray_ws/src/build/stingray_msg' returned '0': CMAKE_PREFIX_PATH=${CMAKE_PREFIX_PATH}:/home/michael/Stingray_ws/install/stingray_controll:/home/michael/ros2_ws/install/ardupilot_dds_tests:/home/michael/ros2_ws/install/ardupilot_msgs:/home/michael/colcon_ws/install/ardupilot_ros:/home/michael/colcon_ws/install/ardupilot_dds_tests:/opt/ros/humble /usr/bin/cmake --install /home/michael/Stingray_ws/src/build/stingray_msg
[1.288s] Level 1:colcon.colcon_core.environment:checking '/home/michael/Stingray_ws/src/install/stingray_msg' for CMake module files
[1.288s] Level 1:colcon.colcon_core.environment:checking '/home/michael/Stingray_ws/src/install/stingray_msg' for CMake config files
[1.288s] Level 1:colcon.colcon_core.shell:create_environment_hook('stingray_msg', 'cmake_prefix_path')
[1.300s] INFO:colcon.colcon_core.shell:Creating environment hook '/home/michael/Stingray_ws/src/install/stingray_msg/share/stingray_msg/hook/cmake_prefix_path.ps1'
[1.301s] INFO:colcon.colcon_core.shell:Creating environment descriptor '/home/michael/Stingray_ws/src/install/stingray_msg/share/stingray_msg/hook/cmake_prefix_path.dsv'
[1.301s] INFO:colcon.colcon_core.shell:Creating environment hook '/home/michael/Stingray_ws/src/install/stingray_msg/share/stingray_msg/hook/cmake_prefix_path.sh'
[1.302s] Level 1:colcon.colcon_core.environment:checking '/home/michael/Stingray_ws/src/install/stingray_msg/bin'
[1.302s] Level 1:colcon.colcon_core.environment:checking '/home/michael/Stingray_ws/src/install/stingray_msg/lib/pkgconfig/stingray_msg.pc'
[1.302s] Level 1:colcon.colcon_core.environment:checking '/home/michael/Stingray_ws/src/install/stingray_msg/lib/python3.10/site-packages'
[1.302s] Level 1:colcon.colcon_core.environment:checking '/home/michael/Stingray_ws/src/install/stingray_msg/bin'
[1.315s] INFO:colcon.colcon_core.shell:Creating package script '/home/michael/Stingray_ws/src/install/stingray_msg/share/stingray_msg/package.ps1'
[1.316s] INFO:colcon.colcon_core.shell:Creating package descriptor '/home/michael/Stingray_ws/src/install/stingray_msg/share/stingray_msg/package.dsv'
[1.317s] INFO:colcon.colcon_core.shell:Creating package script '/home/michael/Stingray_ws/src/install/stingray_msg/share/stingray_msg/package.sh'
[1.317s] INFO:colcon.colcon_core.shell:Creating package script '/home/michael/Stingray_ws/src/install/stingray_msg/share/stingray_msg/package.bash'
[1.318s] INFO:colcon.colcon_core.shell:Creating package script '/home/michael/Stingray_ws/src/install/stingray_msg/share/stingray_msg/package.zsh'
[1.318s] Level 1:colcon.colcon_core.environment:create_file_with_runtime_dependencies(/home/michael/Stingray_ws/src/install/stingray_msg/share/colcon-core/packages/stingray_msg)
[1.353s] Level 1:colcon.colcon_core.environment:create_environment_scripts_only(stingray_msg)
[1.367s] Level 1:colcon.colcon_core.environment:checking '/home/michael/Stingray_ws/src/install/stingray_msg' for CMake module files
[1.367s] Level 1:colcon.colcon_core.environment:checking '/home/michael/Stingray_ws/src/install/stingray_msg' for CMake config files
[1.368s] Level 1:colcon.colcon_core.shell:create_environment_hook('stingray_msg', 'cmake_prefix_path')
[1.380s] INFO:colcon.colcon_core.shell:Creating environment hook '/home/michael/Stingray_ws/src/install/stingray_msg/share/stingray_msg/hook/cmake_prefix_path.ps1'
[1.380s] INFO:colcon.colcon_core.shell:Creating environment descriptor '/home/michael/Stingray_ws/src/install/stingray_msg/share/stingray_msg/hook/cmake_prefix_path.dsv'
[1.381s] INFO:colcon.colcon_core.shell:Creating environment hook '/home/michael/Stingray_ws/src/install/stingray_msg/share/stingray_msg/hook/cmake_prefix_path.sh'
[1.381s] Level 1:colcon.colcon_core.environment:checking '/home/michael/Stingray_ws/src/install/stingray_msg/bin'
[1.381s] Level 1:colcon.colcon_core.environment:checking '/home/michael/Stingray_ws/src/install/stingray_msg/lib/pkgconfig/stingray_msg.pc'
[1.381s] Level 1:colcon.colcon_core.environment:checking '/home/michael/Stingray_ws/src/install/stingray_msg/lib/python3.10/site-packages'
[1.381s] Level 1:colcon.colcon_core.environment:checking '/home/michael/Stingray_ws/src/install/stingray_msg/bin'
[1.394s] INFO:colcon.colcon_core.shell:Creating package script '/home/michael/Stingray_ws/src/install/stingray_msg/share/stingray_msg/package.ps1'
[1.394s] INFO:colcon.colcon_core.shell:Creating package descriptor '/home/michael/Stingray_ws/src/install/stingray_msg/share/stingray_msg/package.dsv'
[1.394s] INFO:colcon.colcon_core.shell:Creating package script '/home/michael/Stingray_ws/src/install/stingray_msg/share/stingray_msg/package.sh'
[1.395s] INFO:colcon.colcon_core.shell:Creating package script '/home/michael/Stingray_ws/src/install/stingray_msg/share/stingray_msg/package.bash'
[1.395s] INFO:colcon.colcon_core.shell:Creating package script '/home/michael/Stingray_ws/src/install/stingray_msg/share/stingray_msg/package.zsh'
[1.395s] Level 1:colcon.colcon_core.environment:create_file_with_runtime_dependencies(/home/michael/Stingray_ws/src/install/stingray_msg/share/colcon-core/packages/stingray_msg)
[1.396s] INFO:colcon.colcon_ros.task.ament_python.build:Building ROS package in '/home/michael/Stingray_ws/src/stingray_control' with build type 'ament_python'
[1.396s] Level 1:colcon.colcon_core.shell:create_environment_hook('stingray_control', 'ament_prefix_path')
[1.409s] INFO:colcon.colcon_core.shell:Creating environment hook '/home/michael/Stingray_ws/src/install/stingray_control/share/stingray_control/hook/ament_prefix_path.ps1'
[1.409s] INFO:colcon.colcon_core.shell:Creating environment descriptor '/home/michael/Stingray_ws/src/install/stingray_control/share/stingray_control/hook/ament_prefix_path.dsv'
[1.409s] INFO:colcon.colcon_core.shell:Creating environment hook '/home/michael/Stingray_ws/src/install/stingray_control/share/stingray_control/hook/ament_prefix_path.sh'
[1.422s] INFO:colcon.colcon_core.shell:Skip shell extension 'powershell' for command environment: Not usable outside of PowerShell
[1.422s] DEBUG:colcon.colcon_core.shell:Skip shell extension 'dsv' for command environment
[1.655s] INFO:colcon.colcon_core.task.python.build:Building Python package in '/home/michael/Stingray_ws/src/stingray_control'
[1.676s] INFO:colcon.colcon_core.shell:Skip shell extension 'powershell' for command environment: Not usable outside of PowerShell
[1.676s] DEBUG:colcon.colcon_core.shell:Skip shell extension 'dsv' for command environment
[1.960s] DEBUG:colcon.colcon_core.event_handler.log_command:Invoked command in '/home/michael/Stingray_ws/src/build/stingray_transform' returned '0': CMAKE_PREFIX_PATH=${CMAKE_PREFIX_PATH}:/home/michael/Stingray_ws/install/stingray_controll:/home/michael/ros2_ws/install/ardupilot_dds_tests:/home/michael/ros2_ws/install/ardupilot_msgs:/home/michael/colcon_ws/install/ardupilot_ros:/home/michael/colcon_ws/install/ardupilot_dds_tests:/opt/ros/humble /usr/bin/cmake /home/michael/Stingray_ws/src/stingray_transform -DCMAKE_INSTALL_PREFIX=/home/michael/Stingray_ws/src/install/stingray_transform
[1.961s] DEBUG:colcon.colcon_core.event_handler.log_command:Invoking command in '/home/michael/Stingray_ws/src/build/stingray_transform': CMAKE_PREFIX_PATH=${CMAKE_PREFIX_PATH}:/home/michael/Stingray_ws/install/stingray_controll:/home/michael/ros2_ws/install/ardupilot_dds_tests:/home/michael/ros2_ws/install/ardupilot_msgs:/home/michael/colcon_ws/install/ardupilot_ros:/home/michael/colcon_ws/install/ardupilot_dds_tests:/opt/ros/humble /usr/bin/cmake --build /home/michael/Stingray_ws/src/build/stingray_transform -- -j8 -l8
[1.994s] DEBUG:colcon.colcon_core.event_handler.log_command:Invoked command in '/home/michael/Stingray_ws/src/build/stingray_transform' returned '0': CMAKE_PREFIX_PATH=${CMAKE_PREFIX_PATH}:/home/michael/Stingray_ws/install/stingray_controll:/home/michael/ros2_ws/install/ardupilot_dds_tests:/home/michael/ros2_ws/install/ardupilot_msgs:/home/michael/colcon_ws/install/ardupilot_ros:/home/michael/colcon_ws/install/ardupilot_dds_tests:/opt/ros/humble /usr/bin/cmake --build /home/michael/Stingray_ws/src/build/stingray_transform -- -j8 -l8
[2.019s] DEBUG:colcon.colcon_core.event_handler.log_command:Invoking command in '/home/michael/Stingray_ws/src/build/stingray_transform': CMAKE_PREFIX_PATH=${CMAKE_PREFIX_PATH}:/home/michael/Stingray_ws/install/stingray_controll:/home/michael/ros2_ws/install/ardupilot_dds_tests:/home/michael/ros2_ws/install/ardupilot_msgs:/home/michael/colcon_ws/install/ardupilot_ros:/home/michael/colcon_ws/install/ardupilot_dds_tests:/opt/ros/humble /usr/bin/cmake --install /home/michael/Stingray_ws/src/build/stingray_transform
[2.029s] Level 1:colcon.colcon_core.environment:create_environment_scripts_only(stingray_transform)
[2.029s] DEBUG:colcon.colcon_core.event_handler.log_command:Invoked command in '/home/michael/Stingray_ws/src/build/stingray_transform' returned '0': CMAKE_PREFIX_PATH=${CMAKE_PREFIX_PATH}:/home/michael/Stingray_ws/install/stingray_controll:/home/michael/ros2_ws/install/ardupilot_dds_tests:/home/michael/ros2_ws/install/ardupilot_msgs:/home/michael/colcon_ws/install/ardupilot_ros:/home/michael/colcon_ws/install/ardupilot_dds_tests:/opt/ros/humble /usr/bin/cmake --install /home/michael/Stingray_ws/src/build/stingray_transform
[2.041s] Level 1:colcon.colcon_core.environment:checking '/home/michael/Stingray_ws/src/install/stingray_transform' for CMake module files
[2.042s] Level 1:colcon.colcon_core.environment:checking '/home/michael/Stingray_ws/src/install/stingray_transform' for CMake config files
[2.042s] Level 1:colcon.colcon_core.shell:create_environment_hook('stingray_transform', 'cmake_prefix_path')
[2.054s] INFO:colcon.colcon_core.shell:Creating environment hook '/home/michael/Stingray_ws/src/install/stingray_transform/share/stingray_transform/hook/cmake_prefix_path.ps1'
[2.054s] INFO:colcon.colcon_core.shell:Creating environment descriptor '/home/michael/Stingray_ws/src/install/stingray_transform/share/stingray_transform/hook/cmake_prefix_path.dsv'
[2.055s] INFO:colcon.colcon_core.shell:Creating environment hook '/home/michael/Stingray_ws/src/install/stingray_transform/share/stingray_transform/hook/cmake_prefix_path.sh'
[2.055s] Level 1:colcon.colcon_core.environment:checking '/home/michael/Stingray_ws/src/install/stingray_transform/bin'
[2.055s] Level 1:colcon.colcon_core.environment:checking '/home/michael/Stingray_ws/src/install/stingray_transform/lib/pkgconfig/stingray_transform.pc'
[2.056s] Level 1:colcon.colcon_core.environment:checking '/home/michael/Stingray_ws/src/install/stingray_transform/lib/python3.10/site-packages'
[2.056s] Level 1:colcon.colcon_core.environment:checking '/home/michael/Stingray_ws/src/install/stingray_transform/bin'
[2.069s] INFO:colcon.colcon_core.shell:Creating package script '/home/michael/Stingray_ws/src/install/stingray_transform/share/stingray_transform/package.ps1'
[2.069s] INFO:colcon.colcon_core.shell:Creating package descriptor '/home/michael/Stingray_ws/src/install/stingray_transform/share/stingray_transform/package.dsv'
[2.070s] INFO:colcon.colcon_core.shell:Creating package script '/home/michael/Stingray_ws/src/install/stingray_transform/share/stingray_transform/package.sh'
[2.070s] INFO:colcon.colcon_core.shell:Creating package script '/home/michael/Stingray_ws/src/install/stingray_transform/share/stingray_transform/package.bash'
[2.070s] INFO:colcon.colcon_core.shell:Creating package script '/home/michael/Stingray_ws/src/install/stingray_transform/share/stingray_transform/package.zsh'
[2.070s] Level 1:colcon.colcon_core.environment:create_file_with_runtime_dependencies(/home/michael/Stingray_ws/src/install/stingray_transform/share/colcon-core/packages/stingray_transform)
[2.105s] Level 1:colcon.colcon_core.environment:create_environment_scripts_only(stingray_transform)
[2.117s] Level 1:colcon.colcon_core.environment:checking '/home/michael/Stingray_ws/src/install/stingray_transform' for CMake module files
[2.117s] Level 1:colcon.colcon_core.environment:checking '/home/michael/Stingray_ws/src/install/stingray_transform' for CMake config files
[2.117s] Level 1:colcon.colcon_core.shell:create_environment_hook('stingray_transform', 'cmake_prefix_path')
[2.133s] INFO:colcon.colcon_core.shell:Creating environment hook '/home/michael/Stingray_ws/src/install/stingray_transform/share/stingray_transform/hook/cmake_prefix_path.ps1'
[2.133s] INFO:colcon.colcon_core.shell:Creating environment descriptor '/home/michael/Stingray_ws/src/install/stingray_transform/share/stingray_transform/hook/cmake_prefix_path.dsv'
[2.133s] INFO:colcon.colcon_core.shell:Creating environment hook '/home/michael/Stingray_ws/src/install/stingray_transform/share/stingray_transform/hook/cmake_prefix_path.sh'
[2.134s] Level 1:colcon.colcon_core.environment:checking '/home/michael/Stingray_ws/src/install/stingray_transform/bin'
[2.134s] Level 1:colcon.colcon_core.environment:checking '/home/michael/Stingray_ws/src/install/stingray_transform/lib/pkgconfig/stingray_transform.pc'
[2.134s] Level 1:colcon.colcon_core.environment:checking '/home/michael/Stingray_ws/src/install/stingray_transform/lib/python3.10/site-packages'
[2.134s] Level 1:colcon.colcon_core.environment:checking '/home/michael/Stingray_ws/src/install/stingray_transform/bin'
[2.149s] INFO:colcon.colcon_core.shell:Creating package script '/home/michael/Stingray_ws/src/install/stingray_transform/share/stingray_transform/package.ps1'
[2.149s] INFO:colcon.colcon_core.shell:Creating package descriptor '/home/michael/Stingray_ws/src/install/stingray_transform/share/stingray_transform/package.dsv'
[2.150s] INFO:colcon.colcon_core.shell:Creating package script '/home/michael/Stingray_ws/src/install/stingray_transform/share/stingray_transform/package.sh'
[2.150s] INFO:colcon.colcon_core.shell:Creating package script '/home/michael/Stingray_ws/src/install/stingray_transform/share/stingray_transform/package.bash'
[2.150s] INFO:colcon.colcon_core.shell:Creating package script '/home/michael/Stingray_ws/src/install/stingray_transform/share/stingray_transform/package.zsh'
[2.150s] Level 1:colcon.colcon_core.environment:create_file_with_runtime_dependencies(/home/michael/Stingray_ws/src/install/stingray_transform/share/colcon-core/packages/stingray_transform)
[2.211s] DEBUG:colcon.colcon_core.event_handler.log_command:Invoking command in '/home/michael/Stingray_ws/src/stingray_control': AMENT_PREFIX_PATH=/home/michael/Stingray_ws/src/install/stingray_msg:${AMENT_PREFIX_PATH} CMAKE_PREFIX_PATH=/home/michael/Stingray_ws/src/install/stingray_msg:${CMAKE_PREFIX_PATH} PYTHONPATH=/home/michael/Stingray_ws/src/build/stingray_control/prefix_override:/home/michael/Stingray_ws/src/install/stingray_control/lib/python3.10/site-packages:${PYTHONPATH} /usr/bin/python3 setup.py egg_info --egg-base ../build/stingray_control build --build-base /home/michael/Stingray_ws/src/build/stingray_control/build install --record /home/michael/Stingray_ws/src/build/stingray_control/install.log --single-version-externally-managed
[2.589s] DEBUG:colcon.colcon_core.event_handler.log_command:Invoked command in '/home/michael/Stingray_ws/src/stingray_control' returned '0': AMENT_PREFIX_PATH=/home/michael/Stingray_ws/src/install/stingray_msg:${AMENT_PREFIX_PATH} CMAKE_PREFIX_PATH=/home/michael/Stingray_ws/src/install/stingray_msg:${CMAKE_PREFIX_PATH} PYTHONPATH=/home/michael/Stingray_ws/src/build/stingray_control/prefix_override:/home/michael/Stingray_ws/src/install/stingray_control/lib/python3.10/site-packages:${PYTHONPATH} /usr/bin/python3 setup.py egg_info --egg-base ../build/stingray_control build --build-base /home/michael/Stingray_ws/src/build/stingray_control/build install --record /home/michael/Stingray_ws/src/build/stingray_control/install.log --single-version-externally-managed
[2.600s] Level 1:colcon.colcon_core.environment:checking '/home/michael/Stingray_ws/src/install/stingray_control' for CMake module files
[2.601s] Level 1:colcon.colcon_core.environment:checking '/home/michael/Stingray_ws/src/install/stingray_control' for CMake config files
[2.601s] Level 1:colcon.colcon_core.environment:checking '/home/michael/Stingray_ws/src/install/stingray_control/lib'
[2.601s] Level 1:colcon.colcon_core.environment:checking '/home/michael/Stingray_ws/src/install/stingray_control/bin'
[2.601s] Level 1:colcon.colcon_core.environment:checking '/home/michael/Stingray_ws/src/install/stingray_control/lib/pkgconfig/stingray_control.pc'
[2.601s] Level 1:colcon.colcon_core.environment:checking '/home/michael/Stingray_ws/src/install/stingray_control/lib/python3.10/site-packages'
[2.601s] Level 1:colcon.colcon_core.shell:create_environment_hook('stingray_control', 'pythonpath')
[2.612s] INFO:colcon.colcon_core.shell:Creating environment hook '/home/michael/Stingray_ws/src/install/stingray_control/share/stingray_control/hook/pythonpath.ps1'
[2.613s] INFO:colcon.colcon_core.shell:Creating environment descriptor '/home/michael/Stingray_ws/src/install/stingray_control/share/stingray_control/hook/pythonpath.dsv'
[2.613s] INFO:colcon.colcon_core.shell:Creating environment hook '/home/michael/Stingray_ws/src/install/stingray_control/share/stingray_control/hook/pythonpath.sh'
[2.613s] Level 1:colcon.colcon_core.environment:checking '/home/michael/Stingray_ws/src/install/stingray_control/bin'
[2.613s] Level 1:colcon.colcon_core.environment:create_environment_scripts_only(stingray_control)
[2.625s] INFO:colcon.colcon_core.shell:Creating package script '/home/michael/Stingray_ws/src/install/stingray_control/share/stingray_control/package.ps1'
[2.625s] INFO:colcon.colcon_core.shell:Creating package descriptor '/home/michael/Stingray_ws/src/install/stingray_control/share/stingray_control/package.dsv'
[2.626s] INFO:colcon.colcon_core.shell:Creating package script '/home/michael/Stingray_ws/src/install/stingray_control/share/stingray_control/package.sh'
[2.626s] INFO:colcon.colcon_core.shell:Creating package script '/home/michael/Stingray_ws/src/install/stingray_control/share/stingray_control/package.bash'
[2.626s] INFO:colcon.colcon_core.shell:Creating package script '/home/michael/Stingray_ws/src/install/stingray_control/share/stingray_control/package.zsh'
[2.626s] Level 1:colcon.colcon_core.environment:create_file_with_runtime_dependencies(/home/michael/Stingray_ws/src/install/stingray_control/share/colcon-core/packages/stingray_control)
[2.626s] DEBUG:colcon.colcon_parallel_executor.executor.parallel:closing loop
[2.627s] DEBUG:colcon.colcon_parallel_executor.executor.parallel:loop closed
[2.627s] DEBUG:colcon.colcon_parallel_executor.executor.parallel:run_until_complete finished with '0'
[2.627s] DEBUG:colcon.colcon_core.event_reactor:joining thread
[2.643s] INFO:colcon.colcon_core.plugin_system:Skipping extension 'colcon_notification.desktop_notification.terminal_notifier': Not used on non-Darwin systems
[2.643s] INFO:colcon.colcon_core.plugin_system:Skipping extension 'colcon_notification.desktop_notification.win32': Not used on non-Windows systems
[2.643s] INFO:colcon.colcon_notification.desktop_notification:Sending desktop notification using 'notify2'
[2.651s] DEBUG:colcon.colcon_core.event_reactor:joined thread
[2.664s] INFO:colcon.colcon_core.shell:Creating prefix script '/home/michael/Stingray_ws/src/install/local_setup.ps1'
[2.665s] INFO:colcon.colcon_core.shell:Creating prefix util module '/home/michael/Stingray_ws/src/install/_local_setup_util_ps1.py'
[2.666s] INFO:colcon.colcon_core.shell:Creating prefix chain script '/home/michael/Stingray_ws/src/install/setup.ps1'
[2.678s] INFO:colcon.colcon_core.shell:Creating prefix script '/home/michael/Stingray_ws/src/install/local_setup.sh'
[2.679s] INFO:colcon.colcon_core.shell:Creating prefix util module '/home/michael/Stingray_ws/src/install/_local_setup_util_sh.py'
[2.679s] INFO:colcon.colcon_core.shell:Creating prefix chain script '/home/michael/Stingray_ws/src/install/setup.sh'
[2.693s] INFO:colcon.colcon_core.shell:Creating prefix script '/home/michael/Stingray_ws/src/install/local_setup.bash'
[2.694s] INFO:colcon.colcon_core.shell:Creating prefix chain script '/home/michael/Stingray_ws/src/install/setup.bash'
[2.706s] INFO:colcon.colcon_core.shell:Creating prefix script '/home/michael/Stingray_ws/src/install/local_setup.zsh'
[2.707s] INFO:colcon.colcon_core.shell:Creating prefix chain script '/home/michael/Stingray_ws/src/install/setup.zsh'
