[0.813s] Invoking command in '/home/michael/Stingray_ws/src/stingray_control': PYTHONPATH=/home/michael/Stingray_ws/src/build/stingray_control/prefix_override:/home/michael/Stingray_ws/src/install/stingray_control/lib/python3.10/site-packages:${PYTHONPATH} /usr/bin/python3 setup.py egg_info --egg-base ../build/stingray_control build --build-base /home/michael/Stingray_ws/src/build/stingray_control/build install --record /home/michael/Stingray_ws/src/build/stingray_control/install.log --single-version-externally-managed
[0.978s] running egg_info
[0.988s] writing ../build/stingray_control/stingray_control.egg-info/PKG-INFO
[0.989s] writing dependency_links to ../build/stingray_control/stingray_control.egg-info/dependency_links.txt
[0.989s] writing requirements to ../build/stingray_control/stingray_control.egg-info/requires.txt
[0.989s] writing top-level names to ../build/stingray_control/stingray_control.egg-info/top_level.txt
[1.012s] reading manifest file '../build/stingray_control/stingray_control.egg-info/SOURCES.txt'
[1.012s] writing manifest file '../build/stingray_control/stingray_control.egg-info/SOURCES.txt'
[1.012s] running build
[1.012s] running build_py
[1.012s] copying stingray_control/ControlDataNode.py -> /home/michael/Stingray_ws/src/build/stingray_control/build/lib/stingray_control
[1.013s] copying stingray_control/__init__.py -> /home/michael/Stingray_ws/src/build/stingray_control/build/lib/stingray_control
[1.013s] running install
[1.013s] /home/michael/.local/lib/python3.10/site-packages/setuptools/_distutils/cmd.py:66: SetuptoolsDeprecationWarning: setup.py install is deprecated.
[1.013s] !!
[1.013s] 
[1.013s]         ********************************************************************************
[1.013s]         Please avoid running ``setup.py`` directly.
[1.013s]         Instead, use pypa/build, pypa/installer or other
[1.013s]         standards-based tools.
[1.013s] 
[1.013s]         See https://blog.ganssle.io/articles/2021/10/setup-py-deprecated.html for details.
[1.013s]         ********************************************************************************
[1.013s] 
[1.013s] !!
[1.013s]   self.initialize_options()
[1.017s] running install_lib
[1.029s] copying /home/michael/Stingray_ws/src/build/stingray_control/build/lib/stingray_control/ControlDataNode.py -> /home/michael/Stingray_ws/src/install/stingray_control/lib/python3.10/site-packages/stingray_control
[1.029s] byte-compiling /home/michael/Stingray_ws/src/install/stingray_control/lib/python3.10/site-packages/stingray_control/ControlDataNode.py to ControlDataNode.cpython-310.pyc
[1.029s] running install_data
[1.043s] copying resource/stingray_control -> /home/michael/Stingray_ws/src/install/stingray_control/share/ament_index/resource_index/packages
[1.043s] copying package.xml -> /home/michael/Stingray_ws/src/install/stingray_control/share/stingray_control
[1.043s] running install_egg_info
[1.055s] removing '/home/michael/Stingray_ws/src/install/stingray_control/lib/python3.10/site-packages/stingray_control-0.0.0-py3.10.egg-info' (and everything under it)
[1.055s] Copying ../build/stingray_control/stingray_control.egg-info to /home/michael/Stingray_ws/src/install/stingray_control/lib/python3.10/site-packages/stingray_control-0.0.0-py3.10.egg-info
[1.056s] running install_scripts
[1.163s] writing list of installed files to '/home/michael/Stingray_ws/src/build/stingray_control/install.log'
[1.184s] Invoked command in '/home/michael/Stingray_ws/src/stingray_control' returned '0': PYTHONPATH=/home/michael/Stingray_ws/src/build/stingray_control/prefix_override:/home/michael/Stingray_ws/src/install/stingray_control/lib/python3.10/site-packages:${PYTHONPATH} /usr/bin/python3 setup.py egg_info --egg-base ../build/stingray_control build --build-base /home/michael/Stingray_ws/src/build/stingray_control/build install --record /home/michael/Stingray_ws/src/build/stingray_control/install.log --single-version-externally-managed
