[0.865s] Invoking command in '/home/michael/Stingray_ws/src/stingray_control': PYTHONPATH=/home/michael/Stingray_ws/src/build/stingray_control/prefix_override:/home/michael/Stingray_ws/src/install/stingray_control/lib/python3.10/site-packages:${PYTHONPATH} /usr/bin/python3 setup.py egg_info --egg-base ../build/stingray_control build --build-base /home/michael/Stingray_ws/src/build/stingray_control/build install --record /home/michael/Stingray_ws/src/build/stingray_control/install.log --single-version-externally-managed
[1.037s] running egg_info
[1.049s] writing ../build/stingray_control/stingray_control.egg-info/PKG-INFO
[1.049s] writing dependency_links to ../build/stingray_control/stingray_control.egg-info/dependency_links.txt
[1.049s] writing entry points to ../build/stingray_control/stingray_control.egg-info/entry_points.txt
[1.050s] writing requirements to ../build/stingray_control/stingray_control.egg-info/requires.txt
[1.050s] writing top-level names to ../build/stingray_control/stingray_control.egg-info/top_level.txt
[1.074s] reading manifest file '../build/stingray_control/stingray_control.egg-info/SOURCES.txt'
[1.074s] writing manifest file '../build/stingray_control/stingray_control.egg-info/SOURCES.txt'
[1.074s] running build
[1.074s] running build_py
[1.075s] copying stingray_control/ControlDataNode.py -> /home/michael/Stingray_ws/src/build/stingray_control/build/lib/stingray_control
[1.075s] copying stingray_control/__init__.py -> /home/michael/Stingray_ws/src/build/stingray_control/build/lib/stingray_control
[1.075s] running install
[1.075s] /home/michael/.local/lib/python3.10/site-packages/setuptools/_distutils/cmd.py:66: SetuptoolsDeprecationWarning: setup.py install is deprecated.
[1.075s] !!
[1.075s] 
[1.075s]         ********************************************************************************
[1.075s]         Please avoid running ``setup.py`` directly.
[1.075s]         Instead, use pypa/build, pypa/installer or other
[1.076s]         standards-based tools.
[1.076s] 
[1.076s]         See https://blog.ganssle.io/articles/2021/10/setup-py-deprecated.html for details.
[1.076s]         ********************************************************************************
[1.076s] 
[1.076s] !!
[1.076s]   self.initialize_options()
[1.080s] running install_lib
[1.092s] running install_data
[1.104s] copying resource/stingray_control -> /home/michael/Stingray_ws/src/install/stingray_control/share/ament_index/resource_index/packages
[1.104s] copying package.xml -> /home/michael/Stingray_ws/src/install/stingray_control/share/stingray_control
[1.104s] running install_egg_info
[1.117s] removing '/home/michael/Stingray_ws/src/install/stingray_control/lib/python3.10/site-packages/stingray_control-0.0.0-py3.10.egg-info' (and everything under it)
[1.117s] Copying ../build/stingray_control/stingray_control.egg-info to /home/michael/Stingray_ws/src/install/stingray_control/lib/python3.10/site-packages/stingray_control-0.0.0-py3.10.egg-info
[1.117s] running install_scripts
[1.231s] Installing ControlData script to /home/michael/Stingray_ws/src/install/stingray_control/lib/stingray_control
[1.232s] writing list of installed files to '/home/michael/Stingray_ws/src/build/stingray_control/install.log'
[1.255s] Invoked command in '/home/michael/Stingray_ws/src/stingray_control' returned '0': PYTHONPATH=/home/michael/Stingray_ws/src/build/stingray_control/prefix_override:/home/michael/Stingray_ws/src/install/stingray_control/lib/python3.10/site-packages:${PYTHONPATH} /usr/bin/python3 setup.py egg_info --egg-base ../build/stingray_control build --build-base /home/michael/Stingray_ws/src/build/stingray_control/build install --record /home/michael/Stingray_ws/src/build/stingray_control/install.log --single-version-externally-managed
