[0.010s] Invoking command in '/home/michael/Stingray1_ws/build/stingray_msg': CMAKE_PREFIX_PATH=${CMAKE_PREFIX_PATH}:/home/michael/ros2_ws/install/ardupilot_dds_tests:/home/michael/ros2_ws/install/ardupilot_msgs:/home/michael/colcon_ws/install/ardupilot_ros:/home/michael/colcon_ws/install/ardupilot_dds_tests:/opt/ros/humble /usr/bin/cmake /home/michael/Stingray1_ws/src/stingray_msg -DCMAKE_INSTALL_PREFIX=/home/michael/Stingray1_ws/install/stingray_msg
[0.061s] -- The C compiler identification is GNU 11.4.0
[0.116s] -- The CXX compiler identification is GNU 11.4.0
[0.125s] -- Detecting C compiler ABI info
[0.182s] -- Detecting C compiler ABI info - done
[0.189s] -- Check for working C compiler: /usr/lib/ccache/cc - skipped
[0.189s] -- Detecting C compile features
[0.190s] -- Detecting C compile features - done
[0.192s] -- Detecting CXX compiler ABI info
[0.258s] -- Detecting CXX compiler ABI info - done
[0.265s] -- Check for working CXX compiler: /usr/lib/ccache/c++ - skipped
[0.265s] -- Detecting CXX compile features
[0.265s] -- Detecting CXX compile features - done
[0.271s] -- Found ament_cmake: 1.3.8 (/opt/ros/humble/share/ament_cmake/cmake)
[0.424s] -- Found Python3: /usr/bin/python3 (found version "3.10.12") found components: Interpreter 
[0.541s] -- Found geometry_msgs: 4.2.3 (/opt/ros/humble/share/geometry_msgs/cmake)
[0.600s] -- Found rosidl_generator_c: 3.1.5 (/opt/ros/humble/share/rosidl_generator_c/cmake)
[0.610s] -- Found rosidl_adapter: 3.1.5 (/opt/ros/humble/share/rosidl_adapter/cmake)
[0.622s] -- Found rosidl_generator_cpp: 3.1.5 (/opt/ros/humble/share/rosidl_generator_cpp/cmake)
[0.640s] -- Using all available rosidl_typesupport_c: rosidl_typesupport_fastrtps_c;rosidl_typesupport_introspection_c
[0.665s] -- Using all available rosidl_typesupport_cpp: rosidl_typesupport_fastrtps_cpp;rosidl_typesupport_introspection_cpp
[0.770s] -- Found rosidl_default_generators: 1.2.0 (/opt/ros/humble/share/rosidl_default_generators/cmake)
[1.069s] -- Found ament_cmake_ros: 0.10.0 (/opt/ros/humble/share/ament_cmake_ros/cmake)
[1.584s] -- Using all available rosidl_typesupport_c: rosidl_typesupport_fastrtps_c;rosidl_typesupport_introspection_c
[1.783s] -- Using all available rosidl_typesupport_cpp: rosidl_typesupport_fastrtps_cpp;rosidl_typesupport_introspection_cpp
[1.814s] -- Found PythonInterp: /usr/bin/python3 (found suitable version "3.10.12", minimum required is "3.6") 
[1.820s] -- Found python_cmake_module: 0.10.0 (/opt/ros/humble/share/python_cmake_module/cmake)
[1.856s] -- Found PythonLibs: /usr/lib/x86_64-linux-gnu/libpython3.10.so (found suitable version "3.10.12", minimum required is "3.5") 
[1.856s] -- Using PYTHON_EXECUTABLE: /usr/bin/python3
[1.856s] -- Using PYTHON_INCLUDE_DIRS: /usr/include/python3.10
[1.856s] -- Using PYTHON_LIBRARIES: /usr/lib/x86_64-linux-gnu/libpython3.10.so
[1.884s] -- Found PythonExtra: .so  
[1.984s] -- Found ament_lint_auto: 0.12.10 (/opt/ros/humble/share/ament_lint_auto/cmake)
[2.033s] -- Added test 'lint_cmake' to check CMake code style
[2.035s] -- Added test 'xmllint' to check XML markup files
[2.039s] -- Configuring done
[2.071s] -- Generating done
[2.074s] -- Build files have been written to: /home/michael/Stingray1_ws/build/stingray_msg
[2.083s] Invoked command in '/home/michael/Stingray1_ws/build/stingray_msg' returned '0': CMAKE_PREFIX_PATH=${CMAKE_PREFIX_PATH}:/home/michael/ros2_ws/install/ardupilot_dds_tests:/home/michael/ros2_ws/install/ardupilot_msgs:/home/michael/colcon_ws/install/ardupilot_ros:/home/michael/colcon_ws/install/ardupilot_dds_tests:/opt/ros/humble /usr/bin/cmake /home/michael/Stingray1_ws/src/stingray_msg -DCMAKE_INSTALL_PREFIX=/home/michael/Stingray1_ws/install/stingray_msg
[2.085s] Invoking command in '/home/michael/Stingray1_ws/build/stingray_msg': CMAKE_PREFIX_PATH=${CMAKE_PREFIX_PATH}:/home/michael/ros2_ws/install/ardupilot_dds_tests:/home/michael/ros2_ws/install/ardupilot_msgs:/home/michael/colcon_ws/install/ardupilot_ros:/home/michael/colcon_ws/install/ardupilot_dds_tests:/opt/ros/humble /usr/bin/cmake --build /home/michael/Stingray1_ws/build/stingray_msg -- -j8 -l8
[2.138s] [  3%] [34m[1mGenerating C code for ROS interfaces[0m
[2.152s] [  6%] [34m[1mGenerating C++ code for ROS interfaces[0m
[2.163s] [  6%] Built target ament_cmake_python_copy_stingray_msg
[2.508s] running egg_info
[2.509s] creating stingray_msg.egg-info
[2.509s] writing stingray_msg.egg-info/PKG-INFO
[2.509s] writing dependency_links to stingray_msg.egg-info/dependency_links.txt
[2.509s] writing top-level names to stingray_msg.egg-info/top_level.txt
[2.510s] writing manifest file 'stingray_msg.egg-info/SOURCES.txt'
[2.512s] reading manifest file 'stingray_msg.egg-info/SOURCES.txt'
[2.513s] writing manifest file 'stingray_msg.egg-info/SOURCES.txt'
[2.544s] [  6%] Built target ament_cmake_python_build_stingray_msg_egg
[2.617s] [  6%] Built target stingray_msg__cpp
[2.627s] [  9%] [32mBuilding C object CMakeFiles/stingray_msg__rosidl_generator_c.dir/rosidl_generator_c/stingray_msg/msg/detail/stingray_control__functions.c.o[0m
[2.633s] [ 12%] [34m[1mGenerating C++ introspection for ROS interfaces[0m
[2.633s] [ 16%] [34m[1mGenerating C++ type support for eProsima Fast-RTPS[0m
[2.638s] [ 19%] [34m[1mGenerating C++ type support dispatch for ROS interfaces[0m
[2.712s] [ 22%] [32m[1mLinking C shared library libstingray_msg__rosidl_generator_c.so[0m
[2.762s] [ 22%] Built target stingray_msg__rosidl_generator_c
[2.781s] [ 25%] [34m[1mGenerating C type support for eProsima Fast-RTPS[0m
[2.783s] [ 29%] [34m[1mGenerating C type support dispatch for ROS interfaces[0m
[2.785s] [ 32%] [34m[1mGenerating C introspection for ROS interfaces[0m
[3.182s] [ 35%] [32mBuilding CXX object CMakeFiles/stingray_msg__rosidl_typesupport_fastrtps_cpp.dir/rosidl_typesupport_fastrtps_cpp/stingray_msg/msg/detail/dds_fastrtps/stingray_control__type_support.cpp.o[0m
[3.426s] [ 38%] [32mBuilding CXX object CMakeFiles/stingray_msg__rosidl_typesupport_cpp.dir/rosidl_typesupport_cpp/stingray_msg/msg/stingray_control__type_support.cpp.o[0m
[3.441s] [ 41%] [32mBuilding CXX object CMakeFiles/stingray_msg__rosidl_typesupport_fastrtps_c.dir/rosidl_typesupport_fastrtps_c/stingray_msg/msg/detail/stingray_control__type_support_c.cpp.o[0m
[3.448s] [ 45%] [32mBuilding CXX object CMakeFiles/stingray_msg__rosidl_typesupport_introspection_cpp.dir/rosidl_typesupport_introspection_cpp/stingray_msg/msg/detail/stingray_control__type_support.cpp.o[0m
[3.573s] [ 48%] [32mBuilding CXX object CMakeFiles/stingray_msg__rosidl_typesupport_c.dir/rosidl_typesupport_c/stingray_msg/msg/stingray_control__type_support.cpp.o[0m
[3.612s] [ 51%] [32mBuilding C object CMakeFiles/stingray_msg__rosidl_typesupport_introspection_c.dir/rosidl_typesupport_introspection_c/stingray_msg/msg/detail/stingray_control__type_support.c.o[0m
[3.649s] [ 54%] [32m[1mLinking CXX shared library libstingray_msg__rosidl_typesupport_c.so[0m
[3.712s] [ 58%] [32m[1mLinking C shared library libstingray_msg__rosidl_typesupport_introspection_c.so[0m
[3.712s] [ 58%] Built target stingray_msg__rosidl_typesupport_c
[3.782s] [ 58%] Built target stingray_msg__rosidl_typesupport_introspection_c
[3.919s] [ 61%] [32m[1mLinking CXX shared library libstingray_msg__rosidl_typesupport_cpp.so[0m
[3.974s] [ 64%] [32m[1mLinking CXX shared library libstingray_msg__rosidl_typesupport_fastrtps_cpp.so[0m
[3.979s] [ 64%] Built target stingray_msg__rosidl_typesupport_cpp
[4.034s] [ 67%] [32m[1mLinking CXX shared library libstingray_msg__rosidl_typesupport_fastrtps_c.so[0m
[4.072s] [ 67%] Built target stingray_msg__rosidl_typesupport_fastrtps_cpp
[4.131s] [ 67%] Built target stingray_msg__rosidl_typesupport_fastrtps_c
[4.164s] [ 70%] [32m[1mLinking CXX shared library libstingray_msg__rosidl_typesupport_introspection_cpp.so[0m
[4.217s] [ 70%] Built target stingray_msg__rosidl_typesupport_introspection_cpp
[4.246s] [ 70%] Built target stingray_msg
[4.275s] [ 74%] [34m[1mGenerating Python code for ROS interfaces[0m
[4.978s] [ 74%] Built target stingray_msg__py
[5.007s] [ 77%] [32mBuilding C object CMakeFiles/stingray_msg__rosidl_generator_py.dir/rosidl_generator_py/stingray_msg/msg/_stingray_control_s.c.o[0m
[5.225s] [ 80%] [32m[1mLinking C shared library rosidl_generator_py/stingray_msg/libstingray_msg__rosidl_generator_py.so[0m
[5.280s] [ 80%] Built target stingray_msg__rosidl_generator_py
[5.310s] [ 83%] [32mBuilding C object CMakeFiles/stingray_msg__rosidl_typesupport_c__pyext.dir/rosidl_generator_py/stingray_msg/_stingray_msg_s.ep.rosidl_typesupport_c.c.o[0m
[5.310s] [ 87%] [32mBuilding C object CMakeFiles/stingray_msg__rosidl_typesupport_fastrtps_c__pyext.dir/rosidl_generator_py/stingray_msg/_stingray_msg_s.ep.rosidl_typesupport_fastrtps_c.c.o[0m
[5.322s] [ 90%] [32mBuilding C object CMakeFiles/stingray_msg__rosidl_typesupport_introspection_c__pyext.dir/rosidl_generator_py/stingray_msg/_stingray_msg_s.ep.rosidl_typesupport_introspection_c.c.o[0m
[5.509s] [ 93%] [32m[1mLinking C shared library rosidl_generator_py/stingray_msg/stingray_msg_s__rosidl_typesupport_fastrtps_c.cpython-310-x86_64-linux-gnu.so[0m
[5.527s] [ 96%] [32m[1mLinking C shared library rosidl_generator_py/stingray_msg/stingray_msg_s__rosidl_typesupport_c.cpython-310-x86_64-linux-gnu.so[0m
[5.568s] [ 96%] Built target stingray_msg__rosidl_typesupport_fastrtps_c__pyext
[5.607s] [ 96%] Built target stingray_msg__rosidl_typesupport_c__pyext
[5.617s] [100%] [32m[1mLinking C shared library rosidl_generator_py/stingray_msg/stingray_msg_s__rosidl_typesupport_introspection_c.cpython-310-x86_64-linux-gnu.so[0m
[5.670s] [100%] Built target stingray_msg__rosidl_typesupport_introspection_c__pyext
[5.684s] Invoked command in '/home/michael/Stingray1_ws/build/stingray_msg' returned '0': CMAKE_PREFIX_PATH=${CMAKE_PREFIX_PATH}:/home/michael/ros2_ws/install/ardupilot_dds_tests:/home/michael/ros2_ws/install/ardupilot_msgs:/home/michael/colcon_ws/install/ardupilot_ros:/home/michael/colcon_ws/install/ardupilot_dds_tests:/opt/ros/humble /usr/bin/cmake --build /home/michael/Stingray1_ws/build/stingray_msg -- -j8 -l8
[5.800s] Invoking command in '/home/michael/Stingray1_ws/build/stingray_msg': CMAKE_PREFIX_PATH=${CMAKE_PREFIX_PATH}:/home/michael/ros2_ws/install/ardupilot_dds_tests:/home/michael/ros2_ws/install/ardupilot_msgs:/home/michael/colcon_ws/install/ardupilot_ros:/home/michael/colcon_ws/install/ardupilot_dds_tests:/opt/ros/humble /usr/bin/cmake --install /home/michael/Stingray1_ws/build/stingray_msg
[5.810s] -- Install configuration: ""
[5.811s] -- Installing: /home/michael/Stingray1_ws/install/stingray_msg/share/ament_index/resource_index/rosidl_interfaces/stingray_msg
[5.811s] -- Installing: /home/michael/Stingray1_ws/install/stingray_msg/include/stingray_msg/stingray_msg
[5.811s] -- Installing: /home/michael/Stingray1_ws/install/stingray_msg/include/stingray_msg/stingray_msg/msg
[5.811s] -- Installing: /home/michael/Stingray1_ws/install/stingray_msg/include/stingray_msg/stingray_msg/msg/detail
[5.811s] -- Installing: /home/michael/Stingray1_ws/install/stingray_msg/include/stingray_msg/stingray_msg/msg/detail/stingray_control__struct.h
[5.811s] -- Installing: /home/michael/Stingray1_ws/install/stingray_msg/include/stingray_msg/stingray_msg/msg/detail/stingray_control__functions.h
[5.811s] -- Installing: /home/michael/Stingray1_ws/install/stingray_msg/include/stingray_msg/stingray_msg/msg/detail/stingray_control__functions.c
[5.811s] -- Installing: /home/michael/Stingray1_ws/install/stingray_msg/include/stingray_msg/stingray_msg/msg/detail/stingray_control__type_support.h
[5.811s] -- Installing: /home/michael/Stingray1_ws/install/stingray_msg/include/stingray_msg/stingray_msg/msg/stingray_control.h
[5.811s] -- Installing: /home/michael/Stingray1_ws/install/stingray_msg/include/stingray_msg/stingray_msg/msg/rosidl_generator_c__visibility_control.h
[5.812s] -- Installing: /home/michael/Stingray1_ws/install/stingray_msg/share/stingray_msg/environment/library_path.sh
[5.812s] -- Installing: /home/michael/Stingray1_ws/install/stingray_msg/share/stingray_msg/environment/library_path.dsv
[5.812s] -- Installing: /home/michael/Stingray1_ws/install/stingray_msg/lib/libstingray_msg__rosidl_generator_c.so
[5.812s] -- Set runtime path of "/home/michael/Stingray1_ws/install/stingray_msg/lib/libstingray_msg__rosidl_generator_c.so" to ""
[5.812s] -- Up-to-date: /home/michael/Stingray1_ws/install/stingray_msg/include/stingray_msg/stingray_msg
[5.812s] -- Up-to-date: /home/michael/Stingray1_ws/install/stingray_msg/include/stingray_msg/stingray_msg/msg
[5.812s] -- Up-to-date: /home/michael/Stingray1_ws/install/stingray_msg/include/stingray_msg/stingray_msg/msg/detail
[5.812s] -- Installing: /home/michael/Stingray1_ws/install/stingray_msg/include/stingray_msg/stingray_msg/msg/detail/stingray_control__rosidl_typesupport_fastrtps_c.h
[5.812s] -- Installing: /home/michael/Stingray1_ws/install/stingray_msg/include/stingray_msg/stingray_msg/msg/rosidl_typesupport_fastrtps_c__visibility_control.h
[5.812s] -- Installing: /home/michael/Stingray1_ws/install/stingray_msg/lib/libstingray_msg__rosidl_typesupport_fastrtps_c.so
[5.813s] -- Set runtime path of "/home/michael/Stingray1_ws/install/stingray_msg/lib/libstingray_msg__rosidl_typesupport_fastrtps_c.so" to ""
[5.813s] -- Up-to-date: /home/michael/Stingray1_ws/install/stingray_msg/include/stingray_msg/stingray_msg
[5.813s] -- Up-to-date: /home/michael/Stingray1_ws/install/stingray_msg/include/stingray_msg/stingray_msg/msg
[5.813s] -- Up-to-date: /home/michael/Stingray1_ws/install/stingray_msg/include/stingray_msg/stingray_msg/msg/detail
[5.813s] -- Installing: /home/michael/Stingray1_ws/install/stingray_msg/include/stingray_msg/stingray_msg/msg/detail/stingray_control__builder.hpp
[5.813s] -- Installing: /home/michael/Stingray1_ws/install/stingray_msg/include/stingray_msg/stingray_msg/msg/detail/stingray_control__traits.hpp
[5.813s] -- Installing: /home/michael/Stingray1_ws/install/stingray_msg/include/stingray_msg/stingray_msg/msg/detail/stingray_control__struct.hpp
[5.813s] -- Installing: /home/michael/Stingray1_ws/install/stingray_msg/include/stingray_msg/stingray_msg/msg/stingray_control.hpp
[5.813s] -- Up-to-date: /home/michael/Stingray1_ws/install/stingray_msg/include/stingray_msg/stingray_msg
[5.813s] -- Up-to-date: /home/michael/Stingray1_ws/install/stingray_msg/include/stingray_msg/stingray_msg/msg
[5.813s] -- Up-to-date: /home/michael/Stingray1_ws/install/stingray_msg/include/stingray_msg/stingray_msg/msg/detail
[5.813s] -- Installing: /home/michael/Stingray1_ws/install/stingray_msg/include/stingray_msg/stingray_msg/msg/detail/dds_fastrtps
[5.813s] -- Installing: /home/michael/Stingray1_ws/install/stingray_msg/include/stingray_msg/stingray_msg/msg/detail/stingray_control__rosidl_typesupport_fastrtps_cpp.hpp
[5.814s] -- Installing: /home/michael/Stingray1_ws/install/stingray_msg/include/stingray_msg/stingray_msg/msg/rosidl_typesupport_fastrtps_cpp__visibility_control.h
[5.814s] -- Installing: /home/michael/Stingray1_ws/install/stingray_msg/lib/libstingray_msg__rosidl_typesupport_fastrtps_cpp.so
[5.814s] -- Set runtime path of "/home/michael/Stingray1_ws/install/stingray_msg/lib/libstingray_msg__rosidl_typesupport_fastrtps_cpp.so" to ""
[5.814s] -- Up-to-date: /home/michael/Stingray1_ws/install/stingray_msg/include/stingray_msg/stingray_msg
[5.814s] -- Up-to-date: /home/michael/Stingray1_ws/install/stingray_msg/include/stingray_msg/stingray_msg/msg
[5.814s] -- Up-to-date: /home/michael/Stingray1_ws/install/stingray_msg/include/stingray_msg/stingray_msg/msg/detail
[5.814s] -- Installing: /home/michael/Stingray1_ws/install/stingray_msg/include/stingray_msg/stingray_msg/msg/detail/stingray_control__type_support.c
[5.814s] -- Installing: /home/michael/Stingray1_ws/install/stingray_msg/include/stingray_msg/stingray_msg/msg/detail/stingray_control__rosidl_typesupport_introspection_c.h
[5.814s] -- Installing: /home/michael/Stingray1_ws/install/stingray_msg/include/stingray_msg/stingray_msg/msg/rosidl_typesupport_introspection_c__visibility_control.h
[5.814s] -- Installing: /home/michael/Stingray1_ws/install/stingray_msg/lib/libstingray_msg__rosidl_typesupport_introspection_c.so
[5.814s] -- Set runtime path of "/home/michael/Stingray1_ws/install/stingray_msg/lib/libstingray_msg__rosidl_typesupport_introspection_c.so" to ""
[5.814s] -- Installing: /home/michael/Stingray1_ws/install/stingray_msg/lib/libstingray_msg__rosidl_typesupport_c.so
[5.815s] -- Set runtime path of "/home/michael/Stingray1_ws/install/stingray_msg/lib/libstingray_msg__rosidl_typesupport_c.so" to ""
[5.815s] -- Up-to-date: /home/michael/Stingray1_ws/install/stingray_msg/include/stingray_msg/stingray_msg
[5.815s] -- Up-to-date: /home/michael/Stingray1_ws/install/stingray_msg/include/stingray_msg/stingray_msg/msg
[5.815s] -- Up-to-date: /home/michael/Stingray1_ws/install/stingray_msg/include/stingray_msg/stingray_msg/msg/detail
[5.815s] -- Installing: /home/michael/Stingray1_ws/install/stingray_msg/include/stingray_msg/stingray_msg/msg/detail/stingray_control__type_support.cpp
[5.815s] -- Installing: /home/michael/Stingray1_ws/install/stingray_msg/include/stingray_msg/stingray_msg/msg/detail/stingray_control__rosidl_typesupport_introspection_cpp.hpp
[5.815s] -- Installing: /home/michael/Stingray1_ws/install/stingray_msg/lib/libstingray_msg__rosidl_typesupport_introspection_cpp.so
[5.815s] -- Set runtime path of "/home/michael/Stingray1_ws/install/stingray_msg/lib/libstingray_msg__rosidl_typesupport_introspection_cpp.so" to ""
[5.815s] -- Installing: /home/michael/Stingray1_ws/install/stingray_msg/lib/libstingray_msg__rosidl_typesupport_cpp.so
[5.815s] -- Set runtime path of "/home/michael/Stingray1_ws/install/stingray_msg/lib/libstingray_msg__rosidl_typesupport_cpp.so" to ""
[5.816s] -- Installing: /home/michael/Stingray1_ws/install/stingray_msg/share/stingray_msg/environment/pythonpath.sh
[5.816s] -- Installing: /home/michael/Stingray1_ws/install/stingray_msg/share/stingray_msg/environment/pythonpath.dsv
[5.816s] -- Installing: /home/michael/Stingray1_ws/install/stingray_msg/local/lib/python3.10/dist-packages/stingray_msg-0.0.0-py3.10.egg-info
[5.816s] -- Installing: /home/michael/Stingray1_ws/install/stingray_msg/local/lib/python3.10/dist-packages/stingray_msg-0.0.0-py3.10.egg-info/top_level.txt
[5.816s] -- Installing: /home/michael/Stingray1_ws/install/stingray_msg/local/lib/python3.10/dist-packages/stingray_msg-0.0.0-py3.10.egg-info/SOURCES.txt
[5.816s] -- Installing: /home/michael/Stingray1_ws/install/stingray_msg/local/lib/python3.10/dist-packages/stingray_msg-0.0.0-py3.10.egg-info/dependency_links.txt
[5.816s] -- Installing: /home/michael/Stingray1_ws/install/stingray_msg/local/lib/python3.10/dist-packages/stingray_msg-0.0.0-py3.10.egg-info/PKG-INFO
[5.816s] -- Installing: /home/michael/Stingray1_ws/install/stingray_msg/local/lib/python3.10/dist-packages/stingray_msg
[5.816s] -- Installing: /home/michael/Stingray1_ws/install/stingray_msg/local/lib/python3.10/dist-packages/stingray_msg/stingray_msg_s__rosidl_typesupport_c.cpython-310-x86_64-linux-gnu.so
[5.816s] -- Installing: /home/michael/Stingray1_ws/install/stingray_msg/local/lib/python3.10/dist-packages/stingray_msg/msg
[5.816s] -- Installing: /home/michael/Stingray1_ws/install/stingray_msg/local/lib/python3.10/dist-packages/stingray_msg/msg/_stingray_control.py
[5.817s] -- Installing: /home/michael/Stingray1_ws/install/stingray_msg/local/lib/python3.10/dist-packages/stingray_msg/msg/__init__.py
[5.817s] -- Installing: /home/michael/Stingray1_ws/install/stingray_msg/local/lib/python3.10/dist-packages/stingray_msg/msg/_stingray_control_s.c
[5.817s] -- Installing: /home/michael/Stingray1_ws/install/stingray_msg/local/lib/python3.10/dist-packages/stingray_msg/libstingray_msg__rosidl_generator_py.so
[5.817s] -- Installing: /home/michael/Stingray1_ws/install/stingray_msg/local/lib/python3.10/dist-packages/stingray_msg/__init__.py
[5.817s] -- Installing: /home/michael/Stingray1_ws/install/stingray_msg/local/lib/python3.10/dist-packages/stingray_msg/_stingray_msg_s.ep.rosidl_typesupport_fastrtps_c.c
[5.817s] -- Installing: /home/michael/Stingray1_ws/install/stingray_msg/local/lib/python3.10/dist-packages/stingray_msg/_stingray_msg_s.ep.rosidl_typesupport_c.c
[5.817s] -- Installing: /home/michael/Stingray1_ws/install/stingray_msg/local/lib/python3.10/dist-packages/stingray_msg/stingray_msg_s__rosidl_typesupport_introspection_c.cpython-310-x86_64-linux-gnu.so
[5.817s] -- Installing: /home/michael/Stingray1_ws/install/stingray_msg/local/lib/python3.10/dist-packages/stingray_msg/_stingray_msg_s.ep.rosidl_typesupport_introspection_c.c
[5.817s] -- Installing: /home/michael/Stingray1_ws/install/stingray_msg/local/lib/python3.10/dist-packages/stingray_msg/stingray_msg_s__rosidl_typesupport_fastrtps_c.cpython-310-x86_64-linux-gnu.so
[5.863s] Listing '/home/michael/Stingray1_ws/install/stingray_msg/local/lib/python3.10/dist-packages/stingray_msg'...
[5.864s] Compiling '/home/michael/Stingray1_ws/install/stingray_msg/local/lib/python3.10/dist-packages/stingray_msg/__init__.py'...
[5.864s] Listing '/home/michael/Stingray1_ws/install/stingray_msg/local/lib/python3.10/dist-packages/stingray_msg/msg'...
[5.864s] Compiling '/home/michael/Stingray1_ws/install/stingray_msg/local/lib/python3.10/dist-packages/stingray_msg/msg/__init__.py'...
[5.864s] Compiling '/home/michael/Stingray1_ws/install/stingray_msg/local/lib/python3.10/dist-packages/stingray_msg/msg/_stingray_control.py'...
[5.869s] -- Installing: /home/michael/Stingray1_ws/install/stingray_msg/local/lib/python3.10/dist-packages/stingray_msg/stingray_msg_s__rosidl_typesupport_fastrtps_c.cpython-310-x86_64-linux-gnu.so
[5.869s] -- Set runtime path of "/home/michael/Stingray1_ws/install/stingray_msg/local/lib/python3.10/dist-packages/stingray_msg/stingray_msg_s__rosidl_typesupport_fastrtps_c.cpython-310-x86_64-linux-gnu.so" to ""
[5.869s] -- Installing: /home/michael/Stingray1_ws/install/stingray_msg/local/lib/python3.10/dist-packages/stingray_msg/stingray_msg_s__rosidl_typesupport_introspection_c.cpython-310-x86_64-linux-gnu.so
[5.869s] -- Set runtime path of "/home/michael/Stingray1_ws/install/stingray_msg/local/lib/python3.10/dist-packages/stingray_msg/stingray_msg_s__rosidl_typesupport_introspection_c.cpython-310-x86_64-linux-gnu.so" to ""
[5.870s] -- Installing: /home/michael/Stingray1_ws/install/stingray_msg/local/lib/python3.10/dist-packages/stingray_msg/stingray_msg_s__rosidl_typesupport_c.cpython-310-x86_64-linux-gnu.so
[5.870s] -- Set runtime path of "/home/michael/Stingray1_ws/install/stingray_msg/local/lib/python3.10/dist-packages/stingray_msg/stingray_msg_s__rosidl_typesupport_c.cpython-310-x86_64-linux-gnu.so" to ""
[5.870s] -- Installing: /home/michael/Stingray1_ws/install/stingray_msg/lib/libstingray_msg__rosidl_generator_py.so
[5.870s] -- Set runtime path of "/home/michael/Stingray1_ws/install/stingray_msg/lib/libstingray_msg__rosidl_generator_py.so" to ""
[5.870s] -- Installing: /home/michael/Stingray1_ws/install/stingray_msg/share/stingray_msg/msg/StingrayControl.idl
[5.870s] -- Installing: /home/michael/Stingray1_ws/install/stingray_msg/share/stingray_msg/msg/StingrayControl.msg
[5.870s] -- Installing: /home/michael/Stingray1_ws/install/stingray_msg/share/ament_index/resource_index/package_run_dependencies/stingray_msg
[5.871s] -- Installing: /home/michael/Stingray1_ws/install/stingray_msg/share/ament_index/resource_index/parent_prefix_path/stingray_msg
[5.871s] -- Installing: /home/michael/Stingray1_ws/install/stingray_msg/share/stingray_msg/environment/ament_prefix_path.sh
[5.871s] -- Installing: /home/michael/Stingray1_ws/install/stingray_msg/share/stingray_msg/environment/ament_prefix_path.dsv
[5.871s] -- Installing: /home/michael/Stingray1_ws/install/stingray_msg/share/stingray_msg/environment/path.sh
[5.871s] -- Installing: /home/michael/Stingray1_ws/install/stingray_msg/share/stingray_msg/environment/path.dsv
[5.871s] -- Installing: /home/michael/Stingray1_ws/install/stingray_msg/share/stingray_msg/local_setup.bash
[5.871s] -- Installing: /home/michael/Stingray1_ws/install/stingray_msg/share/stingray_msg/local_setup.sh
[5.871s] -- Installing: /home/michael/Stingray1_ws/install/stingray_msg/share/stingray_msg/local_setup.zsh
[5.871s] -- Installing: /home/michael/Stingray1_ws/install/stingray_msg/share/stingray_msg/local_setup.dsv
[5.871s] -- Installing: /home/michael/Stingray1_ws/install/stingray_msg/share/stingray_msg/package.dsv
[5.872s] -- Installing: /home/michael/Stingray1_ws/install/stingray_msg/share/ament_index/resource_index/packages/stingray_msg
[5.872s] -- Installing: /home/michael/Stingray1_ws/install/stingray_msg/share/stingray_msg/cmake/export_stingray_msg__rosidl_generator_cExport.cmake
[5.872s] -- Installing: /home/michael/Stingray1_ws/install/stingray_msg/share/stingray_msg/cmake/export_stingray_msg__rosidl_generator_cExport-noconfig.cmake
[5.872s] -- Installing: /home/michael/Stingray1_ws/install/stingray_msg/share/stingray_msg/cmake/export_stingray_msg__rosidl_typesupport_fastrtps_cExport.cmake
[5.872s] -- Installing: /home/michael/Stingray1_ws/install/stingray_msg/share/stingray_msg/cmake/export_stingray_msg__rosidl_typesupport_fastrtps_cExport-noconfig.cmake
[5.872s] -- Installing: /home/michael/Stingray1_ws/install/stingray_msg/share/stingray_msg/cmake/export_stingray_msg__rosidl_generator_cppExport.cmake
[5.872s] -- Installing: /home/michael/Stingray1_ws/install/stingray_msg/share/stingray_msg/cmake/export_stingray_msg__rosidl_typesupport_fastrtps_cppExport.cmake
[5.872s] -- Installing: /home/michael/Stingray1_ws/install/stingray_msg/share/stingray_msg/cmake/export_stingray_msg__rosidl_typesupport_fastrtps_cppExport-noconfig.cmake
[5.873s] -- Installing: /home/michael/Stingray1_ws/install/stingray_msg/share/stingray_msg/cmake/stingray_msg__rosidl_typesupport_introspection_cExport.cmake
[5.873s] -- Installing: /home/michael/Stingray1_ws/install/stingray_msg/share/stingray_msg/cmake/stingray_msg__rosidl_typesupport_introspection_cExport-noconfig.cmake
[5.873s] -- Installing: /home/michael/Stingray1_ws/install/stingray_msg/share/stingray_msg/cmake/stingray_msg__rosidl_typesupport_cExport.cmake
[5.873s] -- Installing: /home/michael/Stingray1_ws/install/stingray_msg/share/stingray_msg/cmake/stingray_msg__rosidl_typesupport_cExport-noconfig.cmake
[5.873s] -- Installing: /home/michael/Stingray1_ws/install/stingray_msg/share/stingray_msg/cmake/stingray_msg__rosidl_typesupport_introspection_cppExport.cmake
[5.873s] -- Installing: /home/michael/Stingray1_ws/install/stingray_msg/share/stingray_msg/cmake/stingray_msg__rosidl_typesupport_introspection_cppExport-noconfig.cmake
[5.873s] -- Installing: /home/michael/Stingray1_ws/install/stingray_msg/share/stingray_msg/cmake/stingray_msg__rosidl_typesupport_cppExport.cmake
[5.873s] -- Installing: /home/michael/Stingray1_ws/install/stingray_msg/share/stingray_msg/cmake/stingray_msg__rosidl_typesupport_cppExport-noconfig.cmake
[5.873s] -- Installing: /home/michael/Stingray1_ws/install/stingray_msg/share/stingray_msg/cmake/export_stingray_msg__rosidl_generator_pyExport.cmake
[5.874s] -- Installing: /home/michael/Stingray1_ws/install/stingray_msg/share/stingray_msg/cmake/export_stingray_msg__rosidl_generator_pyExport-noconfig.cmake
[5.874s] -- Installing: /home/michael/Stingray1_ws/install/stingray_msg/share/stingray_msg/cmake/rosidl_cmake-extras.cmake
[5.874s] -- Installing: /home/michael/Stingray1_ws/install/stingray_msg/share/stingray_msg/cmake/ament_cmake_export_dependencies-extras.cmake
[5.874s] -- Installing: /home/michael/Stingray1_ws/install/stingray_msg/share/stingray_msg/cmake/ament_cmake_export_include_directories-extras.cmake
[5.874s] -- Installing: /home/michael/Stingray1_ws/install/stingray_msg/share/stingray_msg/cmake/ament_cmake_export_libraries-extras.cmake
[5.874s] -- Installing: /home/michael/Stingray1_ws/install/stingray_msg/share/stingray_msg/cmake/ament_cmake_export_targets-extras.cmake
[5.874s] -- Installing: /home/michael/Stingray1_ws/install/stingray_msg/share/stingray_msg/cmake/rosidl_cmake_export_typesupport_targets-extras.cmake
[5.874s] -- Installing: /home/michael/Stingray1_ws/install/stingray_msg/share/stingray_msg/cmake/rosidl_cmake_export_typesupport_libraries-extras.cmake
[5.874s] -- Installing: /home/michael/Stingray1_ws/install/stingray_msg/share/stingray_msg/cmake/stingray_msgConfig.cmake
[5.874s] -- Installing: /home/michael/Stingray1_ws/install/stingray_msg/share/stingray_msg/cmake/stingray_msgConfig-version.cmake
[5.875s] -- Installing: /home/michael/Stingray1_ws/install/stingray_msg/share/stingray_msg/package.xml
[5.877s] Invoked command in '/home/michael/Stingray1_ws/build/stingray_msg' returned '0': CMAKE_PREFIX_PATH=${CMAKE_PREFIX_PATH}:/home/michael/ros2_ws/install/ardupilot_dds_tests:/home/michael/ros2_ws/install/ardupilot_msgs:/home/michael/colcon_ws/install/ardupilot_ros:/home/michael/colcon_ws/install/ardupilot_dds_tests:/opt/ros/humble /usr/bin/cmake --install /home/michael/Stingray1_ws/build/stingray_msg
