[0.826s] Invoking command in '/home/michael/Stingray_ws/src/Stingray_Control': PYTHONPATH=/home/michael/Stingray_ws/src/build/Stingray_Control/prefix_override:/home/michael/Stingray_ws/src/install/Stingray_Control/lib/python3.10/site-packages:${PYTHONPATH} /usr/bin/python3 setup.py egg_info --egg-base ../build/Stingray_Control build --build-base /home/michael/Stingray_ws/src/build/Stingray_Control/build install --record /home/michael/Stingray_ws/src/build/Stingray_Control/install.log --single-version-externally-managed
[0.989s] running egg_info
[0.989s] creating ../build/Stingray_Control/Stingray_Control.egg-info
[1.001s] writing ../build/Stingray_Control/Stingray_Control.egg-info/PKG-INFO
[1.001s] writing dependency_links to ../build/Stingray_Control/Stingray_Control.egg-info/dependency_links.txt
[1.001s] writing requirements to ../build/Stingray_Control/Stingray_Control.egg-info/requires.txt
[1.001s] writing top-level names to ../build/Stingray_Control/Stingray_Control.egg-info/top_level.txt
[1.001s] writing manifest file '../build/Stingray_Control/Stingray_Control.egg-info/SOURCES.txt'
[1.025s] reading manifest file '../build/Stingray_Control/Stingray_Control.egg-info/SOURCES.txt'
[1.026s] writing manifest file '../build/Stingray_Control/Stingray_Control.egg-info/SOURCES.txt'
[1.026s] running build
[1.026s] running build_py
[1.026s] creating /home/michael/Stingray_ws/src/build/Stingray_Control/build
[1.026s] creating /home/michael/Stingray_ws/src/build/Stingray_Control/build/lib
[1.026s] creating /home/michael/Stingray_ws/src/build/Stingray_Control/build/lib/Stingray_Control
[1.026s] copying Stingray_Control/__init__.py -> /home/michael/Stingray_ws/src/build/Stingray_Control/build/lib/Stingray_Control
[1.026s] running install
[1.026s] /home/michael/.local/lib/python3.10/site-packages/setuptools/_distutils/cmd.py:66: SetuptoolsDeprecationWarning: setup.py install is deprecated.
[1.026s] !!
[1.026s] 
[1.027s]         ********************************************************************************
[1.027s]         Please avoid running ``setup.py`` directly.
[1.027s]         Instead, use pypa/build, pypa/installer or other
[1.027s]         standards-based tools.
[1.027s] 
[1.027s]         See https://blog.ganssle.io/articles/2021/10/setup-py-deprecated.html for details.
[1.027s]         ********************************************************************************
[1.027s] 
[1.027s] !!
[1.027s]   self.initialize_options()
[1.031s] running install_lib
[1.044s] creating /home/michael/Stingray_ws/src/install/Stingray_Control/lib/python3.10/site-packages/Stingray_Control
[1.044s] copying /home/michael/Stingray_ws/src/build/Stingray_Control/build/lib/Stingray_Control/__init__.py -> /home/michael/Stingray_ws/src/install/Stingray_Control/lib/python3.10/site-packages/Stingray_Control
[1.044s] byte-compiling /home/michael/Stingray_ws/src/install/Stingray_Control/lib/python3.10/site-packages/Stingray_Control/__init__.py to __init__.cpython-310.pyc
[1.044s] running install_data
[1.056s] creating /home/michael/Stingray_ws/src/install/Stingray_Control/share/ament_index
[1.056s] creating /home/michael/Stingray_ws/src/install/Stingray_Control/share/ament_index/resource_index
[1.056s] creating /home/michael/Stingray_ws/src/install/Stingray_Control/share/ament_index/resource_index/packages
[1.056s] copying resource/Stingray_Control -> /home/michael/Stingray_ws/src/install/Stingray_Control/share/ament_index/resource_index/packages
[1.056s] copying package.xml -> /home/michael/Stingray_ws/src/install/Stingray_Control/share/Stingray_Control
[1.056s] running install_egg_info
[1.068s] Copying ../build/Stingray_Control/Stingray_Control.egg-info to /home/michael/Stingray_ws/src/install/Stingray_Control/lib/python3.10/site-packages/Stingray_Control-0.0.0-py3.10.egg-info
[1.069s] running install_scripts
[1.177s] writing list of installed files to '/home/michael/Stingray_ws/src/build/Stingray_Control/install.log'
[1.197s] Invoked command in '/home/michael/Stingray_ws/src/Stingray_Control' returned '0': PYTHONPATH=/home/michael/Stingray_ws/src/build/Stingray_Control/prefix_override:/home/michael/Stingray_ws/src/install/Stingray_Control/lib/python3.10/site-packages:${PYTHONPATH} /usr/bin/python3 setup.py egg_info --egg-base ../build/Stingray_Control build --build-base /home/michael/Stingray_ws/src/build/Stingray_Control/build install --record /home/michael/Stingray_ws/src/build/Stingray_Control/install.log --single-version-externally-managed
