running egg_info
creating ../build/stingray_control/stingray_control.egg-info
writing ../build/stingray_control/stingray_control.egg-info/PKG-INFO
writing dependency_links to ../build/stingray_control/stingray_control.egg-info/dependency_links.txt
writing requirements to ../build/stingray_control/stingray_control.egg-info/requires.txt
writing top-level names to ../build/stingray_control/stingray_control.egg-info/top_level.txt
writing manifest file '../build/stingray_control/stingray_control.egg-info/SOURCES.txt'
reading manifest file '../build/stingray_control/stingray_control.egg-info/SOURCES.txt'
writing manifest file '../build/stingray_control/stingray_control.egg-info/SOURCES.txt'
running build
running build_py
creating /home/michael/Stingray_ws/src/build/stingray_control/build
creating /home/michael/Stingray_ws/src/build/stingray_control/build/lib
creating /home/michael/Stingray_ws/src/build/stingray_control/build/lib/stingray_control
copying stingray_control/__init__.py -> /home/michael/Stingray_ws/src/build/stingray_control/build/lib/stingray_control
running install
/home/michael/.local/lib/python3.10/site-packages/setuptools/_distutils/cmd.py:66: SetuptoolsDeprecationWarning: setup.py install is deprecated.
!!

        ********************************************************************************
        Please avoid running ``setup.py`` directly.
        Instead, use pypa/build, pypa/installer or other
        standards-based tools.

        See https://blog.ganssle.io/articles/2021/10/setup-py-deprecated.html for details.
        ********************************************************************************

!!
  self.initialize_options()
running install_lib
creating /home/michael/Stingray_ws/src/install/stingray_control/lib/python3.10/site-packages/stingray_control
copying /home/michael/Stingray_ws/src/build/stingray_control/build/lib/stingray_control/__init__.py -> /home/michael/Stingray_ws/src/install/stingray_control/lib/python3.10/site-packages/stingray_control
byte-compiling /home/michael/Stingray_ws/src/install/stingray_control/lib/python3.10/site-packages/stingray_control/__init__.py to __init__.cpython-310.pyc
running install_data
creating /home/michael/Stingray_ws/src/install/stingray_control/share/ament_index
creating /home/michael/Stingray_ws/src/install/stingray_control/share/ament_index/resource_index
creating /home/michael/Stingray_ws/src/install/stingray_control/share/ament_index/resource_index/packages
copying resource/stingray_control -> /home/michael/Stingray_ws/src/install/stingray_control/share/ament_index/resource_index/packages
copying package.xml -> /home/michael/Stingray_ws/src/install/stingray_control/share/stingray_control
running install_egg_info
Copying ../build/stingray_control/stingray_control.egg-info to /home/michael/Stingray_ws/src/install/stingray_control/lib/python3.10/site-packages/stingray_control-0.0.0-py3.10.egg-info
running install_scripts
writing list of installed files to '/home/michael/Stingray_ws/src/build/stingray_control/install.log'
