[0.252s] Invoking command in '/home/michael/Stingray_ws/src/build/libmavconn': CMAKE_PREFIX_PATH=${CMAKE_PREFIX_PATH}:/home/michael/Stingray_ws/install/stingray_control:/home/michael/Stingray_ws/install/stingray_controller:/home/michael/Stingray_ws/install/stingray_controll:/home/michael/Stingray_ws/install/px4_offboard:/home/michael/ros2_ws/install/ardupilot_dds_tests:/home/michael/ros2_ws/install/ardupilot_msgs:/home/michael/colcon_ws/install/ardupilot_ros:/home/michael/colcon_ws/install/ardupilot_dds_tests:/opt/ros/humble /usr/bin/cmake /home/michael/Stingray_ws/src/mavros/libmavconn -DCMAKE_INSTALL_PREFIX=/home/michael/Stingray_ws/src/install/libmavconn
[0.322s] -- The C compiler identification is GNU 11.4.0
[0.386s] -- The CXX compiler identification is GNU 11.4.0
[0.398s] -- Detecting C compiler ABI info
[0.462s] -- Detecting C compiler ABI info - done
[0.469s] -- Check for working C compiler: /usr/lib/ccache/cc - skipped
[0.470s] -- Detecting C compile features
[0.473s] -- Detecting C compile features - done
[0.474s] -- Detecting CXX compiler ABI info
[0.553s] -- Detecting CXX compiler ABI info - done
[0.559s] -- Check for working CXX compiler: /usr/lib/ccache/c++ - skipped
[0.559s] -- Detecting CXX compile features
[0.560s] -- Detecting CXX compile features - done
[0.571s] -- Found ament_cmake: 1.3.7 (/opt/ros/humble/share/ament_cmake/cmake)
[0.836s] -- Found Python3: /usr/bin/python3.10 (found version "3.10.12") found components: Interpreter 
[1.021s] -- Found ASIO: /usr/include  
[1.191s] -- Copy mavlink_dialect.hpp to source tree
[1.200s] -- Found ament_cmake_gtest: 1.3.7 (/opt/ros/humble/share/ament_cmake_gtest/cmake)
[1.209s] -- Found ament_lint_auto: 0.12.10 (/opt/ros/humble/share/ament_lint_auto/cmake)
[1.343s] -- Found gtest sources under '/opt/ros/humble/src/gtest_vendor': C++ tests using 'Google Test' will be built
[1.345s] -- Looking for pthread.h
[1.446s] -- Looking for pthread.h - found
[1.447s] -- Performing Test CMAKE_HAVE_LIBC_PTHREAD
[1.547s] -- Performing Test CMAKE_HAVE_LIBC_PTHREAD - Success
[1.548s] -- Found Threads: TRUE  
[1.555s] -- Added test 'cppcheck' to perform static code analysis on C / C++ code
[1.556s] -- Configured cppcheck include dirs: /home/michael/Stingray_ws/src/mavros/libmavconn/include
[1.556s] -- Configured cppcheck exclude dirs and/or files: 
[1.557s] -- Added test 'cpplint' to check C / C++ code against the Google style
[1.558s] -- Configured cpplint exclude dirs and/or files: 
[1.559s] -- Added test 'lint_cmake' to check CMake code style
[1.562s] -- Added test 'uncrustify' to check C / C++ code style
[1.562s] -- Configured uncrustify additional arguments: 
[1.564s] -- Added test 'xmllint' to check XML markup files
[1.567s] -- Configuring done
[1.574s] -- Generating done
[1.574s] -- Build files have been written to: /home/michael/Stingray_ws/src/build/libmavconn
[1.578s] Invoked command in '/home/michael/Stingray_ws/src/build/libmavconn' returned '0': CMAKE_PREFIX_PATH=${CMAKE_PREFIX_PATH}:/home/michael/Stingray_ws/install/stingray_control:/home/michael/Stingray_ws/install/stingray_controller:/home/michael/Stingray_ws/install/stingray_controll:/home/michael/Stingray_ws/install/px4_offboard:/home/michael/ros2_ws/install/ardupilot_dds_tests:/home/michael/ros2_ws/install/ardupilot_msgs:/home/michael/colcon_ws/install/ardupilot_ros:/home/michael/colcon_ws/install/ardupilot_dds_tests:/opt/ros/humble /usr/bin/cmake /home/michael/Stingray_ws/src/mavros/libmavconn -DCMAKE_INSTALL_PREFIX=/home/michael/Stingray_ws/src/install/libmavconn
[1.580s] Invoking command in '/home/michael/Stingray_ws/src/build/libmavconn': CMAKE_PREFIX_PATH=${CMAKE_PREFIX_PATH}:/home/michael/Stingray_ws/install/stingray_control:/home/michael/Stingray_ws/install/stingray_controller:/home/michael/Stingray_ws/install/stingray_controll:/home/michael/Stingray_ws/install/px4_offboard:/home/michael/ros2_ws/install/ardupilot_dds_tests:/home/michael/ros2_ws/install/ardupilot_msgs:/home/michael/colcon_ws/install/ardupilot_ros:/home/michael/colcon_ws/install/ardupilot_dds_tests:/opt/ros/humble /usr/bin/cmake --build /home/michael/Stingray_ws/src/build/libmavconn -- -j8 -l8
[1.653s] [  8%] [32mBuilding CXX object gtest/CMakeFiles/gtest_main.dir/src/gtest_main.cc.o[0m
[1.658s] [ 16%] [32mBuilding CXX object CMakeFiles/mavconn.dir/src/serial.cpp.o[0m
[1.659s] [ 25%] [32mBuilding CXX object CMakeFiles/mavconn.dir/generated/src/mavlink_helpers.cpp.o[0m
[1.659s] [ 33%] [32mBuilding CXX object CMakeFiles/mavconn.dir/src/interface.cpp.o[0m
[1.661s] [ 41%] [32mBuilding CXX object gtest/CMakeFiles/gtest.dir/src/gtest-all.cc.o[0m
[1.670s] [ 50%] [32mBuilding CXX object CMakeFiles/mavconn.dir/src/tcp.cpp.o[0m
[1.676s] [ 58%] [32mBuilding CXX object CMakeFiles/mavconn.dir/src/udp.cpp.o[0m
[2.053s] [ 66%] [32m[1mLinking CXX static library libgtest_main.a[0m
[2.177s] [ 66%] Built target gtest_main
[2.272s] [ 75%] [32m[1mLinking CXX static library libgtest.a[0m
[2.492s] [ 75%] Built target gtest
[6.265s] [ 83%] [32m[1mLinking CXX shared library libmavconn.so[0m
[6.611s] [ 83%] Built target mavconn
[6.656s] [ 91%] [32mBuilding CXX object CMakeFiles/test_mavconn.dir/test/test_mavconn.cpp.o[0m
[7.593s] [100%] [32m[1mLinking CXX executable test_mavconn[0m
[8.045s] [100%] Built target test_mavconn
[8.113s] Invoked command in '/home/michael/Stingray_ws/src/build/libmavconn' returned '0': CMAKE_PREFIX_PATH=${CMAKE_PREFIX_PATH}:/home/michael/Stingray_ws/install/stingray_control:/home/michael/Stingray_ws/install/stingray_controller:/home/michael/Stingray_ws/install/stingray_controll:/home/michael/Stingray_ws/install/px4_offboard:/home/michael/ros2_ws/install/ardupilot_dds_tests:/home/michael/ros2_ws/install/ardupilot_msgs:/home/michael/colcon_ws/install/ardupilot_ros:/home/michael/colcon_ws/install/ardupilot_dds_tests:/opt/ros/humble /usr/bin/cmake --build /home/michael/Stingray_ws/src/build/libmavconn -- -j8 -l8
[8.762s] Invoking command in '/home/michael/Stingray_ws/src/build/libmavconn': CMAKE_PREFIX_PATH=${CMAKE_PREFIX_PATH}:/home/michael/Stingray_ws/install/stingray_control:/home/michael/Stingray_ws/install/stingray_controller:/home/michael/Stingray_ws/install/stingray_controll:/home/michael/Stingray_ws/install/px4_offboard:/home/michael/ros2_ws/install/ardupilot_dds_tests:/home/michael/ros2_ws/install/ardupilot_msgs:/home/michael/colcon_ws/install/ardupilot_ros:/home/michael/colcon_ws/install/ardupilot_dds_tests:/opt/ros/humble /usr/bin/cmake --install /home/michael/Stingray_ws/src/build/libmavconn
[8.800s] -- Install configuration: ""
[8.802s] -- Installing: /home/michael/Stingray_ws/src/install/libmavconn/lib/libmavconn.so
[8.805s] -- Installing: /home/michael/Stingray_ws/src/install/libmavconn/include
[8.806s] -- Installing: /home/michael/Stingray_ws/src/install/libmavconn/include/mavconn
[8.807s] -- Installing: /home/michael/Stingray_ws/src/install/libmavconn/include/mavconn/thread_utils.hpp
[8.808s] -- Installing: /home/michael/Stingray_ws/src/install/libmavconn/include/mavconn/tcp.hpp
[8.808s] -- Installing: /home/michael/Stingray_ws/src/install/libmavconn/include/mavconn/interface.hpp
[8.808s] -- Installing: /home/michael/Stingray_ws/src/install/libmavconn/include/mavconn/console_bridge_compat.hpp
[8.808s] -- Installing: /home/michael/Stingray_ws/src/install/libmavconn/include/mavconn/serial.hpp
[8.808s] -- Installing: /home/michael/Stingray_ws/src/install/libmavconn/include/mavconn/msgbuffer.hpp
[8.808s] -- Installing: /home/michael/Stingray_ws/src/install/libmavconn/include/mavconn/mavlink_dialect.hpp.em
[8.808s] -- Installing: /home/michael/Stingray_ws/src/install/libmavconn/include/mavconn/udp.hpp
[8.808s] -- Installing: /home/michael/Stingray_ws/src/install/libmavconn/include/mavconn/mavlink_dialect.hpp
[8.808s] -- Up-to-date: /home/michael/Stingray_ws/src/install/libmavconn/include/mavconn
[8.809s] -- Up-to-date: /home/michael/Stingray_ws/src/install/libmavconn/include/mavconn/mavlink_dialect.hpp
[8.809s] -- Installing: /home/michael/Stingray_ws/src/install/libmavconn/share/libmavconn/cmake
[8.821s] -- Installing: /home/michael/Stingray_ws/src/install/libmavconn/share/libmavconn/cmake/Modules
[8.821s] -- Installing: /home/michael/Stingray_ws/src/install/libmavconn/share/libmavconn/cmake/Modules/CheckGeographicLibDatasets.cmake
[8.822s] -- Installing: /home/michael/Stingray_ws/src/install/libmavconn/share/libmavconn/cmake/Modules/em_expand.cmake
[8.822s] -- Installing: /home/michael/Stingray_ws/src/install/libmavconn/share/libmavconn/cmake/Modules/FindASIO.cmake
[8.822s] -- Installing: /home/michael/Stingray_ws/src/install/libmavconn/share/libmavconn/environment/library_path.sh
[8.823s] -- Installing: /home/michael/Stingray_ws/src/install/libmavconn/share/libmavconn/environment/library_path.dsv
[8.823s] -- Installing: /home/michael/Stingray_ws/src/install/libmavconn/share/ament_index/resource_index/package_run_dependencies/libmavconn
[8.823s] -- Installing: /home/michael/Stingray_ws/src/install/libmavconn/share/ament_index/resource_index/parent_prefix_path/libmavconn
[8.823s] -- Installing: /home/michael/Stingray_ws/src/install/libmavconn/share/libmavconn/environment/ament_prefix_path.sh
[8.823s] -- Installing: /home/michael/Stingray_ws/src/install/libmavconn/share/libmavconn/environment/ament_prefix_path.dsv
[8.823s] -- Installing: /home/michael/Stingray_ws/src/install/libmavconn/share/libmavconn/environment/path.sh
[8.824s] -- Installing: /home/michael/Stingray_ws/src/install/libmavconn/share/libmavconn/environment/path.dsv
[8.836s] -- Installing: /home/michael/Stingray_ws/src/install/libmavconn/share/libmavconn/local_setup.bash
[8.837s] -- Installing: /home/michael/Stingray_ws/src/install/libmavconn/share/libmavconn/local_setup.sh
[8.837s] -- Installing: /home/michael/Stingray_ws/src/install/libmavconn/share/libmavconn/local_setup.zsh
[8.837s] -- Installing: /home/michael/Stingray_ws/src/install/libmavconn/share/libmavconn/local_setup.dsv
[8.837s] -- Installing: /home/michael/Stingray_ws/src/install/libmavconn/share/libmavconn/package.dsv
[8.837s] -- Installing: /home/michael/Stingray_ws/src/install/libmavconn/share/ament_index/resource_index/packages/libmavconn
[8.837s] -- Installing: /home/michael/Stingray_ws/src/install/libmavconn/share/libmavconn/cmake/libmavconn-extras.cmake
[8.837s] -- Installing: /home/michael/Stingray_ws/src/install/libmavconn/share/libmavconn/cmake/ament_cmake_export_dependencies-extras.cmake
[8.837s] -- Installing: /home/michael/Stingray_ws/src/install/libmavconn/share/libmavconn/cmake/ament_cmake_export_include_directories-extras.cmake
[8.838s] -- Installing: /home/michael/Stingray_ws/src/install/libmavconn/share/libmavconn/cmake/ament_cmake_export_libraries-extras.cmake
[8.838s] -- Installing: /home/michael/Stingray_ws/src/install/libmavconn/share/libmavconn/cmake/libmavconnConfig.cmake
[8.838s] -- Installing: /home/michael/Stingray_ws/src/install/libmavconn/share/libmavconn/cmake/libmavconnConfig-version.cmake
[8.838s] -- Installing: /home/michael/Stingray_ws/src/install/libmavconn/share/libmavconn/package.xml
[8.838s] Invoked command in '/home/michael/Stingray_ws/src/build/libmavconn' returned '0': CMAKE_PREFIX_PATH=${CMAKE_PREFIX_PATH}:/home/michael/Stingray_ws/install/stingray_control:/home/michael/Stingray_ws/install/stingray_controller:/home/michael/Stingray_ws/install/stingray_controll:/home/michael/Stingray_ws/install/px4_offboard:/home/michael/ros2_ws/install/ardupilot_dds_tests:/home/michael/ros2_ws/install/ardupilot_msgs:/home/michael/colcon_ws/install/ardupilot_ros:/home/michael/colcon_ws/install/ardupilot_dds_tests:/opt/ros/humble /usr/bin/cmake --install /home/michael/Stingray_ws/src/build/libmavconn
