[0.785s] Invoking command in '/home/michael/Stingray_ws/src/stingray_controller': PYTHONPATH=/home/michael/Stingray_ws/src/build/stingray_controller/prefix_override:/home/michael/Stingray_ws/src/install/stingray_controller/lib/python3.10/site-packages:${PYTHONPATH} /usr/bin/python3 setup.py egg_info --egg-base ../build/stingray_controller build --build-base /home/michael/Stingray_ws/src/build/stingray_controller/build install --record /home/michael/Stingray_ws/src/build/stingray_controller/install.log --single-version-externally-managed
[0.986s] running egg_info
[0.987s] writing ../build/stingray_controller/stingray_controller.egg-info/PKG-INFO
[0.987s] writing dependency_links to ../build/stingray_controller/stingray_controller.egg-info/dependency_links.txt
[0.987s] writing entry points to ../build/stingray_controller/stingray_controller.egg-info/entry_points.txt
[0.987s] writing requirements to ../build/stingray_controller/stingray_controller.egg-info/requires.txt
[0.987s] writing top-level names to ../build/stingray_controller/stingray_controller.egg-info/top_level.txt
[0.988s] reading manifest file '../build/stingray_controller/stingray_controller.egg-info/SOURCES.txt'
[0.989s] writing manifest file '../build/stingray_controller/stingray_controller.egg-info/SOURCES.txt'
[0.989s] running build
[0.989s] running build_py
[0.989s] running install
[0.989s] running install_lib
[0.990s] running install_data
[0.990s] running install_egg_info
[0.992s] removing '/home/michael/Stingray_ws/src/install/stingray_controller/lib/python3.10/site-packages/stingray_controller-0.0.0-py3.10.egg-info' (and everything under it)
[0.992s] Copying ../build/stingray_controller/stingray_controller.egg-info to /home/michael/Stingray_ws/src/install/stingray_controller/lib/python3.10/site-packages/stingray_controller-0.0.0-py3.10.egg-info
[0.993s] running install_scripts
[1.008s] Installing ControlData script to /home/michael/Stingray_ws/src/install/stingray_controller/lib/stingray_controller
[1.008s] writing list of installed files to '/home/michael/Stingray_ws/src/build/stingray_controller/install.log'
[1.029s] Invoked command in '/home/michael/Stingray_ws/src/stingray_controller' returned '0': PYTHONPATH=/home/michael/Stingray_ws/src/build/stingray_controller/prefix_override:/home/michael/Stingray_ws/src/install/stingray_controller/lib/python3.10/site-packages:${PYTHONPATH} /usr/bin/python3 setup.py egg_info --egg-base ../build/stingray_controller build --build-base /home/michael/Stingray_ws/src/build/stingray_controller/build install --record /home/michael/Stingray_ws/src/build/stingray_controller/install.log --single-version-externally-managed
