-- The C compiler identification is GNU 11.4.0
-- The CXX compiler identification is GNU 11.4.0
-- Detecting C compiler ABI info
-- Detecting C compiler ABI info - done
-- Check for working C compiler: /usr/lib/ccache/cc - skipped
-- Detecting C compile features
-- Detecting C compile features - done
-- Detecting CXX compiler ABI info
-- Detecting CXX compiler ABI info - done
-- Check for working CXX compiler: /usr/lib/ccache/c++ - skipped
-- Detecting CXX compile features
-- Detecting CXX compile features - done
-- Found ament_cmake: 1.3.7 (/opt/ros/humble/share/ament_cmake/cmake)
-- Found Python3: /usr/bin/python3.10 (found version "3.10.12") found components: Interpreter 
-- Found ament_lint_auto: 0.12.10 (/opt/ros/humble/share/ament_lint_auto/cmake)
-- Added test 'lint_cmake' to check CMake code style
-- Added test 'xmllint' to check XML markup files
-- Configuring done
-- Generating done
-- Build files have been written to: /home/michael/Stingray_ws/src/build/stingray_transform
-- Install configuration: ""
-- Installing: /home/michael/Stingray_ws/src/install/stingray_transform/share/ament_index/resource_index/package_run_dependencies/stingray_transform
-- Installing: /home/michael/Stingray_ws/src/install/stingray_transform/share/ament_index/resource_index/parent_prefix_path/stingray_transform
-- Installing: /home/michael/Stingray_ws/src/install/stingray_transform/share/stingray_transform/environment/ament_prefix_path.sh
-- Installing: /home/michael/Stingray_ws/src/install/stingray_transform/share/stingray_transform/environment/ament_prefix_path.dsv
-- Installing: /home/michael/Stingray_ws/src/install/stingray_transform/share/stingray_transform/environment/path.sh
-- Installing: /home/michael/Stingray_ws/src/install/stingray_transform/share/stingray_transform/environment/path.dsv
-- Installing: /home/michael/Stingray_ws/src/install/stingray_transform/share/stingray_transform/local_setup.bash
-- Installing: /home/michael/Stingray_ws/src/install/stingray_transform/share/stingray_transform/local_setup.sh
-- Installing: /home/michael/Stingray_ws/src/install/stingray_transform/share/stingray_transform/local_setup.zsh
-- Installing: /home/michael/Stingray_ws/src/install/stingray_transform/share/stingray_transform/local_setup.dsv
-- Installing: /home/michael/Stingray_ws/src/install/stingray_transform/share/stingray_transform/package.dsv
-- Installing: /home/michael/Stingray_ws/src/install/stingray_transform/share/ament_index/resource_index/packages/stingray_transform
-- Installing: /home/michael/Stingray_ws/src/install/stingray_transform/share/stingray_transform/cmake/stingray_transformConfig.cmake
-- Installing: /home/michael/Stingray_ws/src/install/stingray_transform/share/stingray_transform/cmake/stingray_transformConfig-version.cmake
-- Installing: /home/michael/Stingray_ws/src/install/stingray_transform/share/stingray_transform/package.xml
