[0.080s] Invoking command in '/home/michael/Stingray_ws/src/build/stingray_transform': CMAKE_PREFIX_PATH=${CMAKE_PREFIX_PATH}:/home/michael/Stingray_ws/install/stingray_controll:/home/michael/ros2_ws/install/ardupilot_dds_tests:/home/michael/ros2_ws/install/ardupilot_msgs:/home/michael/colcon_ws/install/ardupilot_ros:/home/michael/colcon_ws/install/ardupilot_dds_tests:/opt/ros/humble /usr/bin/cmake /home/michael/Stingray_ws/src/stingray_transform -DCMAKE_INSTALL_PREFIX=/home/michael/Stingray_ws/src/install/stingray_transform
[0.127s] -- The C compiler identification is GNU 11.4.0
[0.178s] -- The CXX compiler identification is GNU 11.4.0
[0.186s] -- Detecting C compiler ABI info
[0.238s] -- Detecting C compiler ABI info - done
[0.244s] -- Check for working C compiler: /usr/lib/ccache/cc - skipped
[0.244s] -- Detecting C compile features
[0.244s] -- Detecting C compile features - done
[0.247s] -- Detecting CXX compiler ABI info
[0.305s] -- Detecting CXX compiler ABI info - done
[0.314s] -- Check for working CXX compiler: /usr/lib/ccache/c++ - skipped
[0.314s] -- Detecting CXX compile features
[0.314s] -- Detecting CXX compile features - done
[0.319s] -- Found ament_cmake: 1.3.7 (/opt/ros/humble/share/ament_cmake/cmake)
[0.646s] -- Found Python3: /usr/bin/python3.10 (found version "3.10.12") found components: Interpreter 
[0.753s] -- Found ament_lint_auto: 0.12.10 (/opt/ros/humble/share/ament_lint_auto/cmake)
[0.831s] -- Added test 'lint_cmake' to check CMake code style
[0.832s] -- Added test 'xmllint' to check XML markup files
[0.834s] -- Configuring done
[0.835s] -- Generating done
[0.836s] -- Build files have been written to: /home/michael/Stingray_ws/src/build/stingray_transform
[0.839s] Invoked command in '/home/michael/Stingray_ws/src/build/stingray_transform' returned '0': CMAKE_PREFIX_PATH=${CMAKE_PREFIX_PATH}:/home/michael/Stingray_ws/install/stingray_controll:/home/michael/ros2_ws/install/ardupilot_dds_tests:/home/michael/ros2_ws/install/ardupilot_msgs:/home/michael/colcon_ws/install/ardupilot_ros:/home/michael/colcon_ws/install/ardupilot_dds_tests:/opt/ros/humble /usr/bin/cmake /home/michael/Stingray_ws/src/stingray_transform -DCMAKE_INSTALL_PREFIX=/home/michael/Stingray_ws/src/install/stingray_transform
[0.840s] Invoking command in '/home/michael/Stingray_ws/src/build/stingray_transform': CMAKE_PREFIX_PATH=${CMAKE_PREFIX_PATH}:/home/michael/Stingray_ws/install/stingray_controll:/home/michael/ros2_ws/install/ardupilot_dds_tests:/home/michael/ros2_ws/install/ardupilot_msgs:/home/michael/colcon_ws/install/ardupilot_ros:/home/michael/colcon_ws/install/ardupilot_dds_tests:/opt/ros/humble /usr/bin/cmake --build /home/michael/Stingray_ws/src/build/stingray_transform -- -j8 -l8
[0.874s] Invoked command in '/home/michael/Stingray_ws/src/build/stingray_transform' returned '0': CMAKE_PREFIX_PATH=${CMAKE_PREFIX_PATH}:/home/michael/Stingray_ws/install/stingray_controll:/home/michael/ros2_ws/install/ardupilot_dds_tests:/home/michael/ros2_ws/install/ardupilot_msgs:/home/michael/colcon_ws/install/ardupilot_ros:/home/michael/colcon_ws/install/ardupilot_dds_tests:/opt/ros/humble /usr/bin/cmake --build /home/michael/Stingray_ws/src/build/stingray_transform -- -j8 -l8
[0.899s] Invoking command in '/home/michael/Stingray_ws/src/build/stingray_transform': CMAKE_PREFIX_PATH=${CMAKE_PREFIX_PATH}:/home/michael/Stingray_ws/install/stingray_controll:/home/michael/ros2_ws/install/ardupilot_dds_tests:/home/michael/ros2_ws/install/ardupilot_msgs:/home/michael/colcon_ws/install/ardupilot_ros:/home/michael/colcon_ws/install/ardupilot_dds_tests:/opt/ros/humble /usr/bin/cmake --install /home/michael/Stingray_ws/src/build/stingray_transform
[0.905s] -- Install configuration: ""
[0.905s] -- Installing: /home/michael/Stingray_ws/src/install/stingray_transform/share/ament_index/resource_index/package_run_dependencies/stingray_transform
[0.905s] -- Installing: /home/michael/Stingray_ws/src/install/stingray_transform/share/ament_index/resource_index/parent_prefix_path/stingray_transform
[0.906s] -- Installing: /home/michael/Stingray_ws/src/install/stingray_transform/share/stingray_transform/environment/ament_prefix_path.sh
[0.906s] -- Installing: /home/michael/Stingray_ws/src/install/stingray_transform/share/stingray_transform/environment/ament_prefix_path.dsv
[0.906s] -- Installing: /home/michael/Stingray_ws/src/install/stingray_transform/share/stingray_transform/environment/path.sh
[0.906s] -- Installing: /home/michael/Stingray_ws/src/install/stingray_transform/share/stingray_transform/environment/path.dsv
[0.906s] -- Installing: /home/michael/Stingray_ws/src/install/stingray_transform/share/stingray_transform/local_setup.bash
[0.906s] -- Installing: /home/michael/Stingray_ws/src/install/stingray_transform/share/stingray_transform/local_setup.sh
[0.906s] -- Installing: /home/michael/Stingray_ws/src/install/stingray_transform/share/stingray_transform/local_setup.zsh
[0.906s] -- Installing: /home/michael/Stingray_ws/src/install/stingray_transform/share/stingray_transform/local_setup.dsv
[0.906s] -- Installing: /home/michael/Stingray_ws/src/install/stingray_transform/share/stingray_transform/package.dsv
[0.907s] -- Installing: /home/michael/Stingray_ws/src/install/stingray_transform/share/ament_index/resource_index/packages/stingray_transform
[0.907s] -- Installing: /home/michael/Stingray_ws/src/install/stingray_transform/share/stingray_transform/cmake/stingray_transformConfig.cmake
[0.907s] -- Installing: /home/michael/Stingray_ws/src/install/stingray_transform/share/stingray_transform/cmake/stingray_transformConfig-version.cmake
[0.907s] -- Installing: /home/michael/Stingray_ws/src/install/stingray_transform/share/stingray_transform/package.xml
[0.909s] Invoked command in '/home/michael/Stingray_ws/src/build/stingray_transform' returned '0': CMAKE_PREFIX_PATH=${CMAKE_PREFIX_PATH}:/home/michael/Stingray_ws/install/stingray_controll:/home/michael/ros2_ws/install/ardupilot_dds_tests:/home/michael/ros2_ws/install/ardupilot_msgs:/home/michael/colcon_ws/install/ardupilot_ros:/home/michael/colcon_ws/install/ardupilot_dds_tests:/opt/ros/humble /usr/bin/cmake --install /home/michael/Stingray_ws/src/build/stingray_transform
