[0.093s] Invoking command in '/home/michael/Stingray_ws/src/build/stingray_msg': CMAKE_PREFIX_PATH=${CMAKE_PREFIX_PATH}:/home/michael/Stingray_ws/install/stingray_control:/home/michael/Stingray_ws/install/stingray_controller:/home/michael/Stingray_ws/install/stingray_controll:/home/michael/Stingray_ws/install/px4_offboard:/home/michael/ros2_ws/install/ardupilot_dds_tests:/home/michael/ros2_ws/install/ardupilot_msgs:/home/michael/colcon_ws/install/ardupilot_ros:/home/michael/colcon_ws/install/ardupilot_dds_tests:/opt/ros/humble /usr/bin/cmake --build /home/michael/Stingray_ws/src/build/stingray_msg -- -j8 -l8
[0.119s] -- Found ament_cmake: 1.3.7 (/opt/ros/humble/share/ament_cmake/cmake)
[0.343s] -- Found geometry_msgs: 4.2.3 (/opt/ros/humble/share/geometry_msgs/cmake)
[0.446s] -- Found rosidl_generator_c: 3.1.5 (/opt/ros/humble/share/rosidl_generator_c/cmake)
[0.458s] -- Found rosidl_adapter: 3.1.5 (/opt/ros/humble/share/rosidl_adapter/cmake)
[0.474s] -- Found rosidl_generator_cpp: 3.1.5 (/opt/ros/humble/share/rosidl_generator_cpp/cmake)
[0.509s] -- Using all available rosidl_typesupport_c: rosidl_typesupport_fastrtps_c;rosidl_typesupport_introspection_c
[0.556s] -- Using all available rosidl_typesupport_cpp: rosidl_typesupport_fastrtps_cpp;rosidl_typesupport_introspection_cpp
[0.735s] -- Found rosidl_default_generators: 1.2.0 (/opt/ros/humble/share/rosidl_default_generators/cmake)
[1.115s] -- Found ament_cmake_ros: 0.10.0 (/opt/ros/humble/share/ament_cmake_ros/cmake)
[1.810s] -- Using all available rosidl_typesupport_c: rosidl_typesupport_fastrtps_c;rosidl_typesupport_introspection_c
[2.293s] -- Using all available rosidl_typesupport_cpp: rosidl_typesupport_fastrtps_cpp;rosidl_typesupport_introspection_cpp
[2.393s] -- Found PythonInterp: /usr/bin/python3 (found suitable version "3.10.12", minimum required is "3.6") 
[2.403s] -- Found python_cmake_module: 0.10.0 (/opt/ros/humble/share/python_cmake_module/cmake)
[2.470s] -- Found PythonLibs: /usr/lib/x86_64-linux-gnu/libpython3.10.so (found suitable version "3.10.12", minimum required is "3.5") 
[2.471s] -- Using PYTHON_EXECUTABLE: /usr/bin/python3
[2.471s] -- Using PYTHON_INCLUDE_DIRS: /usr/include/python3.10
[2.471s] -- Using PYTHON_LIBRARIES: /usr/lib/x86_64-linux-gnu/libpython3.10.so
[2.521s] -- Found PythonExtra: .so  
[2.633s] -- Found ament_lint_auto: 0.12.10 (/opt/ros/humble/share/ament_lint_auto/cmake)
[2.654s] -- Added test 'lint_cmake' to check CMake code style
[2.655s] -- Added test 'xmllint' to check XML markup files
[2.659s] -- Configuring done
[2.703s] -- Generating done
[2.706s] -- Build files have been written to: /home/michael/Stingray_ws/src/build/stingray_msg
[2.752s] [  3%] [34m[1mGenerating C code for ROS interfaces[0m
[2.778s] [  6%] [34m[1mGenerating C++ code for ROS interfaces[0m
[2.814s] [  6%] Built target ament_cmake_python_copy_stingray_msg
[3.292s] running egg_info
[3.293s] creating stingray_msg.egg-info
[3.293s] writing stingray_msg.egg-info/PKG-INFO
[3.293s] writing dependency_links to stingray_msg.egg-info/dependency_links.txt
[3.294s] writing top-level names to stingray_msg.egg-info/top_level.txt
[3.294s] writing manifest file 'stingray_msg.egg-info/SOURCES.txt'
[3.298s] reading manifest file 'stingray_msg.egg-info/SOURCES.txt'
[3.299s] writing manifest file 'stingray_msg.egg-info/SOURCES.txt'
[3.378s] [  6%] Built target ament_cmake_python_build_stingray_msg_egg
[3.391s] [  9%] [32mBuilding C object CMakeFiles/stingray_msg__rosidl_generator_c.dir/rosidl_generator_c/stingray_msg/msg/detail/stingray_control__functions.c.o[0m
[3.408s] [  9%] Built target stingray_msg__cpp
[3.440s] [ 12%] [34m[1mGenerating C++ type support dispatch for ROS interfaces[0m
[3.454s] [ 16%] [34m[1mGenerating C++ type support for eProsima Fast-RTPS[0m
[3.477s] [ 19%] [34m[1mGenerating C++ introspection for ROS interfaces[0m
[3.556s] [ 22%] [32m[1mLinking C shared library libstingray_msg__rosidl_generator_c.so[0m
[3.804s] [ 22%] Built target stingray_msg__rosidl_generator_c
[3.879s] [ 25%] [34m[1mGenerating C type support for eProsima Fast-RTPS[0m
[3.908s] [ 29%] [34m[1mGenerating C type support dispatch for ROS interfaces[0m
[3.917s] [ 32%] [34m[1mGenerating C introspection for ROS interfaces[0m
[4.393s] [ 35%] [32mBuilding CXX object CMakeFiles/stingray_msg__rosidl_typesupport_introspection_cpp.dir/rosidl_typesupport_introspection_cpp/stingray_msg/msg/detail/stingray_control__type_support.cpp.o[0m
[4.399s] [ 38%] [32mBuilding CXX object CMakeFiles/stingray_msg__rosidl_typesupport_cpp.dir/rosidl_typesupport_cpp/stingray_msg/msg/stingray_control__type_support.cpp.o[0m
[4.639s] [ 41%] [32mBuilding CXX object CMakeFiles/stingray_msg__rosidl_typesupport_fastrtps_cpp.dir/rosidl_typesupport_fastrtps_cpp/stingray_msg/msg/detail/dds_fastrtps/stingray_control__type_support.cpp.o[0m
[4.782s] [ 45%] [32mBuilding CXX object CMakeFiles/stingray_msg__rosidl_typesupport_c.dir/rosidl_typesupport_c/stingray_msg/msg/stingray_control__type_support.cpp.o[0m
[4.970s] [ 48%] [32mBuilding CXX object CMakeFiles/stingray_msg__rosidl_typesupport_fastrtps_c.dir/rosidl_typesupport_fastrtps_c/stingray_msg/msg/detail/stingray_control__type_support_c.cpp.o[0m
[4.972s] [ 51%] [32m[1mLinking CXX shared library libstingray_msg__rosidl_typesupport_c.so[0m
[5.021s] [ 54%] [32mBuilding C object CMakeFiles/stingray_msg__rosidl_typesupport_introspection_c.dir/rosidl_typesupport_introspection_c/stingray_msg/msg/detail/stingray_control__type_support.c.o[0m
[5.246s] [ 54%] Built target stingray_msg__rosidl_typesupport_c
[5.280s] [ 58%] [32m[1mLinking C shared library libstingray_msg__rosidl_typesupport_introspection_c.so[0m
[5.365s] [ 61%] [32m[1mLinking CXX shared library libstingray_msg__rosidl_typesupport_cpp.so[0m
[5.384s] [ 61%] Built target stingray_msg__rosidl_typesupport_introspection_c
[5.567s] [ 61%] Built target stingray_msg__rosidl_typesupport_cpp
[5.742s] [ 64%] [32m[1mLinking CXX shared library libstingray_msg__rosidl_typesupport_introspection_cpp.so[0m
[5.807s] [ 67%] [32m[1mLinking CXX shared library libstingray_msg__rosidl_typesupport_fastrtps_cpp.so[0m
[5.918s] [ 70%] [32m[1mLinking CXX shared library libstingray_msg__rosidl_typesupport_fastrtps_c.so[0m
[5.946s] [ 70%] Built target stingray_msg__rosidl_typesupport_introspection_cpp
[5.988s] [ 70%] Built target stingray_msg__rosidl_typesupport_fastrtps_cpp
[6.084s] [ 70%] Built target stingray_msg__rosidl_typesupport_fastrtps_c
[6.132s] [ 70%] Built target stingray_msg
[6.180s] [ 74%] [34m[1mGenerating Python code for ROS interfaces[0m
[7.119s] [ 74%] Built target stingray_msg__py
[7.166s] [ 77%] [32mBuilding C object CMakeFiles/stingray_msg__rosidl_generator_py.dir/rosidl_generator_py/stingray_msg/msg/_stingray_control_s.c.o[0m
[7.788s] [ 80%] [32m[1mLinking C shared library rosidl_generator_py/stingray_msg/libstingray_msg__rosidl_generator_py.so[0m
[7.999s] [ 80%] Built target stingray_msg__rosidl_generator_py
[8.074s] [ 83%] [32mBuilding C object CMakeFiles/stingray_msg__rosidl_typesupport_fastrtps_c__pyext.dir/rosidl_generator_py/stingray_msg/_stingray_msg_s.ep.rosidl_typesupport_fastrtps_c.c.o[0m
[8.116s] [ 87%] [32mBuilding C object CMakeFiles/stingray_msg__rosidl_typesupport_c__pyext.dir/rosidl_generator_py/stingray_msg/_stingray_msg_s.ep.rosidl_typesupport_c.c.o[0m
[8.139s] [ 90%] [32mBuilding C object CMakeFiles/stingray_msg__rosidl_typesupport_introspection_c__pyext.dir/rosidl_generator_py/stingray_msg/_stingray_msg_s.ep.rosidl_typesupport_introspection_c.c.o[0m
[8.549s] [ 93%] [32m[1mLinking C shared library rosidl_generator_py/stingray_msg/stingray_msg_s__rosidl_typesupport_fastrtps_c.cpython-310-x86_64-linux-gnu.so[0m
[8.713s] [ 96%] [32m[1mLinking C shared library rosidl_generator_py/stingray_msg/stingray_msg_s__rosidl_typesupport_introspection_c.cpython-310-x86_64-linux-gnu.so[0m
[8.770s] [ 96%] Built target stingray_msg__rosidl_typesupport_fastrtps_c__pyext
[8.812s] [ 96%] Built target stingray_msg__rosidl_typesupport_introspection_c__pyext
[8.857s] [100%] [32m[1mLinking C shared library rosidl_generator_py/stingray_msg/stingray_msg_s__rosidl_typesupport_c.cpython-310-x86_64-linux-gnu.so[0m
[8.977s] [100%] Built target stingray_msg__rosidl_typesupport_c__pyext
[9.008s] Invoked command in '/home/michael/Stingray_ws/src/build/stingray_msg' returned '0': CMAKE_PREFIX_PATH=${CMAKE_PREFIX_PATH}:/home/michael/Stingray_ws/install/stingray_control:/home/michael/Stingray_ws/install/stingray_controller:/home/michael/Stingray_ws/install/stingray_controll:/home/michael/Stingray_ws/install/px4_offboard:/home/michael/ros2_ws/install/ardupilot_dds_tests:/home/michael/ros2_ws/install/ardupilot_msgs:/home/michael/colcon_ws/install/ardupilot_ros:/home/michael/colcon_ws/install/ardupilot_dds_tests:/opt/ros/humble /usr/bin/cmake --build /home/michael/Stingray_ws/src/build/stingray_msg -- -j8 -l8
[9.338s] Invoking command in '/home/michael/Stingray_ws/src/build/stingray_msg': CMAKE_PREFIX_PATH=${CMAKE_PREFIX_PATH}:/home/michael/Stingray_ws/install/stingray_control:/home/michael/Stingray_ws/install/stingray_controller:/home/michael/Stingray_ws/install/stingray_controll:/home/michael/Stingray_ws/install/px4_offboard:/home/michael/ros2_ws/install/ardupilot_dds_tests:/home/michael/ros2_ws/install/ardupilot_msgs:/home/michael/colcon_ws/install/ardupilot_ros:/home/michael/colcon_ws/install/ardupilot_dds_tests:/opt/ros/humble /usr/bin/cmake --install /home/michael/Stingray_ws/src/build/stingray_msg
[9.359s] -- Install configuration: ""
[9.359s] -- Installing: /home/michael/Stingray_ws/src/install/stingray_msg/share/ament_index/resource_index/rosidl_interfaces/stingray_msg
[9.359s] -- Installing: /home/michael/Stingray_ws/src/install/stingray_msg/include/stingray_msg/stingray_msg
[9.359s] -- Installing: /home/michael/Stingray_ws/src/install/stingray_msg/include/stingray_msg/stingray_msg/msg
[9.359s] -- Installing: /home/michael/Stingray_ws/src/install/stingray_msg/include/stingray_msg/stingray_msg/msg/detail
[9.359s] -- Installing: /home/michael/Stingray_ws/src/install/stingray_msg/include/stingray_msg/stingray_msg/msg/detail/stingray_control__struct.h
[9.365s] -- Installing: /home/michael/Stingray_ws/src/install/stingray_msg/include/stingray_msg/stingray_msg/msg/detail/stingray_control__functions.h
[9.365s] -- Installing: /home/michael/Stingray_ws/src/install/stingray_msg/include/stingray_msg/stingray_msg/msg/detail/stingray_control__functions.c
[9.365s] -- Installing: /home/michael/Stingray_ws/src/install/stingray_msg/include/stingray_msg/stingray_msg/msg/detail/stingray_control__type_support.h
[9.365s] -- Installing: /home/michael/Stingray_ws/src/install/stingray_msg/include/stingray_msg/stingray_msg/msg/stingray_control.h
[9.365s] -- Installing: /home/michael/Stingray_ws/src/install/stingray_msg/include/stingray_msg/stingray_msg/msg/rosidl_generator_c__visibility_control.h
[9.366s] -- Installing: /home/michael/Stingray_ws/src/install/stingray_msg/share/stingray_msg/environment/library_path.sh
[9.366s] -- Installing: /home/michael/Stingray_ws/src/install/stingray_msg/share/stingray_msg/environment/library_path.dsv
[9.366s] -- Installing: /home/michael/Stingray_ws/src/install/stingray_msg/lib/libstingray_msg__rosidl_generator_c.so
[9.366s] -- Set runtime path of "/home/michael/Stingray_ws/src/install/stingray_msg/lib/libstingray_msg__rosidl_generator_c.so" to ""
[9.366s] -- Up-to-date: /home/michael/Stingray_ws/src/install/stingray_msg/include/stingray_msg/stingray_msg
[9.366s] -- Up-to-date: /home/michael/Stingray_ws/src/install/stingray_msg/include/stingray_msg/stingray_msg/msg
[9.366s] -- Up-to-date: /home/michael/Stingray_ws/src/install/stingray_msg/include/stingray_msg/stingray_msg/msg/detail
[9.366s] -- Installing: /home/michael/Stingray_ws/src/install/stingray_msg/include/stingray_msg/stingray_msg/msg/detail/stingray_control__rosidl_typesupport_fastrtps_c.h
[9.366s] -- Installing: /home/michael/Stingray_ws/src/install/stingray_msg/include/stingray_msg/stingray_msg/msg/rosidl_typesupport_fastrtps_c__visibility_control.h
[9.367s] -- Installing: /home/michael/Stingray_ws/src/install/stingray_msg/lib/libstingray_msg__rosidl_typesupport_fastrtps_c.so
[9.367s] -- Set runtime path of "/home/michael/Stingray_ws/src/install/stingray_msg/lib/libstingray_msg__rosidl_typesupport_fastrtps_c.so" to ""
[9.367s] -- Up-to-date: /home/michael/Stingray_ws/src/install/stingray_msg/include/stingray_msg/stingray_msg
[9.367s] -- Up-to-date: /home/michael/Stingray_ws/src/install/stingray_msg/include/stingray_msg/stingray_msg/msg
[9.367s] -- Up-to-date: /home/michael/Stingray_ws/src/install/stingray_msg/include/stingray_msg/stingray_msg/msg/detail
[9.367s] -- Installing: /home/michael/Stingray_ws/src/install/stingray_msg/include/stingray_msg/stingray_msg/msg/detail/stingray_control__builder.hpp
[9.367s] -- Installing: /home/michael/Stingray_ws/src/install/stingray_msg/include/stingray_msg/stingray_msg/msg/detail/stingray_control__traits.hpp
[9.367s] -- Installing: /home/michael/Stingray_ws/src/install/stingray_msg/include/stingray_msg/stingray_msg/msg/detail/stingray_control__struct.hpp
[9.368s] -- Installing: /home/michael/Stingray_ws/src/install/stingray_msg/include/stingray_msg/stingray_msg/msg/stingray_control.hpp
[9.368s] -- Up-to-date: /home/michael/Stingray_ws/src/install/stingray_msg/include/stingray_msg/stingray_msg
[9.368s] -- Up-to-date: /home/michael/Stingray_ws/src/install/stingray_msg/include/stingray_msg/stingray_msg/msg
[9.368s] -- Up-to-date: /home/michael/Stingray_ws/src/install/stingray_msg/include/stingray_msg/stingray_msg/msg/detail
[9.368s] -- Installing: /home/michael/Stingray_ws/src/install/stingray_msg/include/stingray_msg/stingray_msg/msg/detail/dds_fastrtps
[9.369s] -- Installing: /home/michael/Stingray_ws/src/install/stingray_msg/include/stingray_msg/stingray_msg/msg/detail/stingray_control__rosidl_typesupport_fastrtps_cpp.hpp
[9.369s] -- Installing: /home/michael/Stingray_ws/src/install/stingray_msg/include/stingray_msg/stingray_msg/msg/rosidl_typesupport_fastrtps_cpp__visibility_control.h
[9.369s] -- Installing: /home/michael/Stingray_ws/src/install/stingray_msg/lib/libstingray_msg__rosidl_typesupport_fastrtps_cpp.so
[9.369s] -- Set runtime path of "/home/michael/Stingray_ws/src/install/stingray_msg/lib/libstingray_msg__rosidl_typesupport_fastrtps_cpp.so" to ""
[9.369s] -- Up-to-date: /home/michael/Stingray_ws/src/install/stingray_msg/include/stingray_msg/stingray_msg
[9.369s] -- Up-to-date: /home/michael/Stingray_ws/src/install/stingray_msg/include/stingray_msg/stingray_msg/msg
[9.372s] -- Up-to-date: /home/michael/Stingray_ws/src/install/stingray_msg/include/stingray_msg/stingray_msg/msg/detail
[9.372s] -- Installing: /home/michael/Stingray_ws/src/install/stingray_msg/include/stingray_msg/stingray_msg/msg/detail/stingray_control__type_support.c
[9.372s] -- Installing: /home/michael/Stingray_ws/src/install/stingray_msg/include/stingray_msg/stingray_msg/msg/detail/stingray_control__rosidl_typesupport_introspection_c.h
[9.372s] -- Installing: /home/michael/Stingray_ws/src/install/stingray_msg/include/stingray_msg/stingray_msg/msg/rosidl_typesupport_introspection_c__visibility_control.h
[9.372s] -- Installing: /home/michael/Stingray_ws/src/install/stingray_msg/lib/libstingray_msg__rosidl_typesupport_introspection_c.so
[9.373s] -- Set runtime path of "/home/michael/Stingray_ws/src/install/stingray_msg/lib/libstingray_msg__rosidl_typesupport_introspection_c.so" to ""
[9.373s] -- Installing: /home/michael/Stingray_ws/src/install/stingray_msg/lib/libstingray_msg__rosidl_typesupport_c.so
[9.373s] -- Set runtime path of "/home/michael/Stingray_ws/src/install/stingray_msg/lib/libstingray_msg__rosidl_typesupport_c.so" to ""
[9.373s] -- Up-to-date: /home/michael/Stingray_ws/src/install/stingray_msg/include/stingray_msg/stingray_msg
[9.373s] -- Up-to-date: /home/michael/Stingray_ws/src/install/stingray_msg/include/stingray_msg/stingray_msg/msg
[9.373s] -- Up-to-date: /home/michael/Stingray_ws/src/install/stingray_msg/include/stingray_msg/stingray_msg/msg/detail
[9.374s] -- Installing: /home/michael/Stingray_ws/src/install/stingray_msg/include/stingray_msg/stingray_msg/msg/detail/stingray_control__type_support.cpp
[9.374s] -- Installing: /home/michael/Stingray_ws/src/install/stingray_msg/include/stingray_msg/stingray_msg/msg/detail/stingray_control__rosidl_typesupport_introspection_cpp.hpp
[9.375s] -- Installing: /home/michael/Stingray_ws/src/install/stingray_msg/lib/libstingray_msg__rosidl_typesupport_introspection_cpp.so
[9.375s] -- Set runtime path of "/home/michael/Stingray_ws/src/install/stingray_msg/lib/libstingray_msg__rosidl_typesupport_introspection_cpp.so" to ""
[9.375s] -- Installing: /home/michael/Stingray_ws/src/install/stingray_msg/lib/libstingray_msg__rosidl_typesupport_cpp.so
[9.375s] -- Set runtime path of "/home/michael/Stingray_ws/src/install/stingray_msg/lib/libstingray_msg__rosidl_typesupport_cpp.so" to ""
[9.375s] -- Installing: /home/michael/Stingray_ws/src/install/stingray_msg/share/stingray_msg/environment/pythonpath.sh
[9.375s] -- Installing: /home/michael/Stingray_ws/src/install/stingray_msg/share/stingray_msg/environment/pythonpath.dsv
[9.376s] -- Installing: /home/michael/Stingray_ws/src/install/stingray_msg/local/lib/python3.10/dist-packages/stingray_msg-0.0.0-py3.10.egg-info
[9.376s] -- Installing: /home/michael/Stingray_ws/src/install/stingray_msg/local/lib/python3.10/dist-packages/stingray_msg-0.0.0-py3.10.egg-info/top_level.txt
[9.377s] -- Installing: /home/michael/Stingray_ws/src/install/stingray_msg/local/lib/python3.10/dist-packages/stingray_msg-0.0.0-py3.10.egg-info/SOURCES.txt
[9.377s] -- Installing: /home/michael/Stingray_ws/src/install/stingray_msg/local/lib/python3.10/dist-packages/stingray_msg-0.0.0-py3.10.egg-info/dependency_links.txt
[9.377s] -- Installing: /home/michael/Stingray_ws/src/install/stingray_msg/local/lib/python3.10/dist-packages/stingray_msg-0.0.0-py3.10.egg-info/PKG-INFO
[9.377s] -- Installing: /home/michael/Stingray_ws/src/install/stingray_msg/local/lib/python3.10/dist-packages/stingray_msg
[9.377s] -- Installing: /home/michael/Stingray_ws/src/install/stingray_msg/local/lib/python3.10/dist-packages/stingray_msg/stingray_msg_s__rosidl_typesupport_c.cpython-310-x86_64-linux-gnu.so
[9.377s] -- Installing: /home/michael/Stingray_ws/src/install/stingray_msg/local/lib/python3.10/dist-packages/stingray_msg/msg
[9.377s] -- Installing: /home/michael/Stingray_ws/src/install/stingray_msg/local/lib/python3.10/dist-packages/stingray_msg/msg/_stingray_control.py
[9.377s] -- Installing: /home/michael/Stingray_ws/src/install/stingray_msg/local/lib/python3.10/dist-packages/stingray_msg/msg/__init__.py
[9.379s] -- Installing: /home/michael/Stingray_ws/src/install/stingray_msg/local/lib/python3.10/dist-packages/stingray_msg/msg/_stingray_control_s.c
[9.379s] -- Installing: /home/michael/Stingray_ws/src/install/stingray_msg/local/lib/python3.10/dist-packages/stingray_msg/libstingray_msg__rosidl_generator_py.so
[9.379s] -- Installing: /home/michael/Stingray_ws/src/install/stingray_msg/local/lib/python3.10/dist-packages/stingray_msg/__init__.py
[9.379s] -- Installing: /home/michael/Stingray_ws/src/install/stingray_msg/local/lib/python3.10/dist-packages/stingray_msg/_stingray_msg_s.ep.rosidl_typesupport_fastrtps_c.c
[9.379s] -- Installing: /home/michael/Stingray_ws/src/install/stingray_msg/local/lib/python3.10/dist-packages/stingray_msg/_stingray_msg_s.ep.rosidl_typesupport_c.c
[9.379s] -- Installing: /home/michael/Stingray_ws/src/install/stingray_msg/local/lib/python3.10/dist-packages/stingray_msg/stingray_msg_s__rosidl_typesupport_introspection_c.cpython-310-x86_64-linux-gnu.so
[9.379s] -- Installing: /home/michael/Stingray_ws/src/install/stingray_msg/local/lib/python3.10/dist-packages/stingray_msg/_stingray_msg_s.ep.rosidl_typesupport_introspection_c.c
[9.379s] -- Installing: /home/michael/Stingray_ws/src/install/stingray_msg/local/lib/python3.10/dist-packages/stingray_msg/stingray_msg_s__rosidl_typesupport_fastrtps_c.cpython-310-x86_64-linux-gnu.so
[9.488s] Listing '/home/michael/Stingray_ws/src/install/stingray_msg/local/lib/python3.10/dist-packages/stingray_msg'...
[9.489s] Compiling '/home/michael/Stingray_ws/src/install/stingray_msg/local/lib/python3.10/dist-packages/stingray_msg/__init__.py'...
[9.489s] Listing '/home/michael/Stingray_ws/src/install/stingray_msg/local/lib/python3.10/dist-packages/stingray_msg/msg'...
[9.489s] Compiling '/home/michael/Stingray_ws/src/install/stingray_msg/local/lib/python3.10/dist-packages/stingray_msg/msg/__init__.py'...
[9.489s] Compiling '/home/michael/Stingray_ws/src/install/stingray_msg/local/lib/python3.10/dist-packages/stingray_msg/msg/_stingray_control.py'...
[9.500s] -- Installing: /home/michael/Stingray_ws/src/install/stingray_msg/local/lib/python3.10/dist-packages/stingray_msg/stingray_msg_s__rosidl_typesupport_fastrtps_c.cpython-310-x86_64-linux-gnu.so
[9.501s] -- Set runtime path of "/home/michael/Stingray_ws/src/install/stingray_msg/local/lib/python3.10/dist-packages/stingray_msg/stingray_msg_s__rosidl_typesupport_fastrtps_c.cpython-310-x86_64-linux-gnu.so" to ""
[9.502s] -- Installing: /home/michael/Stingray_ws/src/install/stingray_msg/local/lib/python3.10/dist-packages/stingray_msg/stingray_msg_s__rosidl_typesupport_introspection_c.cpython-310-x86_64-linux-gnu.so
[9.509s] -- Set runtime path of "/home/michael/Stingray_ws/src/install/stingray_msg/local/lib/python3.10/dist-packages/stingray_msg/stingray_msg_s__rosidl_typesupport_introspection_c.cpython-310-x86_64-linux-gnu.so" to ""
[9.511s] -- Installing: /home/michael/Stingray_ws/src/install/stingray_msg/local/lib/python3.10/dist-packages/stingray_msg/stingray_msg_s__rosidl_typesupport_c.cpython-310-x86_64-linux-gnu.so
[9.512s] -- Set runtime path of "/home/michael/Stingray_ws/src/install/stingray_msg/local/lib/python3.10/dist-packages/stingray_msg/stingray_msg_s__rosidl_typesupport_c.cpython-310-x86_64-linux-gnu.so" to ""
[9.513s] -- Installing: /home/michael/Stingray_ws/src/install/stingray_msg/lib/libstingray_msg__rosidl_generator_py.so
[9.516s] -- Set runtime path of "/home/michael/Stingray_ws/src/install/stingray_msg/lib/libstingray_msg__rosidl_generator_py.so" to ""
[9.516s] -- Installing: /home/michael/Stingray_ws/src/install/stingray_msg/share/stingray_msg/msg/StingrayControl.idl
[9.517s] -- Installing: /home/michael/Stingray_ws/src/install/stingray_msg/share/stingray_msg/msg/StingrayControl.msg
[9.517s] -- Installing: /home/michael/Stingray_ws/src/install/stingray_msg/share/ament_index/resource_index/package_run_dependencies/stingray_msg
[9.517s] -- Installing: /home/michael/Stingray_ws/src/install/stingray_msg/share/ament_index/resource_index/parent_prefix_path/stingray_msg
[9.518s] -- Up-to-date: /home/michael/Stingray_ws/src/install/stingray_msg/share/stingray_msg/environment/ament_prefix_path.sh
[9.519s] -- Installing: /home/michael/Stingray_ws/src/install/stingray_msg/share/stingray_msg/environment/ament_prefix_path.dsv
[9.519s] -- Up-to-date: /home/michael/Stingray_ws/src/install/stingray_msg/share/stingray_msg/environment/path.sh
[9.519s] -- Installing: /home/michael/Stingray_ws/src/install/stingray_msg/share/stingray_msg/environment/path.dsv
[9.520s] -- Up-to-date: /home/michael/Stingray_ws/src/install/stingray_msg/share/stingray_msg/local_setup.bash
[9.521s] -- Installing: /home/michael/Stingray_ws/src/install/stingray_msg/share/stingray_msg/local_setup.sh
[9.522s] -- Up-to-date: /home/michael/Stingray_ws/src/install/stingray_msg/share/stingray_msg/local_setup.zsh
[9.522s] -- Installing: /home/michael/Stingray_ws/src/install/stingray_msg/share/stingray_msg/local_setup.dsv
[9.522s] -- Installing: /home/michael/Stingray_ws/src/install/stingray_msg/share/stingray_msg/package.dsv
[9.526s] -- Up-to-date: /home/michael/Stingray_ws/src/install/stingray_msg/share/ament_index/resource_index/packages/stingray_msg
[9.526s] -- Installing: /home/michael/Stingray_ws/src/install/stingray_msg/share/stingray_msg/cmake/export_stingray_msg__rosidl_generator_cExport.cmake
[9.526s] -- Installing: /home/michael/Stingray_ws/src/install/stingray_msg/share/stingray_msg/cmake/export_stingray_msg__rosidl_generator_cExport-noconfig.cmake
[9.527s] -- Installing: /home/michael/Stingray_ws/src/install/stingray_msg/share/stingray_msg/cmake/export_stingray_msg__rosidl_typesupport_fastrtps_cExport.cmake
[9.527s] -- Installing: /home/michael/Stingray_ws/src/install/stingray_msg/share/stingray_msg/cmake/export_stingray_msg__rosidl_typesupport_fastrtps_cExport-noconfig.cmake
[9.528s] -- Installing: /home/michael/Stingray_ws/src/install/stingray_msg/share/stingray_msg/cmake/export_stingray_msg__rosidl_generator_cppExport.cmake
[9.528s] -- Installing: /home/michael/Stingray_ws/src/install/stingray_msg/share/stingray_msg/cmake/export_stingray_msg__rosidl_typesupport_fastrtps_cppExport.cmake
[9.529s] -- Installing: /home/michael/Stingray_ws/src/install/stingray_msg/share/stingray_msg/cmake/export_stingray_msg__rosidl_typesupport_fastrtps_cppExport-noconfig.cmake
[9.529s] -- Installing: /home/michael/Stingray_ws/src/install/stingray_msg/share/stingray_msg/cmake/stingray_msg__rosidl_typesupport_introspection_cExport.cmake
[9.530s] -- Installing: /home/michael/Stingray_ws/src/install/stingray_msg/share/stingray_msg/cmake/stingray_msg__rosidl_typesupport_introspection_cExport-noconfig.cmake
[9.530s] -- Installing: /home/michael/Stingray_ws/src/install/stingray_msg/share/stingray_msg/cmake/stingray_msg__rosidl_typesupport_cExport.cmake
[9.530s] -- Installing: /home/michael/Stingray_ws/src/install/stingray_msg/share/stingray_msg/cmake/stingray_msg__rosidl_typesupport_cExport-noconfig.cmake
[9.531s] -- Installing: /home/michael/Stingray_ws/src/install/stingray_msg/share/stingray_msg/cmake/stingray_msg__rosidl_typesupport_introspection_cppExport.cmake
[9.531s] -- Installing: /home/michael/Stingray_ws/src/install/stingray_msg/share/stingray_msg/cmake/stingray_msg__rosidl_typesupport_introspection_cppExport-noconfig.cmake
[9.532s] -- Installing: /home/michael/Stingray_ws/src/install/stingray_msg/share/stingray_msg/cmake/stingray_msg__rosidl_typesupport_cppExport.cmake
[9.532s] -- Installing: /home/michael/Stingray_ws/src/install/stingray_msg/share/stingray_msg/cmake/stingray_msg__rosidl_typesupport_cppExport-noconfig.cmake
[9.533s] -- Installing: /home/michael/Stingray_ws/src/install/stingray_msg/share/stingray_msg/cmake/export_stingray_msg__rosidl_generator_pyExport.cmake
[9.533s] -- Installing: /home/michael/Stingray_ws/src/install/stingray_msg/share/stingray_msg/cmake/export_stingray_msg__rosidl_generator_pyExport-noconfig.cmake
[9.534s] -- Installing: /home/michael/Stingray_ws/src/install/stingray_msg/share/stingray_msg/cmake/rosidl_cmake-extras.cmake
[9.534s] -- Installing: /home/michael/Stingray_ws/src/install/stingray_msg/share/stingray_msg/cmake/ament_cmake_export_dependencies-extras.cmake
[9.535s] -- Installing: /home/michael/Stingray_ws/src/install/stingray_msg/share/stingray_msg/cmake/ament_cmake_export_include_directories-extras.cmake
[9.535s] -- Installing: /home/michael/Stingray_ws/src/install/stingray_msg/share/stingray_msg/cmake/ament_cmake_export_libraries-extras.cmake
[9.535s] -- Installing: /home/michael/Stingray_ws/src/install/stingray_msg/share/stingray_msg/cmake/ament_cmake_export_targets-extras.cmake
[9.536s] -- Installing: /home/michael/Stingray_ws/src/install/stingray_msg/share/stingray_msg/cmake/rosidl_cmake_export_typesupport_targets-extras.cmake
[9.536s] -- Installing: /home/michael/Stingray_ws/src/install/stingray_msg/share/stingray_msg/cmake/rosidl_cmake_export_typesupport_libraries-extras.cmake
[9.537s] -- Installing: /home/michael/Stingray_ws/src/install/stingray_msg/share/stingray_msg/cmake/stingray_msgConfig.cmake
[9.537s] -- Up-to-date: /home/michael/Stingray_ws/src/install/stingray_msg/share/stingray_msg/cmake/stingray_msgConfig-version.cmake
[9.537s] -- Installing: /home/michael/Stingray_ws/src/install/stingray_msg/share/stingray_msg/package.xml
[9.554s] Invoked command in '/home/michael/Stingray_ws/src/build/stingray_msg' returned '0': CMAKE_PREFIX_PATH=${CMAKE_PREFIX_PATH}:/home/michael/Stingray_ws/install/stingray_control:/home/michael/Stingray_ws/install/stingray_controller:/home/michael/Stingray_ws/install/stingray_controll:/home/michael/Stingray_ws/install/px4_offboard:/home/michael/ros2_ws/install/ardupilot_dds_tests:/home/michael/ros2_ws/install/ardupilot_msgs:/home/michael/colcon_ws/install/ardupilot_ros:/home/michael/colcon_ws/install/ardupilot_dds_tests:/opt/ros/humble /usr/bin/cmake --install /home/michael/Stingray_ws/src/build/stingray_msg
