[0.733s] DEBUG:colcon:Command line arguments: ['/usr/bin/colcon', 'build']
[0.733s] DEBUG:colcon:Parsed command line arguments: Namespace(log_base=None, log_level=None, verb_name='build', build_base='build', install_base='install', merge_install=False, symlink_install=False, test_result_base=None, continue_on_error=False, executor='parallel', parallel_workers=8, event_handlers=None, ignore_user_meta=False, metas=['./colcon.meta'], base_paths=['.'], packages_ignore=None, packages_ignore_regex=None, paths=None, packages_up_to=None, packages_up_to_regex=None, packages_above=None, packages_above_and_dependencies=None, packages_above_depth=None, packages_select_by_dep=None, packages_skip_by_dep=None, packages_skip_up_to=None, packages_select_build_failed=False, packages_skip_build_finished=False, packages_select_test_failures=False, packages_skip_test_passed=False, packages_select=None, packages_skip=None, packages_select_regex=None, packages_skip_regex=None, packages_start=None, packages_end=None, allow_overriding=[], cmake_args=None, cmake_target=None, cmake_target_skip_unavailable=False, cmake_clean_cache=False, cmake_clean_first=False, cmake_force_configure=False, ament_cmake_args=None, catkin_cmake_args=None, catkin_skip_building_tests=False, verb_parser=<colcon_defaults.argument_parser.defaults.DefaultArgumentsDecorator object at 0x792263438d00>, verb_extension=<colcon_core.verb.build.BuildVerb object at 0x7922635fa740>, main=<bound method BuildVerb.main of <colcon_core.verb.build.BuildVerb object at 0x7922635fa740>>)
[0.774s] Level 1:colcon.colcon_core.package_discovery:discover_packages(colcon_meta) check parameters
[0.775s] Level 1:colcon.colcon_core.package_discovery:discover_packages(recursive) check parameters
[0.775s] Level 1:colcon.colcon_core.package_discovery:discover_packages(ignore) check parameters
[0.775s] Level 1:colcon.colcon_core.package_discovery:discover_packages(path) check parameters
[0.775s] Level 1:colcon.colcon_core.package_discovery:discover_packages(colcon_meta) discover
[0.775s] Level 1:colcon.colcon_core.package_discovery:discover_packages(recursive) discover
[0.775s] INFO:colcon.colcon_core.package_discovery:Crawling recursively for packages in '/home/michael/Stingray_ws/src'
[0.775s] Level 1:colcon.colcon_core.package_identification:_identify(.) by extensions ['ignore', 'ignore_ament_install']
[0.775s] Level 1:colcon.colcon_core.package_identification:_identify(.) by extension 'ignore'
[0.775s] Level 1:colcon.colcon_core.package_identification:_identify(.) by extension 'ignore_ament_install'
[0.775s] Level 1:colcon.colcon_core.package_identification:_identify(.) by extensions ['colcon_pkg']
[0.775s] Level 1:colcon.colcon_core.package_identification:_identify(.) by extension 'colcon_pkg'
[0.775s] Level 1:colcon.colcon_core.package_identification:_identify(.) by extensions ['colcon_meta']
[0.775s] Level 1:colcon.colcon_core.package_identification:_identify(.) by extension 'colcon_meta'
[0.775s] Level 1:colcon.colcon_core.package_identification:_identify(.) by extensions ['ros']
[0.775s] Level 1:colcon.colcon_core.package_identification:_identify(.) by extension 'ros'
[0.785s] Level 1:colcon.colcon_core.package_identification:_identify(.) by extensions ['cmake', 'python']
[0.785s] Level 1:colcon.colcon_core.package_identification:_identify(.) by extension 'cmake'
[0.785s] Level 1:colcon.colcon_core.package_identification:_identify(.) by extension 'python'
[0.785s] Level 1:colcon.colcon_core.package_identification:_identify(.) by extensions ['python_setup_py']
[0.785s] Level 1:colcon.colcon_core.package_identification:_identify(.) by extension 'python_setup_py'
[0.785s] Level 1:colcon.colcon_core.package_identification:_identify(build) by extensions ['ignore', 'ignore_ament_install']
[0.786s] Level 1:colcon.colcon_core.package_identification:_identify(build) by extension 'ignore'
[0.786s] Level 1:colcon.colcon_core.package_identification:_identify(build) ignored
[0.786s] Level 1:colcon.colcon_core.package_identification:_identify(install) by extensions ['ignore', 'ignore_ament_install']
[0.786s] Level 1:colcon.colcon_core.package_identification:_identify(install) by extension 'ignore'
[0.786s] Level 1:colcon.colcon_core.package_identification:_identify(install) ignored
[0.786s] Level 1:colcon.colcon_core.package_identification:_identify(log) by extensions ['ignore', 'ignore_ament_install']
[0.786s] Level 1:colcon.colcon_core.package_identification:_identify(log) by extension 'ignore'
[0.786s] Level 1:colcon.colcon_core.package_identification:_identify(log) ignored
[0.786s] Level 1:colcon.colcon_core.package_identification:_identify(stingray_control) by extensions ['ignore', 'ignore_ament_install']
[0.786s] Level 1:colcon.colcon_core.package_identification:_identify(stingray_control) by extension 'ignore'
[0.786s] Level 1:colcon.colcon_core.package_identification:_identify(stingray_control) by extension 'ignore_ament_install'
[0.786s] Level 1:colcon.colcon_core.package_identification:_identify(stingray_control) by extensions ['colcon_pkg']
[0.786s] Level 1:colcon.colcon_core.package_identification:_identify(stingray_control) by extension 'colcon_pkg'
[0.786s] Level 1:colcon.colcon_core.package_identification:_identify(stingray_control) by extensions ['colcon_meta']
[0.786s] Level 1:colcon.colcon_core.package_identification:_identify(stingray_control) by extension 'colcon_meta'
[0.786s] Level 1:colcon.colcon_core.package_identification:_identify(stingray_control) by extensions ['ros']
[0.786s] Level 1:colcon.colcon_core.package_identification:_identify(stingray_control) by extension 'ros'
[0.788s] DEBUG:colcon.colcon_core.package_identification:Package 'stingray_control' with type 'ros.ament_python' and name 'stingray_control'
[0.788s] Level 1:colcon.colcon_core.package_identification:_identify(stingray_msg) by extensions ['ignore', 'ignore_ament_install']
[0.788s] Level 1:colcon.colcon_core.package_identification:_identify(stingray_msg) by extension 'ignore'
[0.788s] Level 1:colcon.colcon_core.package_identification:_identify(stingray_msg) by extension 'ignore_ament_install'
[0.788s] Level 1:colcon.colcon_core.package_identification:_identify(stingray_msg) by extensions ['colcon_pkg']
[0.788s] Level 1:colcon.colcon_core.package_identification:_identify(stingray_msg) by extension 'colcon_pkg'
[0.788s] Level 1:colcon.colcon_core.package_identification:_identify(stingray_msg) by extensions ['colcon_meta']
[0.788s] Level 1:colcon.colcon_core.package_identification:_identify(stingray_msg) by extension 'colcon_meta'
[0.788s] Level 1:colcon.colcon_core.package_identification:_identify(stingray_msg) by extensions ['ros']
[0.788s] Level 1:colcon.colcon_core.package_identification:_identify(stingray_msg) by extension 'ros'
[0.788s] DEBUG:colcon.colcon_core.package_identification:Package 'stingray_msg' with type 'ros.ament_cmake' and name 'stingray_msg'
[0.788s] Level 1:colcon.colcon_core.package_discovery:discover_packages(recursive) using defaults
[0.789s] Level 1:colcon.colcon_core.package_discovery:discover_packages(ignore) discover
[0.789s] Level 1:colcon.colcon_core.package_discovery:discover_packages(ignore) using defaults
[0.789s] Level 1:colcon.colcon_core.package_discovery:discover_packages(path) discover
[0.789s] Level 1:colcon.colcon_core.package_discovery:discover_packages(path) using defaults
[0.859s] Level 1:colcon.colcon_core.package_discovery:discover_packages(prefix_path) check parameters
[0.859s] Level 1:colcon.colcon_core.package_discovery:discover_packages(prefix_path) discover
[0.885s] DEBUG:colcon.colcon_installed_package_information.package_discovery:Found 2 installed packages in /home/michael/Stingray_ws/install
[0.896s] DEBUG:colcon.colcon_installed_package_information.package_discovery:Found 15 installed packages in /home/michael/ros2_ws/install
[0.908s] DEBUG:colcon.colcon_installed_package_information.package_discovery:Found 34 installed packages in /home/michael/colcon_ws/install
[0.924s] DEBUG:colcon.colcon_installed_package_information.package_discovery:Found 349 installed packages in /opt/ros/humble
[0.925s] Level 1:colcon.colcon_core.package_discovery:discover_packages(prefix_path) using defaults
[0.996s] Level 5:colcon.colcon_core.verb:set package 'stingray_msg' build argument 'cmake_args' from command line to 'None'
[0.996s] Level 5:colcon.colcon_core.verb:set package 'stingray_msg' build argument 'cmake_target' from command line to 'None'
[0.996s] Level 5:colcon.colcon_core.verb:set package 'stingray_msg' build argument 'cmake_target_skip_unavailable' from command line to 'False'
[0.996s] Level 5:colcon.colcon_core.verb:set package 'stingray_msg' build argument 'cmake_clean_cache' from command line to 'False'
[0.996s] Level 5:colcon.colcon_core.verb:set package 'stingray_msg' build argument 'cmake_clean_first' from command line to 'False'
[0.996s] Level 5:colcon.colcon_core.verb:set package 'stingray_msg' build argument 'cmake_force_configure' from command line to 'False'
[0.996s] Level 5:colcon.colcon_core.verb:set package 'stingray_msg' build argument 'ament_cmake_args' from command line to 'None'
[0.996s] Level 5:colcon.colcon_core.verb:set package 'stingray_msg' build argument 'catkin_cmake_args' from command line to 'None'
[0.996s] Level 5:colcon.colcon_core.verb:set package 'stingray_msg' build argument 'catkin_skip_building_tests' from command line to 'False'
[0.996s] DEBUG:colcon.colcon_core.verb:Building package 'stingray_msg' with the following arguments: {'ament_cmake_args': None, 'build_base': '/home/michael/Stingray_ws/src/build/stingray_msg', 'catkin_cmake_args': None, 'catkin_skip_building_tests': False, 'cmake_args': None, 'cmake_clean_cache': False, 'cmake_clean_first': False, 'cmake_force_configure': False, 'cmake_target': None, 'cmake_target_skip_unavailable': False, 'install_base': '/home/michael/Stingray_ws/src/install/stingray_msg', 'merge_install': False, 'path': '/home/michael/Stingray_ws/src/stingray_msg', 'symlink_install': False, 'test_result_base': None}
[1.008s] Level 5:colcon.colcon_core.verb:set package 'stingray_control' build argument 'cmake_args' from command line to 'None'
[1.008s] Level 5:colcon.colcon_core.verb:set package 'stingray_control' build argument 'cmake_target' from command line to 'None'
[1.008s] Level 5:colcon.colcon_core.verb:set package 'stingray_control' build argument 'cmake_target_skip_unavailable' from command line to 'False'
[1.008s] Level 5:colcon.colcon_core.verb:set package 'stingray_control' build argument 'cmake_clean_cache' from command line to 'False'
[1.008s] Level 5:colcon.colcon_core.verb:set package 'stingray_control' build argument 'cmake_clean_first' from command line to 'False'
[1.008s] Level 5:colcon.colcon_core.verb:set package 'stingray_control' build argument 'cmake_force_configure' from command line to 'False'
[1.008s] Level 5:colcon.colcon_core.verb:set package 'stingray_control' build argument 'ament_cmake_args' from command line to 'None'
[1.008s] Level 5:colcon.colcon_core.verb:set package 'stingray_control' build argument 'catkin_cmake_args' from command line to 'None'
[1.008s] Level 5:colcon.colcon_core.verb:set package 'stingray_control' build argument 'catkin_skip_building_tests' from command line to 'False'
[1.008s] DEBUG:colcon.colcon_core.verb:Building package 'stingray_control' with the following arguments: {'ament_cmake_args': None, 'build_base': '/home/michael/Stingray_ws/src/build/stingray_control', 'catkin_cmake_args': None, 'catkin_skip_building_tests': False, 'cmake_args': None, 'cmake_clean_cache': False, 'cmake_clean_first': False, 'cmake_force_configure': False, 'cmake_target': None, 'cmake_target_skip_unavailable': False, 'install_base': '/home/michael/Stingray_ws/src/install/stingray_control', 'merge_install': False, 'path': '/home/michael/Stingray_ws/src/stingray_control', 'symlink_install': False, 'test_result_base': None}
[1.019s] INFO:colcon.colcon_core.executor:Executing jobs using 'parallel' executor
[1.030s] DEBUG:colcon.colcon_parallel_executor.executor.parallel:run_until_complete
[1.030s] INFO:colcon.colcon_ros.task.ament_cmake.build:Building ROS package in '/home/michael/Stingray_ws/src/stingray_msg' with build type 'ament_cmake'
[1.031s] INFO:colcon.colcon_cmake.task.cmake.build:Building CMake package in '/home/michael/Stingray_ws/src/stingray_msg'
[1.043s] INFO:colcon.colcon_core.plugin_system:Skipping extension 'colcon_core.shell.bat': Not used on non-Windows systems
[1.044s] INFO:colcon.colcon_core.shell:Skip shell extension 'powershell' for command environment: Not usable outside of PowerShell
[1.044s] DEBUG:colcon.colcon_core.shell:Skip shell extension 'dsv' for command environment
[1.109s] DEBUG:colcon.colcon_core.event_handler.log_command:Invoking command in '/home/michael/Stingray_ws/src/build/stingray_msg': CMAKE_PREFIX_PATH=${CMAKE_PREFIX_PATH}:/home/michael/Stingray_ws/install/stingray_controll:/home/michael/ros2_ws/install/ardupilot_dds_tests:/home/michael/ros2_ws/install/ardupilot_msgs:/home/michael/colcon_ws/install/ardupilot_ros:/home/michael/colcon_ws/install/ardupilot_dds_tests:/opt/ros/humble /usr/bin/cmake --build /home/michael/Stingray_ws/src/build/stingray_msg -- -j8 -l8
[1.144s] DEBUG:colcon.colcon_core.event_handler.log_command:Invoked command in '/home/michael/Stingray_ws/src/build/stingray_msg' returned '0': CMAKE_PREFIX_PATH=${CMAKE_PREFIX_PATH}:/home/michael/Stingray_ws/install/stingray_controll:/home/michael/ros2_ws/install/ardupilot_dds_tests:/home/michael/ros2_ws/install/ardupilot_msgs:/home/michael/colcon_ws/install/ardupilot_ros:/home/michael/colcon_ws/install/ardupilot_dds_tests:/opt/ros/humble /usr/bin/cmake --build /home/michael/Stingray_ws/src/build/stingray_msg -- -j8 -l8
[1.179s] DEBUG:colcon.colcon_core.event_handler.log_command:Invoking command in '/home/michael/Stingray_ws/src/build/stingray_msg': CMAKE_PREFIX_PATH=${CMAKE_PREFIX_PATH}:/home/michael/Stingray_ws/install/stingray_controll:/home/michael/ros2_ws/install/ardupilot_dds_tests:/home/michael/ros2_ws/install/ardupilot_msgs:/home/michael/colcon_ws/install/ardupilot_ros:/home/michael/colcon_ws/install/ardupilot_dds_tests:/opt/ros/humble /usr/bin/cmake --install /home/michael/Stingray_ws/src/build/stingray_msg
[1.187s] Level 1:colcon.colcon_core.environment:create_environment_scripts_only(stingray_msg)
[1.187s] DEBUG:colcon.colcon_core.event_handler.log_command:Invoked command in '/home/michael/Stingray_ws/src/build/stingray_msg' returned '0': CMAKE_PREFIX_PATH=${CMAKE_PREFIX_PATH}:/home/michael/Stingray_ws/install/stingray_controll:/home/michael/ros2_ws/install/ardupilot_dds_tests:/home/michael/ros2_ws/install/ardupilot_msgs:/home/michael/colcon_ws/install/ardupilot_ros:/home/michael/colcon_ws/install/ardupilot_dds_tests:/opt/ros/humble /usr/bin/cmake --install /home/michael/Stingray_ws/src/build/stingray_msg
[1.201s] Level 1:colcon.colcon_core.environment:checking '/home/michael/Stingray_ws/src/install/stingray_msg' for CMake module files
[1.202s] Level 1:colcon.colcon_core.environment:checking '/home/michael/Stingray_ws/src/install/stingray_msg' for CMake config files
[1.202s] Level 1:colcon.colcon_core.shell:create_environment_hook('stingray_msg', 'cmake_prefix_path')
[1.213s] INFO:colcon.colcon_core.shell:Creating environment hook '/home/michael/Stingray_ws/src/install/stingray_msg/share/stingray_msg/hook/cmake_prefix_path.ps1'
[1.214s] INFO:colcon.colcon_core.shell:Creating environment descriptor '/home/michael/Stingray_ws/src/install/stingray_msg/share/stingray_msg/hook/cmake_prefix_path.dsv'
[1.214s] INFO:colcon.colcon_core.shell:Creating environment hook '/home/michael/Stingray_ws/src/install/stingray_msg/share/stingray_msg/hook/cmake_prefix_path.sh'
[1.215s] Level 1:colcon.colcon_core.environment:checking '/home/michael/Stingray_ws/src/install/stingray_msg/bin'
[1.215s] Level 1:colcon.colcon_core.environment:checking '/home/michael/Stingray_ws/src/install/stingray_msg/lib/pkgconfig/stingray_msg.pc'
[1.215s] Level 1:colcon.colcon_core.environment:checking '/home/michael/Stingray_ws/src/install/stingray_msg/lib/python3.10/site-packages'
[1.215s] Level 1:colcon.colcon_core.environment:checking '/home/michael/Stingray_ws/src/install/stingray_msg/bin'
[1.226s] INFO:colcon.colcon_core.shell:Creating package script '/home/michael/Stingray_ws/src/install/stingray_msg/share/stingray_msg/package.ps1'
[1.227s] INFO:colcon.colcon_core.shell:Creating package descriptor '/home/michael/Stingray_ws/src/install/stingray_msg/share/stingray_msg/package.dsv'
[1.227s] INFO:colcon.colcon_core.shell:Creating package script '/home/michael/Stingray_ws/src/install/stingray_msg/share/stingray_msg/package.sh'
[1.228s] INFO:colcon.colcon_core.shell:Creating package script '/home/michael/Stingray_ws/src/install/stingray_msg/share/stingray_msg/package.bash'
[1.228s] INFO:colcon.colcon_core.shell:Creating package script '/home/michael/Stingray_ws/src/install/stingray_msg/share/stingray_msg/package.zsh'
[1.228s] Level 1:colcon.colcon_core.environment:create_file_with_runtime_dependencies(/home/michael/Stingray_ws/src/install/stingray_msg/share/colcon-core/packages/stingray_msg)
[1.262s] Level 1:colcon.colcon_core.environment:create_environment_scripts_only(stingray_msg)
[1.274s] Level 1:colcon.colcon_core.environment:checking '/home/michael/Stingray_ws/src/install/stingray_msg' for CMake module files
[1.274s] Level 1:colcon.colcon_core.environment:checking '/home/michael/Stingray_ws/src/install/stingray_msg' for CMake config files
[1.274s] Level 1:colcon.colcon_core.shell:create_environment_hook('stingray_msg', 'cmake_prefix_path')
[1.285s] INFO:colcon.colcon_core.shell:Creating environment hook '/home/michael/Stingray_ws/src/install/stingray_msg/share/stingray_msg/hook/cmake_prefix_path.ps1'
[1.286s] INFO:colcon.colcon_core.shell:Creating environment descriptor '/home/michael/Stingray_ws/src/install/stingray_msg/share/stingray_msg/hook/cmake_prefix_path.dsv'
[1.286s] INFO:colcon.colcon_core.shell:Creating environment hook '/home/michael/Stingray_ws/src/install/stingray_msg/share/stingray_msg/hook/cmake_prefix_path.sh'
[1.286s] Level 1:colcon.colcon_core.environment:checking '/home/michael/Stingray_ws/src/install/stingray_msg/bin'
[1.286s] Level 1:colcon.colcon_core.environment:checking '/home/michael/Stingray_ws/src/install/stingray_msg/lib/pkgconfig/stingray_msg.pc'
[1.287s] Level 1:colcon.colcon_core.environment:checking '/home/michael/Stingray_ws/src/install/stingray_msg/lib/python3.10/site-packages'
[1.287s] Level 1:colcon.colcon_core.environment:checking '/home/michael/Stingray_ws/src/install/stingray_msg/bin'
[1.298s] INFO:colcon.colcon_core.shell:Creating package script '/home/michael/Stingray_ws/src/install/stingray_msg/share/stingray_msg/package.ps1'
[1.298s] INFO:colcon.colcon_core.shell:Creating package descriptor '/home/michael/Stingray_ws/src/install/stingray_msg/share/stingray_msg/package.dsv'
[1.299s] INFO:colcon.colcon_core.shell:Creating package script '/home/michael/Stingray_ws/src/install/stingray_msg/share/stingray_msg/package.sh'
[1.299s] INFO:colcon.colcon_core.shell:Creating package script '/home/michael/Stingray_ws/src/install/stingray_msg/share/stingray_msg/package.bash'
[1.299s] INFO:colcon.colcon_core.shell:Creating package script '/home/michael/Stingray_ws/src/install/stingray_msg/share/stingray_msg/package.zsh'
[1.299s] Level 1:colcon.colcon_core.environment:create_file_with_runtime_dependencies(/home/michael/Stingray_ws/src/install/stingray_msg/share/colcon-core/packages/stingray_msg)
[1.300s] INFO:colcon.colcon_ros.task.ament_python.build:Building ROS package in '/home/michael/Stingray_ws/src/stingray_control' with build type 'ament_python'
[1.300s] Level 1:colcon.colcon_core.shell:create_environment_hook('stingray_control', 'ament_prefix_path')
[1.312s] INFO:colcon.colcon_core.shell:Creating environment hook '/home/michael/Stingray_ws/src/install/stingray_control/share/stingray_control/hook/ament_prefix_path.ps1'
[1.313s] INFO:colcon.colcon_core.shell:Creating environment descriptor '/home/michael/Stingray_ws/src/install/stingray_control/share/stingray_control/hook/ament_prefix_path.dsv'
[1.313s] INFO:colcon.colcon_core.shell:Creating environment hook '/home/michael/Stingray_ws/src/install/stingray_control/share/stingray_control/hook/ament_prefix_path.sh'
[1.326s] INFO:colcon.colcon_core.shell:Skip shell extension 'powershell' for command environment: Not usable outside of PowerShell
[1.326s] DEBUG:colcon.colcon_core.shell:Skip shell extension 'dsv' for command environment
[1.537s] INFO:colcon.colcon_core.task.python.build:Building Python package in '/home/michael/Stingray_ws/src/stingray_control'
[1.548s] INFO:colcon.colcon_core.shell:Skip shell extension 'powershell' for command environment: Not usable outside of PowerShell
[1.549s] DEBUG:colcon.colcon_core.shell:Skip shell extension 'dsv' for command environment
[2.035s] DEBUG:colcon.colcon_core.event_handler.log_command:Invoking command in '/home/michael/Stingray_ws/src/stingray_control': AMENT_PREFIX_PATH=/home/michael/Stingray_ws/src/install/stingray_msg:${AMENT_PREFIX_PATH} CMAKE_PREFIX_PATH=/home/michael/Stingray_ws/src/install/stingray_msg:${CMAKE_PREFIX_PATH} PYTHONPATH=/home/michael/Stingray_ws/src/build/stingray_control/prefix_override:/home/michael/Stingray_ws/src/install/stingray_control/lib/python3.10/site-packages:${PYTHONPATH} /usr/bin/python3 setup.py egg_info --egg-base ../build/stingray_control build --build-base /home/michael/Stingray_ws/src/build/stingray_control/build install --record /home/michael/Stingray_ws/src/build/stingray_control/install.log --single-version-externally-managed
[2.415s] DEBUG:colcon.colcon_core.event_handler.log_command:Invoked command in '/home/michael/Stingray_ws/src/stingray_control' returned '0': AMENT_PREFIX_PATH=/home/michael/Stingray_ws/src/install/stingray_msg:${AMENT_PREFIX_PATH} CMAKE_PREFIX_PATH=/home/michael/Stingray_ws/src/install/stingray_msg:${CMAKE_PREFIX_PATH} PYTHONPATH=/home/michael/Stingray_ws/src/build/stingray_control/prefix_override:/home/michael/Stingray_ws/src/install/stingray_control/lib/python3.10/site-packages:${PYTHONPATH} /usr/bin/python3 setup.py egg_info --egg-base ../build/stingray_control build --build-base /home/michael/Stingray_ws/src/build/stingray_control/build install --record /home/michael/Stingray_ws/src/build/stingray_control/install.log --single-version-externally-managed
[2.426s] Level 1:colcon.colcon_core.environment:checking '/home/michael/Stingray_ws/src/install/stingray_control' for CMake module files
[2.426s] Level 1:colcon.colcon_core.environment:checking '/home/michael/Stingray_ws/src/install/stingray_control' for CMake config files
[2.427s] Level 1:colcon.colcon_core.environment:checking '/home/michael/Stingray_ws/src/install/stingray_control/lib'
[2.427s] Level 1:colcon.colcon_core.environment:checking '/home/michael/Stingray_ws/src/install/stingray_control/bin'
[2.427s] Level 1:colcon.colcon_core.environment:checking '/home/michael/Stingray_ws/src/install/stingray_control/lib/pkgconfig/stingray_control.pc'
[2.427s] Level 1:colcon.colcon_core.environment:checking '/home/michael/Stingray_ws/src/install/stingray_control/lib/python3.10/site-packages'
[2.427s] Level 1:colcon.colcon_core.shell:create_environment_hook('stingray_control', 'pythonpath')
[2.438s] INFO:colcon.colcon_core.shell:Creating environment hook '/home/michael/Stingray_ws/src/install/stingray_control/share/stingray_control/hook/pythonpath.ps1'
[2.439s] INFO:colcon.colcon_core.shell:Creating environment descriptor '/home/michael/Stingray_ws/src/install/stingray_control/share/stingray_control/hook/pythonpath.dsv'
[2.439s] INFO:colcon.colcon_core.shell:Creating environment hook '/home/michael/Stingray_ws/src/install/stingray_control/share/stingray_control/hook/pythonpath.sh'
[2.439s] Level 1:colcon.colcon_core.environment:checking '/home/michael/Stingray_ws/src/install/stingray_control/bin'
[2.439s] Level 1:colcon.colcon_core.environment:create_environment_scripts_only(stingray_control)
[2.451s] INFO:colcon.colcon_core.shell:Creating package script '/home/michael/Stingray_ws/src/install/stingray_control/share/stingray_control/package.ps1'
[2.451s] INFO:colcon.colcon_core.shell:Creating package descriptor '/home/michael/Stingray_ws/src/install/stingray_control/share/stingray_control/package.dsv'
[2.451s] INFO:colcon.colcon_core.shell:Creating package script '/home/michael/Stingray_ws/src/install/stingray_control/share/stingray_control/package.sh'
[2.452s] INFO:colcon.colcon_core.shell:Creating package script '/home/michael/Stingray_ws/src/install/stingray_control/share/stingray_control/package.bash'
[2.452s] INFO:colcon.colcon_core.shell:Creating package script '/home/michael/Stingray_ws/src/install/stingray_control/share/stingray_control/package.zsh'
[2.452s] Level 1:colcon.colcon_core.environment:create_file_with_runtime_dependencies(/home/michael/Stingray_ws/src/install/stingray_control/share/colcon-core/packages/stingray_control)
[2.452s] DEBUG:colcon.colcon_parallel_executor.executor.parallel:closing loop
[2.452s] DEBUG:colcon.colcon_parallel_executor.executor.parallel:loop closed
[2.452s] DEBUG:colcon.colcon_parallel_executor.executor.parallel:run_until_complete finished with '0'
[2.452s] DEBUG:colcon.colcon_core.event_reactor:joining thread
[2.468s] INFO:colcon.colcon_core.plugin_system:Skipping extension 'colcon_notification.desktop_notification.terminal_notifier': Not used on non-Darwin systems
[2.468s] INFO:colcon.colcon_core.plugin_system:Skipping extension 'colcon_notification.desktop_notification.win32': Not used on non-Windows systems
[2.468s] INFO:colcon.colcon_notification.desktop_notification:Sending desktop notification using 'notify2'
[2.475s] DEBUG:colcon.colcon_core.event_reactor:joined thread
[2.487s] INFO:colcon.colcon_core.shell:Creating prefix script '/home/michael/Stingray_ws/src/install/local_setup.ps1'
[2.488s] INFO:colcon.colcon_core.shell:Creating prefix util module '/home/michael/Stingray_ws/src/install/_local_setup_util_ps1.py'
[2.489s] INFO:colcon.colcon_core.shell:Creating prefix chain script '/home/michael/Stingray_ws/src/install/setup.ps1'
[2.502s] INFO:colcon.colcon_core.shell:Creating prefix script '/home/michael/Stingray_ws/src/install/local_setup.sh'
[2.502s] INFO:colcon.colcon_core.shell:Creating prefix util module '/home/michael/Stingray_ws/src/install/_local_setup_util_sh.py'
[2.503s] INFO:colcon.colcon_core.shell:Creating prefix chain script '/home/michael/Stingray_ws/src/install/setup.sh'
[2.516s] INFO:colcon.colcon_core.shell:Creating prefix script '/home/michael/Stingray_ws/src/install/local_setup.bash'
[2.516s] INFO:colcon.colcon_core.shell:Creating prefix chain script '/home/michael/Stingray_ws/src/install/setup.bash'
[2.529s] INFO:colcon.colcon_core.shell:Creating prefix script '/home/michael/Stingray_ws/src/install/local_setup.zsh'
[2.529s] INFO:colcon.colcon_core.shell:Creating prefix chain script '/home/michael/Stingray_ws/src/install/setup.zsh'
