[0.079s] Invoking command in '/home/michael/Stingray_ws/src/build/stingray_msg': CMAKE_PREFIX_PATH=${CMAKE_PREFIX_PATH}:/home/michael/Stingray_ws/install/stingray_controll:/home/michael/ros2_ws/install/ardupilot_dds_tests:/home/michael/ros2_ws/install/ardupilot_msgs:/home/michael/colcon_ws/install/ardupilot_ros:/home/michael/colcon_ws/install/ardupilot_dds_tests:/opt/ros/humble /usr/bin/cmake /home/michael/Stingray_ws/src/stingray_msg -DCMAKE_INSTALL_PREFIX=/home/michael/Stingray_ws/src/install/stingray_msg
[0.129s] -- The C compiler identification is GNU 11.4.0
[0.180s] -- The CXX compiler identification is GNU 11.4.0
[0.188s] -- Detecting C compiler ABI info
[0.237s] -- Detecting C compiler ABI info - done
[0.242s] -- Check for working C compiler: /usr/lib/ccache/cc - skipped
[0.242s] -- Detecting C compile features
[0.242s] -- Detecting C compile features - done
[0.244s] -- Detecting CXX compiler ABI info
[0.303s] -- Detecting CXX compiler ABI info - done
[0.310s] -- Check for working CXX compiler: /usr/lib/ccache/c++ - skipped
[0.310s] -- Detecting CXX compile features
[0.310s] -- Detecting CXX compile features - done
[0.314s] -- Found ament_cmake: 1.3.7 (/opt/ros/humble/share/ament_cmake/cmake)
[0.640s] -- Found Python3: /usr/bin/python3.10 (found version "3.10.12") found components: Interpreter 
[0.738s] -- Found ament_lint_auto: 0.12.10 (/opt/ros/humble/share/ament_lint_auto/cmake)
[0.813s] -- Added test 'lint_cmake' to check CMake code style
[0.814s] -- Added test 'xmllint' to check XML markup files
[0.816s] -- Configuring done
[0.817s] -- Generating done
[0.818s] -- Build files have been written to: /home/michael/Stingray_ws/src/build/stingray_msg
[0.821s] Invoked command in '/home/michael/Stingray_ws/src/build/stingray_msg' returned '0': CMAKE_PREFIX_PATH=${CMAKE_PREFIX_PATH}:/home/michael/Stingray_ws/install/stingray_controll:/home/michael/ros2_ws/install/ardupilot_dds_tests:/home/michael/ros2_ws/install/ardupilot_msgs:/home/michael/colcon_ws/install/ardupilot_ros:/home/michael/colcon_ws/install/ardupilot_dds_tests:/opt/ros/humble /usr/bin/cmake /home/michael/Stingray_ws/src/stingray_msg -DCMAKE_INSTALL_PREFIX=/home/michael/Stingray_ws/src/install/stingray_msg
[0.823s] Invoking command in '/home/michael/Stingray_ws/src/build/stingray_msg': CMAKE_PREFIX_PATH=${CMAKE_PREFIX_PATH}:/home/michael/Stingray_ws/install/stingray_controll:/home/michael/ros2_ws/install/ardupilot_dds_tests:/home/michael/ros2_ws/install/ardupilot_msgs:/home/michael/colcon_ws/install/ardupilot_ros:/home/michael/colcon_ws/install/ardupilot_dds_tests:/opt/ros/humble /usr/bin/cmake --build /home/michael/Stingray_ws/src/build/stingray_msg -- -j8 -l8
[0.856s] Invoked command in '/home/michael/Stingray_ws/src/build/stingray_msg' returned '0': CMAKE_PREFIX_PATH=${CMAKE_PREFIX_PATH}:/home/michael/Stingray_ws/install/stingray_controll:/home/michael/ros2_ws/install/ardupilot_dds_tests:/home/michael/ros2_ws/install/ardupilot_msgs:/home/michael/colcon_ws/install/ardupilot_ros:/home/michael/colcon_ws/install/ardupilot_dds_tests:/opt/ros/humble /usr/bin/cmake --build /home/michael/Stingray_ws/src/build/stingray_msg -- -j8 -l8
[0.894s] Invoking command in '/home/michael/Stingray_ws/src/build/stingray_msg': CMAKE_PREFIX_PATH=${CMAKE_PREFIX_PATH}:/home/michael/Stingray_ws/install/stingray_controll:/home/michael/ros2_ws/install/ardupilot_dds_tests:/home/michael/ros2_ws/install/ardupilot_msgs:/home/michael/colcon_ws/install/ardupilot_ros:/home/michael/colcon_ws/install/ardupilot_dds_tests:/opt/ros/humble /usr/bin/cmake --install /home/michael/Stingray_ws/src/build/stingray_msg
[0.900s] -- Install configuration: ""
[0.900s] -- Installing: /home/michael/Stingray_ws/src/install/stingray_msg/share/ament_index/resource_index/package_run_dependencies/stingray_msg
[0.900s] -- Installing: /home/michael/Stingray_ws/src/install/stingray_msg/share/ament_index/resource_index/parent_prefix_path/stingray_msg
[0.901s] -- Installing: /home/michael/Stingray_ws/src/install/stingray_msg/share/stingray_msg/environment/ament_prefix_path.sh
[0.901s] -- Installing: /home/michael/Stingray_ws/src/install/stingray_msg/share/stingray_msg/environment/ament_prefix_path.dsv
[0.901s] -- Installing: /home/michael/Stingray_ws/src/install/stingray_msg/share/stingray_msg/environment/path.sh
[0.901s] -- Installing: /home/michael/Stingray_ws/src/install/stingray_msg/share/stingray_msg/environment/path.dsv
[0.901s] -- Installing: /home/michael/Stingray_ws/src/install/stingray_msg/share/stingray_msg/local_setup.bash
[0.901s] -- Installing: /home/michael/Stingray_ws/src/install/stingray_msg/share/stingray_msg/local_setup.sh
[0.901s] -- Installing: /home/michael/Stingray_ws/src/install/stingray_msg/share/stingray_msg/local_setup.zsh
[0.901s] -- Installing: /home/michael/Stingray_ws/src/install/stingray_msg/share/stingray_msg/local_setup.dsv
[0.901s] -- Installing: /home/michael/Stingray_ws/src/install/stingray_msg/share/stingray_msg/package.dsv
[0.902s] -- Installing: /home/michael/Stingray_ws/src/install/stingray_msg/share/ament_index/resource_index/packages/stingray_msg
[0.902s] -- Installing: /home/michael/Stingray_ws/src/install/stingray_msg/share/stingray_msg/cmake/stingray_msgConfig.cmake
[0.902s] -- Installing: /home/michael/Stingray_ws/src/install/stingray_msg/share/stingray_msg/cmake/stingray_msgConfig-version.cmake
[0.902s] -- Installing: /home/michael/Stingray_ws/src/install/stingray_msg/share/stingray_msg/package.xml
[0.904s] Invoked command in '/home/michael/Stingray_ws/src/build/stingray_msg' returned '0': CMAKE_PREFIX_PATH=${CMAKE_PREFIX_PATH}:/home/michael/Stingray_ws/install/stingray_controll:/home/michael/ros2_ws/install/ardupilot_dds_tests:/home/michael/ros2_ws/install/ardupilot_msgs:/home/michael/colcon_ws/install/ardupilot_ros:/home/michael/colcon_ws/install/ardupilot_dds_tests:/opt/ros/humble /usr/bin/cmake --install /home/michael/Stingray_ws/src/build/stingray_msg
