[0.312s] Invoking command in '/home/michael/Stingray_ws/src/build/stingray_msg': CMAKE_PREFIX_PATH=${CMAKE_PREFIX_PATH}:/home/michael/Stingray_ws/install/stingray_controll:/home/michael/ros2_ws/install/ardupilot_dds_tests:/home/michael/ros2_ws/install/ardupilot_msgs:/home/michael/colcon_ws/install/ardupilot_ros:/home/michael/colcon_ws/install/ardupilot_dds_tests:/opt/ros/humble /usr/bin/cmake --build /home/michael/Stingray_ws/src/build/stingray_msg -- -j8 -l8
[0.344s] Invoked command in '/home/michael/Stingray_ws/src/build/stingray_msg' returned '0': CMAKE_PREFIX_PATH=${CMAKE_PREFIX_PATH}:/home/michael/Stingray_ws/install/stingray_controll:/home/michael/ros2_ws/install/ardupilot_dds_tests:/home/michael/ros2_ws/install/ardupilot_msgs:/home/michael/colcon_ws/install/ardupilot_ros:/home/michael/colcon_ws/install/ardupilot_dds_tests:/opt/ros/humble /usr/bin/cmake --build /home/michael/Stingray_ws/src/build/stingray_msg -- -j8 -l8
[0.375s] Invoking command in '/home/michael/Stingray_ws/src/build/stingray_msg': CMAKE_PREFIX_PATH=${CMAKE_PREFIX_PATH}:/home/michael/Stingray_ws/install/stingray_controll:/home/michael/ros2_ws/install/ardupilot_dds_tests:/home/michael/ros2_ws/install/ardupilot_msgs:/home/michael/colcon_ws/install/ardupilot_ros:/home/michael/colcon_ws/install/ardupilot_dds_tests:/opt/ros/humble /usr/bin/cmake --install /home/michael/Stingray_ws/src/build/stingray_msg
[0.381s] -- Install configuration: ""
[0.382s] -- Up-to-date: /home/michael/Stingray_ws/src/install/stingray_msg/share/ament_index/resource_index/package_run_dependencies/stingray_msg
[0.382s] -- Up-to-date: /home/michael/Stingray_ws/src/install/stingray_msg/share/ament_index/resource_index/parent_prefix_path/stingray_msg
[0.382s] -- Up-to-date: /home/michael/Stingray_ws/src/install/stingray_msg/share/stingray_msg/environment/ament_prefix_path.sh
[0.382s] -- Up-to-date: /home/michael/Stingray_ws/src/install/stingray_msg/share/stingray_msg/environment/ament_prefix_path.dsv
[0.382s] -- Up-to-date: /home/michael/Stingray_ws/src/install/stingray_msg/share/stingray_msg/environment/path.sh
[0.382s] -- Up-to-date: /home/michael/Stingray_ws/src/install/stingray_msg/share/stingray_msg/environment/path.dsv
[0.382s] -- Up-to-date: /home/michael/Stingray_ws/src/install/stingray_msg/share/stingray_msg/local_setup.bash
[0.382s] -- Up-to-date: /home/michael/Stingray_ws/src/install/stingray_msg/share/stingray_msg/local_setup.sh
[0.382s] -- Up-to-date: /home/michael/Stingray_ws/src/install/stingray_msg/share/stingray_msg/local_setup.zsh
[0.382s] -- Up-to-date: /home/michael/Stingray_ws/src/install/stingray_msg/share/stingray_msg/local_setup.dsv
[0.382s] -- Installing: /home/michael/Stingray_ws/src/install/stingray_msg/share/stingray_msg/package.dsv
[0.382s] -- Up-to-date: /home/michael/Stingray_ws/src/install/stingray_msg/share/ament_index/resource_index/packages/stingray_msg
[0.382s] -- Up-to-date: /home/michael/Stingray_ws/src/install/stingray_msg/share/stingray_msg/cmake/stingray_msgConfig.cmake
[0.382s] -- Up-to-date: /home/michael/Stingray_ws/src/install/stingray_msg/share/stingray_msg/cmake/stingray_msgConfig-version.cmake
[0.383s] -- Up-to-date: /home/michael/Stingray_ws/src/install/stingray_msg/share/stingray_msg/package.xml
[0.383s] Invoked command in '/home/michael/Stingray_ws/src/build/stingray_msg' returned '0': CMAKE_PREFIX_PATH=${CMAKE_PREFIX_PATH}:/home/michael/Stingray_ws/install/stingray_controll:/home/michael/ros2_ws/install/ardupilot_dds_tests:/home/michael/ros2_ws/install/ardupilot_msgs:/home/michael/colcon_ws/install/ardupilot_ros:/home/michael/colcon_ws/install/ardupilot_dds_tests:/opt/ros/humble /usr/bin/cmake --install /home/michael/Stingray_ws/src/build/stingray_msg
