[0.074s] DEBUG:colcon:Command line arguments: ['/usr/bin/colcon', 'build']
[0.074s] DEBUG:colcon:Parsed command line arguments: Namespace(log_base=None, log_level=None, verb_name='build', build_base='build', install_base='install', merge_install=False, symlink_install=False, test_result_base=None, continue_on_error=False, executor='parallel', parallel_workers=8, event_handlers=None, ignore_user_meta=False, metas=['./colcon.meta'], base_paths=['.'], packages_ignore=None, packages_ignore_regex=None, paths=None, packages_up_to=None, packages_up_to_regex=None, packages_above=None, packages_above_and_dependencies=None, packages_above_depth=None, packages_select_by_dep=None, packages_skip_by_dep=None, packages_skip_up_to=None, packages_select_build_failed=False, packages_skip_build_finished=False, packages_select_test_failures=False, packages_skip_test_passed=False, packages_select=None, packages_skip=None, packages_select_regex=None, packages_skip_regex=None, packages_start=None, packages_end=None, allow_overriding=[], cmake_args=None, cmake_target=None, cmake_target_skip_unavailable=False, cmake_clean_cache=False, cmake_clean_first=False, cmake_force_configure=False, ament_cmake_args=None, catkin_cmake_args=None, catkin_skip_building_tests=False, verb_parser=<colcon_defaults.argument_parser.defaults.DefaultArgumentsDecorator object at 0x7b5cd95fb430>, verb_extension=<colcon_core.verb.build.BuildVerb object at 0x7b5cd95fab00>, main=<bound method BuildVerb.main of <colcon_core.verb.build.BuildVerb object at 0x7b5cd95fab00>>)
[0.211s] Level 1:colcon.colcon_core.package_discovery:discover_packages(colcon_meta) check parameters
[0.211s] Level 1:colcon.colcon_core.package_discovery:discover_packages(recursive) check parameters
[0.211s] Level 1:colcon.colcon_core.package_discovery:discover_packages(ignore) check parameters
[0.211s] Level 1:colcon.colcon_core.package_discovery:discover_packages(path) check parameters
[0.211s] Level 1:colcon.colcon_core.package_discovery:discover_packages(colcon_meta) discover
[0.211s] Level 1:colcon.colcon_core.package_discovery:discover_packages(recursive) discover
[0.211s] INFO:colcon.colcon_core.package_discovery:Crawling recursively for packages in '/home/michael/Stingray1_ws'
[0.211s] Level 1:colcon.colcon_core.package_identification:_identify(.) by extensions ['ignore', 'ignore_ament_install']
[0.211s] Level 1:colcon.colcon_core.package_identification:_identify(.) by extension 'ignore'
[0.211s] Level 1:colcon.colcon_core.package_identification:_identify(.) by extension 'ignore_ament_install'
[0.211s] Level 1:colcon.colcon_core.package_identification:_identify(.) by extensions ['colcon_pkg']
[0.211s] Level 1:colcon.colcon_core.package_identification:_identify(.) by extension 'colcon_pkg'
[0.211s] Level 1:colcon.colcon_core.package_identification:_identify(.) by extensions ['colcon_meta']
[0.211s] Level 1:colcon.colcon_core.package_identification:_identify(.) by extension 'colcon_meta'
[0.211s] Level 1:colcon.colcon_core.package_identification:_identify(.) by extensions ['ros']
[0.211s] Level 1:colcon.colcon_core.package_identification:_identify(.) by extension 'ros'
[0.219s] Level 1:colcon.colcon_core.package_identification:_identify(.) by extensions ['cmake', 'python']
[0.219s] Level 1:colcon.colcon_core.package_identification:_identify(.) by extension 'cmake'
[0.219s] Level 1:colcon.colcon_core.package_identification:_identify(.) by extension 'python'
[0.219s] Level 1:colcon.colcon_core.package_identification:_identify(.) by extensions ['python_setup_py']
[0.219s] Level 1:colcon.colcon_core.package_identification:_identify(.) by extension 'python_setup_py'
[0.219s] Level 1:colcon.colcon_core.package_identification:_identify(build) by extensions ['ignore', 'ignore_ament_install']
[0.219s] Level 1:colcon.colcon_core.package_identification:_identify(build) by extension 'ignore'
[0.219s] Level 1:colcon.colcon_core.package_identification:_identify(build) ignored
[0.219s] Level 1:colcon.colcon_core.package_identification:_identify(install) by extensions ['ignore', 'ignore_ament_install']
[0.219s] Level 1:colcon.colcon_core.package_identification:_identify(install) by extension 'ignore'
[0.219s] Level 1:colcon.colcon_core.package_identification:_identify(install) ignored
[0.219s] Level 1:colcon.colcon_core.package_identification:_identify(log) by extensions ['ignore', 'ignore_ament_install']
[0.219s] Level 1:colcon.colcon_core.package_identification:_identify(log) by extension 'ignore'
[0.219s] Level 1:colcon.colcon_core.package_identification:_identify(log) ignored
[0.219s] Level 1:colcon.colcon_core.package_identification:_identify(src) by extensions ['ignore', 'ignore_ament_install']
[0.220s] Level 1:colcon.colcon_core.package_identification:_identify(src) by extension 'ignore'
[0.220s] Level 1:colcon.colcon_core.package_identification:_identify(src) by extension 'ignore_ament_install'
[0.220s] Level 1:colcon.colcon_core.package_identification:_identify(src) by extensions ['colcon_pkg']
[0.220s] Level 1:colcon.colcon_core.package_identification:_identify(src) by extension 'colcon_pkg'
[0.220s] Level 1:colcon.colcon_core.package_identification:_identify(src) by extensions ['colcon_meta']
[0.220s] Level 1:colcon.colcon_core.package_identification:_identify(src) by extension 'colcon_meta'
[0.220s] Level 1:colcon.colcon_core.package_identification:_identify(src) by extensions ['ros']
[0.220s] Level 1:colcon.colcon_core.package_identification:_identify(src) by extension 'ros'
[0.220s] Level 1:colcon.colcon_core.package_identification:_identify(src) by extensions ['cmake', 'python']
[0.220s] Level 1:colcon.colcon_core.package_identification:_identify(src) by extension 'cmake'
[0.220s] Level 1:colcon.colcon_core.package_identification:_identify(src) by extension 'python'
[0.220s] Level 1:colcon.colcon_core.package_identification:_identify(src) by extensions ['python_setup_py']
[0.220s] Level 1:colcon.colcon_core.package_identification:_identify(src) by extension 'python_setup_py'
[0.220s] Level 1:colcon.colcon_core.package_identification:_identify(src/ROS2_PX4_Offboard_Example) by extensions ['ignore', 'ignore_ament_install']
[0.220s] Level 1:colcon.colcon_core.package_identification:_identify(src/ROS2_PX4_Offboard_Example) by extension 'ignore'
[0.220s] Level 1:colcon.colcon_core.package_identification:_identify(src/ROS2_PX4_Offboard_Example) by extension 'ignore_ament_install'
[0.220s] Level 1:colcon.colcon_core.package_identification:_identify(src/ROS2_PX4_Offboard_Example) by extensions ['colcon_pkg']
[0.220s] Level 1:colcon.colcon_core.package_identification:_identify(src/ROS2_PX4_Offboard_Example) by extension 'colcon_pkg'
[0.220s] Level 1:colcon.colcon_core.package_identification:_identify(src/ROS2_PX4_Offboard_Example) by extensions ['colcon_meta']
[0.220s] Level 1:colcon.colcon_core.package_identification:_identify(src/ROS2_PX4_Offboard_Example) by extension 'colcon_meta'
[0.220s] Level 1:colcon.colcon_core.package_identification:_identify(src/ROS2_PX4_Offboard_Example) by extensions ['ros']
[0.220s] Level 1:colcon.colcon_core.package_identification:_identify(src/ROS2_PX4_Offboard_Example) by extension 'ros'
[0.220s] Level 1:colcon.colcon_core.package_identification:_identify(src/ROS2_PX4_Offboard_Example) by extensions ['cmake', 'python']
[0.220s] Level 1:colcon.colcon_core.package_identification:_identify(src/ROS2_PX4_Offboard_Example) by extension 'cmake'
[0.220s] Level 1:colcon.colcon_core.package_identification:_identify(src/ROS2_PX4_Offboard_Example) by extension 'python'
[0.220s] Level 1:colcon.colcon_core.package_identification:_identify(src/ROS2_PX4_Offboard_Example) by extensions ['python_setup_py']
[0.220s] Level 1:colcon.colcon_core.package_identification:_identify(src/ROS2_PX4_Offboard_Example) by extension 'python_setup_py'
[0.220s] Level 1:colcon.colcon_core.package_identification:_identify(src/ROS2_PX4_Offboard_Example/px4_offboard) by extensions ['ignore', 'ignore_ament_install']
[0.220s] Level 1:colcon.colcon_core.package_identification:_identify(src/ROS2_PX4_Offboard_Example/px4_offboard) by extension 'ignore'
[0.220s] Level 1:colcon.colcon_core.package_identification:_identify(src/ROS2_PX4_Offboard_Example/px4_offboard) by extension 'ignore_ament_install'
[0.220s] Level 1:colcon.colcon_core.package_identification:_identify(src/ROS2_PX4_Offboard_Example/px4_offboard) by extensions ['colcon_pkg']
[0.220s] Level 1:colcon.colcon_core.package_identification:_identify(src/ROS2_PX4_Offboard_Example/px4_offboard) by extension 'colcon_pkg'
[0.220s] Level 1:colcon.colcon_core.package_identification:_identify(src/ROS2_PX4_Offboard_Example/px4_offboard) by extensions ['colcon_meta']
[0.220s] Level 1:colcon.colcon_core.package_identification:_identify(src/ROS2_PX4_Offboard_Example/px4_offboard) by extension 'colcon_meta'
[0.220s] Level 1:colcon.colcon_core.package_identification:_identify(src/ROS2_PX4_Offboard_Example/px4_offboard) by extensions ['ros']
[0.221s] Level 1:colcon.colcon_core.package_identification:_identify(src/ROS2_PX4_Offboard_Example/px4_offboard) by extension 'ros'
[0.229s] DEBUG:colcon.colcon_core.package_identification:Package 'src/ROS2_PX4_Offboard_Example/px4_offboard' with type 'ros.ament_python' and name 'px4_offboard'
[0.229s] Level 1:colcon.colcon_core.package_identification:_identify(src/build) by extensions ['ignore', 'ignore_ament_install']
[0.229s] Level 1:colcon.colcon_core.package_identification:_identify(src/build) by extension 'ignore'
[0.230s] Level 1:colcon.colcon_core.package_identification:_identify(src/build) ignored
[0.230s] Level 1:colcon.colcon_core.package_identification:_identify(src/install) by extensions ['ignore', 'ignore_ament_install']
[0.230s] Level 1:colcon.colcon_core.package_identification:_identify(src/install) by extension 'ignore'
[0.230s] Level 1:colcon.colcon_core.package_identification:_identify(src/install) ignored
[0.230s] Level 1:colcon.colcon_core.package_identification:_identify(src/log) by extensions ['ignore', 'ignore_ament_install']
[0.230s] Level 1:colcon.colcon_core.package_identification:_identify(src/log) by extension 'ignore'
[0.230s] Level 1:colcon.colcon_core.package_identification:_identify(src/log) ignored
[0.230s] Level 1:colcon.colcon_core.package_identification:_identify(src/px4_msgs) by extensions ['ignore', 'ignore_ament_install']
[0.230s] Level 1:colcon.colcon_core.package_identification:_identify(src/px4_msgs) by extension 'ignore'
[0.230s] Level 1:colcon.colcon_core.package_identification:_identify(src/px4_msgs) by extension 'ignore_ament_install'
[0.230s] Level 1:colcon.colcon_core.package_identification:_identify(src/px4_msgs) by extensions ['colcon_pkg']
[0.230s] Level 1:colcon.colcon_core.package_identification:_identify(src/px4_msgs) by extension 'colcon_pkg'
[0.230s] Level 1:colcon.colcon_core.package_identification:_identify(src/px4_msgs) by extensions ['colcon_meta']
[0.230s] Level 1:colcon.colcon_core.package_identification:_identify(src/px4_msgs) by extension 'colcon_meta'
[0.230s] Level 1:colcon.colcon_core.package_identification:_identify(src/px4_msgs) by extensions ['ros']
[0.230s] Level 1:colcon.colcon_core.package_identification:_identify(src/px4_msgs) by extension 'ros'
[0.231s] DEBUG:colcon.colcon_core.package_identification:Package 'src/px4_msgs' with type 'ros.ament_cmake' and name 'px4_msgs'
[0.231s] Level 1:colcon.colcon_core.package_identification:_identify(src/px4_ros_com) by extensions ['ignore', 'ignore_ament_install']
[0.231s] Level 1:colcon.colcon_core.package_identification:_identify(src/px4_ros_com) by extension 'ignore'
[0.231s] Level 1:colcon.colcon_core.package_identification:_identify(src/px4_ros_com) by extension 'ignore_ament_install'
[0.231s] Level 1:colcon.colcon_core.package_identification:_identify(src/px4_ros_com) by extensions ['colcon_pkg']
[0.231s] Level 1:colcon.colcon_core.package_identification:_identify(src/px4_ros_com) by extension 'colcon_pkg'
[0.231s] Level 1:colcon.colcon_core.package_identification:_identify(src/px4_ros_com) by extensions ['colcon_meta']
[0.231s] Level 1:colcon.colcon_core.package_identification:_identify(src/px4_ros_com) by extension 'colcon_meta'
[0.231s] Level 1:colcon.colcon_core.package_identification:_identify(src/px4_ros_com) by extensions ['ros']
[0.231s] Level 1:colcon.colcon_core.package_identification:_identify(src/px4_ros_com) by extension 'ros'
[0.232s] DEBUG:colcon.colcon_core.package_identification:Package 'src/px4_ros_com' with type 'ros.ament_cmake' and name 'px4_ros_com'
[0.232s] Level 1:colcon.colcon_core.package_identification:_identify(src/stingray_controller) by extensions ['ignore', 'ignore_ament_install']
[0.232s] Level 1:colcon.colcon_core.package_identification:_identify(src/stingray_controller) by extension 'ignore'
[0.232s] Level 1:colcon.colcon_core.package_identification:_identify(src/stingray_controller) by extension 'ignore_ament_install'
[0.232s] Level 1:colcon.colcon_core.package_identification:_identify(src/stingray_controller) by extensions ['colcon_pkg']
[0.232s] Level 1:colcon.colcon_core.package_identification:_identify(src/stingray_controller) by extension 'colcon_pkg'
[0.232s] Level 1:colcon.colcon_core.package_identification:_identify(src/stingray_controller) by extensions ['colcon_meta']
[0.232s] Level 1:colcon.colcon_core.package_identification:_identify(src/stingray_controller) by extension 'colcon_meta'
[0.232s] Level 1:colcon.colcon_core.package_identification:_identify(src/stingray_controller) by extensions ['ros']
[0.232s] Level 1:colcon.colcon_core.package_identification:_identify(src/stingray_controller) by extension 'ros'
[0.232s] DEBUG:colcon.colcon_core.package_identification:Package 'src/stingray_controller' with type 'ros.ament_python' and name 'stingray_control'
[0.232s] Level 1:colcon.colcon_core.package_identification:_identify(src/stingray_msg) by extensions ['ignore', 'ignore_ament_install']
[0.232s] Level 1:colcon.colcon_core.package_identification:_identify(src/stingray_msg) by extension 'ignore'
[0.233s] Level 1:colcon.colcon_core.package_identification:_identify(src/stingray_msg) by extension 'ignore_ament_install'
[0.233s] Level 1:colcon.colcon_core.package_identification:_identify(src/stingray_msg) by extensions ['colcon_pkg']
[0.233s] Level 1:colcon.colcon_core.package_identification:_identify(src/stingray_msg) by extension 'colcon_pkg'
[0.233s] Level 1:colcon.colcon_core.package_identification:_identify(src/stingray_msg) by extensions ['colcon_meta']
[0.233s] Level 1:colcon.colcon_core.package_identification:_identify(src/stingray_msg) by extension 'colcon_meta'
[0.233s] Level 1:colcon.colcon_core.package_identification:_identify(src/stingray_msg) by extensions ['ros']
[0.233s] Level 1:colcon.colcon_core.package_identification:_identify(src/stingray_msg) by extension 'ros'
[0.233s] DEBUG:colcon.colcon_core.package_identification:Package 'src/stingray_msg' with type 'ros.ament_cmake' and name 'stingray_msg'
[0.233s] Level 1:colcon.colcon_core.package_discovery:discover_packages(recursive) using defaults
[0.233s] Level 1:colcon.colcon_core.package_discovery:discover_packages(ignore) discover
[0.233s] Level 1:colcon.colcon_core.package_discovery:discover_packages(ignore) using defaults
[0.233s] Level 1:colcon.colcon_core.package_discovery:discover_packages(path) discover
[0.233s] Level 1:colcon.colcon_core.package_discovery:discover_packages(path) using defaults
[0.247s] Level 1:colcon.colcon_core.package_discovery:discover_packages(prefix_path) check parameters
[0.247s] Level 1:colcon.colcon_core.package_discovery:discover_packages(prefix_path) discover
[0.249s] DEBUG:colcon.colcon_installed_package_information.package_discovery:Found 15 installed packages in /home/michael/ros2_ws/install
[0.250s] DEBUG:colcon.colcon_installed_package_information.package_discovery:Found 34 installed packages in /home/michael/colcon_ws/install
[0.252s] DEBUG:colcon.colcon_installed_package_information.package_discovery:Found 350 installed packages in /opt/ros/humble
[0.253s] Level 1:colcon.colcon_core.package_discovery:discover_packages(prefix_path) using defaults
[0.284s] Level 5:colcon.colcon_core.verb:set package 'px4_msgs' build argument 'cmake_args' from command line to 'None'
[0.284s] Level 5:colcon.colcon_core.verb:set package 'px4_msgs' build argument 'cmake_target' from command line to 'None'
[0.284s] Level 5:colcon.colcon_core.verb:set package 'px4_msgs' build argument 'cmake_target_skip_unavailable' from command line to 'False'
[0.284s] Level 5:colcon.colcon_core.verb:set package 'px4_msgs' build argument 'cmake_clean_cache' from command line to 'False'
[0.284s] Level 5:colcon.colcon_core.verb:set package 'px4_msgs' build argument 'cmake_clean_first' from command line to 'False'
[0.284s] Level 5:colcon.colcon_core.verb:set package 'px4_msgs' build argument 'cmake_force_configure' from command line to 'False'
[0.284s] Level 5:colcon.colcon_core.verb:set package 'px4_msgs' build argument 'ament_cmake_args' from command line to 'None'
[0.284s] Level 5:colcon.colcon_core.verb:set package 'px4_msgs' build argument 'catkin_cmake_args' from command line to 'None'
[0.284s] Level 5:colcon.colcon_core.verb:set package 'px4_msgs' build argument 'catkin_skip_building_tests' from command line to 'False'
[0.284s] DEBUG:colcon.colcon_core.verb:Building package 'px4_msgs' with the following arguments: {'ament_cmake_args': None, 'build_base': '/home/michael/Stingray1_ws/build/px4_msgs', 'catkin_cmake_args': None, 'catkin_skip_building_tests': False, 'cmake_args': None, 'cmake_clean_cache': False, 'cmake_clean_first': False, 'cmake_force_configure': False, 'cmake_target': None, 'cmake_target_skip_unavailable': False, 'install_base': '/home/michael/Stingray1_ws/install/px4_msgs', 'merge_install': False, 'path': '/home/michael/Stingray1_ws/src/px4_msgs', 'symlink_install': False, 'test_result_base': None}
[0.284s] Level 5:colcon.colcon_core.verb:set package 'stingray_msg' build argument 'cmake_args' from command line to 'None'
[0.284s] Level 5:colcon.colcon_core.verb:set package 'stingray_msg' build argument 'cmake_target' from command line to 'None'
[0.284s] Level 5:colcon.colcon_core.verb:set package 'stingray_msg' build argument 'cmake_target_skip_unavailable' from command line to 'False'
[0.284s] Level 5:colcon.colcon_core.verb:set package 'stingray_msg' build argument 'cmake_clean_cache' from command line to 'False'
[0.284s] Level 5:colcon.colcon_core.verb:set package 'stingray_msg' build argument 'cmake_clean_first' from command line to 'False'
[0.284s] Level 5:colcon.colcon_core.verb:set package 'stingray_msg' build argument 'cmake_force_configure' from command line to 'False'
[0.284s] Level 5:colcon.colcon_core.verb:set package 'stingray_msg' build argument 'ament_cmake_args' from command line to 'None'
[0.284s] Level 5:colcon.colcon_core.verb:set package 'stingray_msg' build argument 'catkin_cmake_args' from command line to 'None'
[0.284s] Level 5:colcon.colcon_core.verb:set package 'stingray_msg' build argument 'catkin_skip_building_tests' from command line to 'False'
[0.284s] DEBUG:colcon.colcon_core.verb:Building package 'stingray_msg' with the following arguments: {'ament_cmake_args': None, 'build_base': '/home/michael/Stingray1_ws/build/stingray_msg', 'catkin_cmake_args': None, 'catkin_skip_building_tests': False, 'cmake_args': None, 'cmake_clean_cache': False, 'cmake_clean_first': False, 'cmake_force_configure': False, 'cmake_target': None, 'cmake_target_skip_unavailable': False, 'install_base': '/home/michael/Stingray1_ws/install/stingray_msg', 'merge_install': False, 'path': '/home/michael/Stingray1_ws/src/stingray_msg', 'symlink_install': False, 'test_result_base': None}
[0.285s] Level 5:colcon.colcon_core.verb:set package 'px4_offboard' build argument 'cmake_args' from command line to 'None'
[0.285s] Level 5:colcon.colcon_core.verb:set package 'px4_offboard' build argument 'cmake_target' from command line to 'None'
[0.285s] Level 5:colcon.colcon_core.verb:set package 'px4_offboard' build argument 'cmake_target_skip_unavailable' from command line to 'False'
[0.285s] Level 5:colcon.colcon_core.verb:set package 'px4_offboard' build argument 'cmake_clean_cache' from command line to 'False'
[0.285s] Level 5:colcon.colcon_core.verb:set package 'px4_offboard' build argument 'cmake_clean_first' from command line to 'False'
[0.285s] Level 5:colcon.colcon_core.verb:set package 'px4_offboard' build argument 'cmake_force_configure' from command line to 'False'
[0.285s] Level 5:colcon.colcon_core.verb:set package 'px4_offboard' build argument 'ament_cmake_args' from command line to 'None'
[0.285s] Level 5:colcon.colcon_core.verb:set package 'px4_offboard' build argument 'catkin_cmake_args' from command line to 'None'
[0.285s] Level 5:colcon.colcon_core.verb:set package 'px4_offboard' build argument 'catkin_skip_building_tests' from command line to 'False'
[0.285s] DEBUG:colcon.colcon_core.verb:Building package 'px4_offboard' with the following arguments: {'ament_cmake_args': None, 'build_base': '/home/michael/Stingray1_ws/build/px4_offboard', 'catkin_cmake_args': None, 'catkin_skip_building_tests': False, 'cmake_args': None, 'cmake_clean_cache': False, 'cmake_clean_first': False, 'cmake_force_configure': False, 'cmake_target': None, 'cmake_target_skip_unavailable': False, 'install_base': '/home/michael/Stingray1_ws/install/px4_offboard', 'merge_install': False, 'path': '/home/michael/Stingray1_ws/src/ROS2_PX4_Offboard_Example/px4_offboard', 'symlink_install': False, 'test_result_base': None}
[0.285s] Level 5:colcon.colcon_core.verb:set package 'px4_ros_com' build argument 'cmake_args' from command line to 'None'
[0.285s] Level 5:colcon.colcon_core.verb:set package 'px4_ros_com' build argument 'cmake_target' from command line to 'None'
[0.285s] Level 5:colcon.colcon_core.verb:set package 'px4_ros_com' build argument 'cmake_target_skip_unavailable' from command line to 'False'
[0.285s] Level 5:colcon.colcon_core.verb:set package 'px4_ros_com' build argument 'cmake_clean_cache' from command line to 'False'
[0.285s] Level 5:colcon.colcon_core.verb:set package 'px4_ros_com' build argument 'cmake_clean_first' from command line to 'False'
[0.285s] Level 5:colcon.colcon_core.verb:set package 'px4_ros_com' build argument 'cmake_force_configure' from command line to 'False'
[0.285s] Level 5:colcon.colcon_core.verb:set package 'px4_ros_com' build argument 'ament_cmake_args' from command line to 'None'
[0.285s] Level 5:colcon.colcon_core.verb:set package 'px4_ros_com' build argument 'catkin_cmake_args' from command line to 'None'
[0.285s] Level 5:colcon.colcon_core.verb:set package 'px4_ros_com' build argument 'catkin_skip_building_tests' from command line to 'False'
[0.285s] DEBUG:colcon.colcon_core.verb:Building package 'px4_ros_com' with the following arguments: {'ament_cmake_args': None, 'build_base': '/home/michael/Stingray1_ws/build/px4_ros_com', 'catkin_cmake_args': None, 'catkin_skip_building_tests': False, 'cmake_args': None, 'cmake_clean_cache': False, 'cmake_clean_first': False, 'cmake_force_configure': False, 'cmake_target': None, 'cmake_target_skip_unavailable': False, 'install_base': '/home/michael/Stingray1_ws/install/px4_ros_com', 'merge_install': False, 'path': '/home/michael/Stingray1_ws/src/px4_ros_com', 'symlink_install': False, 'test_result_base': None}
[0.285s] Level 5:colcon.colcon_core.verb:set package 'stingray_control' build argument 'cmake_args' from command line to 'None'
[0.285s] Level 5:colcon.colcon_core.verb:set package 'stingray_control' build argument 'cmake_target' from command line to 'None'
[0.285s] Level 5:colcon.colcon_core.verb:set package 'stingray_control' build argument 'cmake_target_skip_unavailable' from command line to 'False'
[0.285s] Level 5:colcon.colcon_core.verb:set package 'stingray_control' build argument 'cmake_clean_cache' from command line to 'False'
[0.285s] Level 5:colcon.colcon_core.verb:set package 'stingray_control' build argument 'cmake_clean_first' from command line to 'False'
[0.285s] Level 5:colcon.colcon_core.verb:set package 'stingray_control' build argument 'cmake_force_configure' from command line to 'False'
[0.285s] Level 5:colcon.colcon_core.verb:set package 'stingray_control' build argument 'ament_cmake_args' from command line to 'None'
[0.285s] Level 5:colcon.colcon_core.verb:set package 'stingray_control' build argument 'catkin_cmake_args' from command line to 'None'
[0.285s] Level 5:colcon.colcon_core.verb:set package 'stingray_control' build argument 'catkin_skip_building_tests' from command line to 'False'
[0.285s] DEBUG:colcon.colcon_core.verb:Building package 'stingray_control' with the following arguments: {'ament_cmake_args': None, 'build_base': '/home/michael/Stingray1_ws/build/stingray_control', 'catkin_cmake_args': None, 'catkin_skip_building_tests': False, 'cmake_args': None, 'cmake_clean_cache': False, 'cmake_clean_first': False, 'cmake_force_configure': False, 'cmake_target': None, 'cmake_target_skip_unavailable': False, 'install_base': '/home/michael/Stingray1_ws/install/stingray_control', 'merge_install': False, 'path': '/home/michael/Stingray1_ws/src/stingray_controller', 'symlink_install': False, 'test_result_base': None}
[0.285s] INFO:colcon.colcon_core.executor:Executing jobs using 'parallel' executor
[0.286s] DEBUG:colcon.colcon_parallel_executor.executor.parallel:run_until_complete
[0.286s] INFO:colcon.colcon_ros.task.ament_cmake.build:Building ROS package in '/home/michael/Stingray1_ws/src/px4_msgs' with build type 'ament_cmake'
[0.286s] INFO:colcon.colcon_cmake.task.cmake.build:Building CMake package in '/home/michael/Stingray1_ws/src/px4_msgs'
[0.288s] INFO:colcon.colcon_core.plugin_system:Skipping extension 'colcon_core.shell.bat': Not used on non-Windows systems
[0.288s] INFO:colcon.colcon_core.shell:Skip shell extension 'powershell' for command environment: Not usable outside of PowerShell
[0.288s] DEBUG:colcon.colcon_core.shell:Skip shell extension 'dsv' for command environment
[0.292s] INFO:colcon.colcon_ros.task.ament_cmake.build:Building ROS package in '/home/michael/Stingray1_ws/src/stingray_msg' with build type 'ament_cmake'
[0.292s] INFO:colcon.colcon_cmake.task.cmake.build:Building CMake package in '/home/michael/Stingray1_ws/src/stingray_msg'
[0.292s] INFO:colcon.colcon_core.shell:Skip shell extension 'powershell' for command environment: Not usable outside of PowerShell
[0.292s] DEBUG:colcon.colcon_core.shell:Skip shell extension 'dsv' for command environment
[0.299s] DEBUG:colcon.colcon_core.event_handler.log_command:Invoking command in '/home/michael/Stingray1_ws/build/px4_msgs': CMAKE_PREFIX_PATH=${CMAKE_PREFIX_PATH}:/home/michael/ros2_ws/install/ardupilot_dds_tests:/home/michael/ros2_ws/install/ardupilot_msgs:/home/michael/colcon_ws/install/ardupilot_ros:/home/michael/colcon_ws/install/ardupilot_dds_tests:/opt/ros/humble /usr/bin/cmake /home/michael/Stingray1_ws/src/px4_msgs -DCMAKE_INSTALL_PREFIX=/home/michael/Stingray1_ws/install/px4_msgs
[0.302s] DEBUG:colcon.colcon_core.event_handler.log_command:Invoking command in '/home/michael/Stingray1_ws/build/stingray_msg': CMAKE_PREFIX_PATH=${CMAKE_PREFIX_PATH}:/home/michael/ros2_ws/install/ardupilot_dds_tests:/home/michael/ros2_ws/install/ardupilot_msgs:/home/michael/colcon_ws/install/ardupilot_ros:/home/michael/colcon_ws/install/ardupilot_dds_tests:/opt/ros/humble /usr/bin/cmake /home/michael/Stingray1_ws/src/stingray_msg -DCMAKE_INSTALL_PREFIX=/home/michael/Stingray1_ws/install/stingray_msg
[2.376s] DEBUG:colcon.colcon_core.event_handler.log_command:Invoked command in '/home/michael/Stingray1_ws/build/stingray_msg' returned '0': CMAKE_PREFIX_PATH=${CMAKE_PREFIX_PATH}:/home/michael/ros2_ws/install/ardupilot_dds_tests:/home/michael/ros2_ws/install/ardupilot_msgs:/home/michael/colcon_ws/install/ardupilot_ros:/home/michael/colcon_ws/install/ardupilot_dds_tests:/opt/ros/humble /usr/bin/cmake /home/michael/Stingray1_ws/src/stingray_msg -DCMAKE_INSTALL_PREFIX=/home/michael/Stingray1_ws/install/stingray_msg
[2.378s] DEBUG:colcon.colcon_core.event_handler.log_command:Invoking command in '/home/michael/Stingray1_ws/build/stingray_msg': CMAKE_PREFIX_PATH=${CMAKE_PREFIX_PATH}:/home/michael/ros2_ws/install/ardupilot_dds_tests:/home/michael/ros2_ws/install/ardupilot_msgs:/home/michael/colcon_ws/install/ardupilot_ros:/home/michael/colcon_ws/install/ardupilot_dds_tests:/opt/ros/humble /usr/bin/cmake --build /home/michael/Stingray1_ws/build/stingray_msg -- -j8 -l8
[4.699s] DEBUG:colcon.colcon_core.event_handler.log_command:Invoked command in '/home/michael/Stingray1_ws/build/px4_msgs' returned '0': CMAKE_PREFIX_PATH=${CMAKE_PREFIX_PATH}:/home/michael/ros2_ws/install/ardupilot_dds_tests:/home/michael/ros2_ws/install/ardupilot_msgs:/home/michael/colcon_ws/install/ardupilot_ros:/home/michael/colcon_ws/install/ardupilot_dds_tests:/opt/ros/humble /usr/bin/cmake /home/michael/Stingray1_ws/src/px4_msgs -DCMAKE_INSTALL_PREFIX=/home/michael/Stingray1_ws/install/px4_msgs
[4.701s] DEBUG:colcon.colcon_core.event_handler.log_command:Invoking command in '/home/michael/Stingray1_ws/build/px4_msgs': CMAKE_PREFIX_PATH=${CMAKE_PREFIX_PATH}:/home/michael/ros2_ws/install/ardupilot_dds_tests:/home/michael/ros2_ws/install/ardupilot_msgs:/home/michael/colcon_ws/install/ardupilot_ros:/home/michael/colcon_ws/install/ardupilot_dds_tests:/opt/ros/humble /usr/bin/cmake --build /home/michael/Stingray1_ws/build/px4_msgs -- -j8 -l8
[5.977s] DEBUG:colcon.colcon_core.event_handler.log_command:Invoked command in '/home/michael/Stingray1_ws/build/stingray_msg' returned '0': CMAKE_PREFIX_PATH=${CMAKE_PREFIX_PATH}:/home/michael/ros2_ws/install/ardupilot_dds_tests:/home/michael/ros2_ws/install/ardupilot_msgs:/home/michael/colcon_ws/install/ardupilot_ros:/home/michael/colcon_ws/install/ardupilot_dds_tests:/opt/ros/humble /usr/bin/cmake --build /home/michael/Stingray1_ws/build/stingray_msg -- -j8 -l8
[6.092s] DEBUG:colcon.colcon_core.event_handler.log_command:Invoking command in '/home/michael/Stingray1_ws/build/stingray_msg': CMAKE_PREFIX_PATH=${CMAKE_PREFIX_PATH}:/home/michael/ros2_ws/install/ardupilot_dds_tests:/home/michael/ros2_ws/install/ardupilot_msgs:/home/michael/colcon_ws/install/ardupilot_ros:/home/michael/colcon_ws/install/ardupilot_dds_tests:/opt/ros/humble /usr/bin/cmake --install /home/michael/Stingray1_ws/build/stingray_msg
[6.169s] Level 1:colcon.colcon_core.environment:create_environment_scripts_only(stingray_msg)
[6.170s] DEBUG:colcon.colcon_core.event_handler.log_command:Invoked command in '/home/michael/Stingray1_ws/build/stingray_msg' returned '0': CMAKE_PREFIX_PATH=${CMAKE_PREFIX_PATH}:/home/michael/ros2_ws/install/ardupilot_dds_tests:/home/michael/ros2_ws/install/ardupilot_msgs:/home/michael/colcon_ws/install/ardupilot_ros:/home/michael/colcon_ws/install/ardupilot_dds_tests:/opt/ros/humble /usr/bin/cmake --install /home/michael/Stingray1_ws/build/stingray_msg
[6.172s] Level 1:colcon.colcon_core.environment:checking '/home/michael/Stingray1_ws/install/stingray_msg' for CMake module files
[6.173s] Level 1:colcon.colcon_core.environment:checking '/home/michael/Stingray1_ws/install/stingray_msg' for CMake config files
[6.173s] Level 1:colcon.colcon_core.shell:create_environment_hook('stingray_msg', 'cmake_prefix_path')
[6.173s] INFO:colcon.colcon_core.shell:Creating environment hook '/home/michael/Stingray1_ws/install/stingray_msg/share/stingray_msg/hook/cmake_prefix_path.ps1'
[6.174s] INFO:colcon.colcon_core.shell:Creating environment descriptor '/home/michael/Stingray1_ws/install/stingray_msg/share/stingray_msg/hook/cmake_prefix_path.dsv'
[6.174s] INFO:colcon.colcon_core.shell:Creating environment hook '/home/michael/Stingray1_ws/install/stingray_msg/share/stingray_msg/hook/cmake_prefix_path.sh'
[6.175s] Level 1:colcon.colcon_core.environment:checking '/home/michael/Stingray1_ws/install/stingray_msg/lib'
[6.175s] Level 1:colcon.colcon_core.shell:create_environment_hook('stingray_msg', 'ld_library_path_lib')
[6.176s] INFO:colcon.colcon_core.shell:Creating environment hook '/home/michael/Stingray1_ws/install/stingray_msg/share/stingray_msg/hook/ld_library_path_lib.ps1'
[6.176s] INFO:colcon.colcon_core.shell:Creating environment descriptor '/home/michael/Stingray1_ws/install/stingray_msg/share/stingray_msg/hook/ld_library_path_lib.dsv'
[6.176s] INFO:colcon.colcon_core.shell:Creating environment hook '/home/michael/Stingray1_ws/install/stingray_msg/share/stingray_msg/hook/ld_library_path_lib.sh'
[6.176s] Level 1:colcon.colcon_core.environment:checking '/home/michael/Stingray1_ws/install/stingray_msg/bin'
[6.177s] Level 1:colcon.colcon_core.environment:checking '/home/michael/Stingray1_ws/install/stingray_msg/lib/pkgconfig/stingray_msg.pc'
[6.177s] Level 1:colcon.colcon_core.environment:checking '/home/michael/Stingray1_ws/install/stingray_msg/lib/python3.10/site-packages'
[6.177s] Level 1:colcon.colcon_core.environment:checking '/home/michael/Stingray1_ws/install/stingray_msg/bin'
[6.177s] INFO:colcon.colcon_core.shell:Creating package script '/home/michael/Stingray1_ws/install/stingray_msg/share/stingray_msg/package.ps1'
[6.178s] INFO:colcon.colcon_core.shell:Creating package descriptor '/home/michael/Stingray1_ws/install/stingray_msg/share/stingray_msg/package.dsv'
[6.179s] INFO:colcon.colcon_core.shell:Creating package script '/home/michael/Stingray1_ws/install/stingray_msg/share/stingray_msg/package.sh'
[6.180s] INFO:colcon.colcon_core.shell:Creating package script '/home/michael/Stingray1_ws/install/stingray_msg/share/stingray_msg/package.bash'
[6.180s] INFO:colcon.colcon_core.shell:Creating package script '/home/michael/Stingray1_ws/install/stingray_msg/share/stingray_msg/package.zsh'
[6.181s] Level 1:colcon.colcon_core.environment:create_file_with_runtime_dependencies(/home/michael/Stingray1_ws/install/stingray_msg/share/colcon-core/packages/stingray_msg)
[6.284s] Level 1:colcon.colcon_core.environment:create_environment_scripts_only(stingray_msg)
[6.284s] Level 1:colcon.colcon_core.environment:checking '/home/michael/Stingray1_ws/install/stingray_msg' for CMake module files
[6.285s] Level 1:colcon.colcon_core.environment:checking '/home/michael/Stingray1_ws/install/stingray_msg' for CMake config files
[6.286s] Level 1:colcon.colcon_core.shell:create_environment_hook('stingray_msg', 'cmake_prefix_path')
[6.286s] INFO:colcon.colcon_core.shell:Creating environment hook '/home/michael/Stingray1_ws/install/stingray_msg/share/stingray_msg/hook/cmake_prefix_path.ps1'
[6.287s] INFO:colcon.colcon_core.shell:Creating environment descriptor '/home/michael/Stingray1_ws/install/stingray_msg/share/stingray_msg/hook/cmake_prefix_path.dsv'
[6.287s] INFO:colcon.colcon_core.shell:Creating environment hook '/home/michael/Stingray1_ws/install/stingray_msg/share/stingray_msg/hook/cmake_prefix_path.sh'
[6.288s] Level 1:colcon.colcon_core.environment:checking '/home/michael/Stingray1_ws/install/stingray_msg/lib'
[6.288s] Level 1:colcon.colcon_core.shell:create_environment_hook('stingray_msg', 'ld_library_path_lib')
[6.289s] INFO:colcon.colcon_core.shell:Creating environment hook '/home/michael/Stingray1_ws/install/stingray_msg/share/stingray_msg/hook/ld_library_path_lib.ps1'
[6.289s] INFO:colcon.colcon_core.shell:Creating environment descriptor '/home/michael/Stingray1_ws/install/stingray_msg/share/stingray_msg/hook/ld_library_path_lib.dsv'
[6.290s] INFO:colcon.colcon_core.shell:Creating environment hook '/home/michael/Stingray1_ws/install/stingray_msg/share/stingray_msg/hook/ld_library_path_lib.sh'
[6.290s] Level 1:colcon.colcon_core.environment:checking '/home/michael/Stingray1_ws/install/stingray_msg/bin'
[6.290s] Level 1:colcon.colcon_core.environment:checking '/home/michael/Stingray1_ws/install/stingray_msg/lib/pkgconfig/stingray_msg.pc'
[6.291s] Level 1:colcon.colcon_core.environment:checking '/home/michael/Stingray1_ws/install/stingray_msg/lib/python3.10/site-packages'
[6.291s] Level 1:colcon.colcon_core.environment:checking '/home/michael/Stingray1_ws/install/stingray_msg/bin'
[6.291s] INFO:colcon.colcon_core.shell:Creating package script '/home/michael/Stingray1_ws/install/stingray_msg/share/stingray_msg/package.ps1'
[6.292s] INFO:colcon.colcon_core.shell:Creating package descriptor '/home/michael/Stingray1_ws/install/stingray_msg/share/stingray_msg/package.dsv'
[6.293s] INFO:colcon.colcon_core.shell:Creating package script '/home/michael/Stingray1_ws/install/stingray_msg/share/stingray_msg/package.sh'
[6.294s] INFO:colcon.colcon_core.shell:Creating package script '/home/michael/Stingray1_ws/install/stingray_msg/share/stingray_msg/package.bash'
[6.294s] INFO:colcon.colcon_core.shell:Creating package script '/home/michael/Stingray1_ws/install/stingray_msg/share/stingray_msg/package.zsh'
[6.295s] Level 1:colcon.colcon_core.environment:create_file_with_runtime_dependencies(/home/michael/Stingray1_ws/install/stingray_msg/share/colcon-core/packages/stingray_msg)
[6.295s] INFO:colcon.colcon_ros.task.ament_python.build:Building ROS package in '/home/michael/Stingray1_ws/src/stingray_controller' with build type 'ament_python'
[6.296s] Level 1:colcon.colcon_core.shell:create_environment_hook('stingray_control', 'ament_prefix_path')
[6.296s] INFO:colcon.colcon_core.shell:Creating environment hook '/home/michael/Stingray1_ws/install/stingray_control/share/stingray_control/hook/ament_prefix_path.ps1'
[6.297s] INFO:colcon.colcon_core.shell:Creating environment descriptor '/home/michael/Stingray1_ws/install/stingray_control/share/stingray_control/hook/ament_prefix_path.dsv'
[6.297s] INFO:colcon.colcon_core.shell:Creating environment hook '/home/michael/Stingray1_ws/install/stingray_control/share/stingray_control/hook/ament_prefix_path.sh'
[6.298s] INFO:colcon.colcon_core.shell:Skip shell extension 'powershell' for command environment: Not usable outside of PowerShell
[6.298s] DEBUG:colcon.colcon_core.shell:Skip shell extension 'dsv' for command environment
[6.666s] WARNING:colcon.colcon_ros.task.ament_python.build:Package 'stingray_control' doesn't explicitly install a marker in the package index (colcon-ros currently does it implicitly but that fallback will be removed in the future)
[6.667s] WARNING:colcon.colcon_ros.task.ament_python.build:Package 'stingray_control' doesn't explicitly install the 'package.xml' file (colcon-ros currently does it implicitly but that fallback will be removed in the future)
[6.667s] INFO:colcon.colcon_core.task.python.build:Building Python package in '/home/michael/Stingray1_ws/src/stingray_controller'
[6.667s] INFO:colcon.colcon_core.shell:Skip shell extension 'powershell' for command environment: Not usable outside of PowerShell
[6.668s] DEBUG:colcon.colcon_core.shell:Skip shell extension 'dsv' for command environment
[7.170s] DEBUG:colcon.colcon_core.event_handler.log_command:Invoking command in '/home/michael/Stingray1_ws/src/stingray_controller': AMENT_PREFIX_PATH=/home/michael/Stingray1_ws/install/stingray_msg:${AMENT_PREFIX_PATH} CMAKE_PREFIX_PATH=/home/michael/Stingray1_ws/install/stingray_msg:${CMAKE_PREFIX_PATH} LD_LIBRARY_PATH=/home/michael/Stingray1_ws/install/stingray_msg/lib:${LD_LIBRARY_PATH} PYTHONPATH=/home/michael/Stingray1_ws/build/stingray_control/prefix_override:/home/michael/Stingray1_ws/install/stingray_control/lib/python3.10/site-packages:/home/michael/Stingray1_ws/install/stingray_msg/local/lib/python3.10/dist-packages:${PYTHONPATH} /usr/bin/python3 -W ignore:setup.py install is deprecated setup.py egg_info --egg-base ../../build/stingray_control build --build-base /home/michael/Stingray1_ws/build/stingray_control/build install --record /home/michael/Stingray1_ws/build/stingray_control/install.log --single-version-externally-managed install_data
[7.569s] Level 1:colcon.colcon_core.environment:checking '/home/michael/Stingray1_ws/install/stingray_control' for CMake module files
[7.570s] DEBUG:colcon.colcon_core.event_handler.log_command:Invoked command in '/home/michael/Stingray1_ws/src/stingray_controller' returned '0': AMENT_PREFIX_PATH=/home/michael/Stingray1_ws/install/stingray_msg:${AMENT_PREFIX_PATH} CMAKE_PREFIX_PATH=/home/michael/Stingray1_ws/install/stingray_msg:${CMAKE_PREFIX_PATH} LD_LIBRARY_PATH=/home/michael/Stingray1_ws/install/stingray_msg/lib:${LD_LIBRARY_PATH} PYTHONPATH=/home/michael/Stingray1_ws/build/stingray_control/prefix_override:/home/michael/Stingray1_ws/install/stingray_control/lib/python3.10/site-packages:/home/michael/Stingray1_ws/install/stingray_msg/local/lib/python3.10/dist-packages:${PYTHONPATH} /usr/bin/python3 -W ignore:setup.py install is deprecated setup.py egg_info --egg-base ../../build/stingray_control build --build-base /home/michael/Stingray1_ws/build/stingray_control/build install --record /home/michael/Stingray1_ws/build/stingray_control/install.log --single-version-externally-managed install_data
[7.570s] Level 1:colcon.colcon_core.environment:checking '/home/michael/Stingray1_ws/install/stingray_control' for CMake config files
[7.571s] Level 1:colcon.colcon_core.environment:checking '/home/michael/Stingray1_ws/install/stingray_control/lib'
[7.571s] Level 1:colcon.colcon_core.environment:checking '/home/michael/Stingray1_ws/install/stingray_control/bin'
[7.571s] Level 1:colcon.colcon_core.environment:checking '/home/michael/Stingray1_ws/install/stingray_control/lib/pkgconfig/stingray_control.pc'
[7.572s] Level 1:colcon.colcon_core.environment:checking '/home/michael/Stingray1_ws/install/stingray_control/lib/python3.10/site-packages'
[7.572s] Level 1:colcon.colcon_core.shell:create_environment_hook('stingray_control', 'pythonpath')
[7.572s] INFO:colcon.colcon_core.shell:Creating environment hook '/home/michael/Stingray1_ws/install/stingray_control/share/stingray_control/hook/pythonpath.ps1'
[7.573s] INFO:colcon.colcon_core.shell:Creating environment descriptor '/home/michael/Stingray1_ws/install/stingray_control/share/stingray_control/hook/pythonpath.dsv'
[7.573s] INFO:colcon.colcon_core.shell:Creating environment hook '/home/michael/Stingray1_ws/install/stingray_control/share/stingray_control/hook/pythonpath.sh'
[7.574s] Level 1:colcon.colcon_core.environment:checking '/home/michael/Stingray1_ws/install/stingray_control/bin'
[7.574s] Level 1:colcon.colcon_core.environment:create_environment_scripts_only(stingray_control)
[7.575s] INFO:colcon.colcon_core.shell:Creating package script '/home/michael/Stingray1_ws/install/stingray_control/share/stingray_control/package.ps1'
[7.575s] INFO:colcon.colcon_core.shell:Creating package descriptor '/home/michael/Stingray1_ws/install/stingray_control/share/stingray_control/package.dsv'
[7.576s] INFO:colcon.colcon_core.shell:Creating package script '/home/michael/Stingray1_ws/install/stingray_control/share/stingray_control/package.sh'
[7.576s] INFO:colcon.colcon_core.shell:Creating package script '/home/michael/Stingray1_ws/install/stingray_control/share/stingray_control/package.bash'
[7.577s] INFO:colcon.colcon_core.shell:Creating package script '/home/michael/Stingray1_ws/install/stingray_control/share/stingray_control/package.zsh'
[7.577s] Level 1:colcon.colcon_core.environment:create_file_with_runtime_dependencies(/home/michael/Stingray1_ws/install/stingray_control/share/colcon-core/packages/stingray_control)
[90.674s] DEBUG:colcon.colcon_parallel_executor.executor.parallel:run_until_complete was interrupted
[90.675s] DEBUG:colcon.colcon_parallel_executor.executor.parallel:run_until_complete again
[90.765s] DEBUG:colcon.colcon_core.event_handler.log_command:Invoked command in '/home/michael/Stingray1_ws/build/px4_msgs' returned '-2': CMAKE_PREFIX_PATH=${CMAKE_PREFIX_PATH}:/home/michael/ros2_ws/install/ardupilot_dds_tests:/home/michael/ros2_ws/install/ardupilot_msgs:/home/michael/colcon_ws/install/ardupilot_ros:/home/michael/colcon_ws/install/ardupilot_dds_tests:/opt/ros/humble /usr/bin/cmake --build /home/michael/Stingray1_ws/build/px4_msgs -- -j8 -l8
[100.008s] Level 1:colcon.colcon_core.environment:create_environment_scripts_only(px4_msgs)
[100.008s] Level 1:colcon.colcon_core.environment:checking '/home/michael/Stingray1_ws/install/px4_msgs' for CMake module files
[100.009s] Level 1:colcon.colcon_core.environment:checking '/home/michael/Stingray1_ws/install/px4_msgs' for CMake config files
[100.009s] Level 1:colcon.colcon_core.environment:checking '/home/michael/Stingray1_ws/install/px4_msgs/bin'
[100.009s] Level 1:colcon.colcon_core.environment:checking '/home/michael/Stingray1_ws/install/px4_msgs/lib/pkgconfig/px4_msgs.pc'
[100.010s] Level 1:colcon.colcon_core.environment:checking '/home/michael/Stingray1_ws/install/px4_msgs/lib/python3.10/site-packages'
[100.010s] Level 1:colcon.colcon_core.environment:checking '/home/michael/Stingray1_ws/install/px4_msgs/bin'
[100.011s] INFO:colcon.colcon_core.shell:Creating package script '/home/michael/Stingray1_ws/install/px4_msgs/share/px4_msgs/package.ps1'
[100.011s] INFO:colcon.colcon_core.shell:Creating package descriptor '/home/michael/Stingray1_ws/install/px4_msgs/share/px4_msgs/package.dsv'
[100.012s] INFO:colcon.colcon_core.shell:Creating package script '/home/michael/Stingray1_ws/install/px4_msgs/share/px4_msgs/package.sh'
[100.013s] INFO:colcon.colcon_core.shell:Creating package script '/home/michael/Stingray1_ws/install/px4_msgs/share/px4_msgs/package.bash'
[100.013s] INFO:colcon.colcon_core.shell:Creating package script '/home/michael/Stingray1_ws/install/px4_msgs/share/px4_msgs/package.zsh'
[100.014s] Level 1:colcon.colcon_core.environment:create_file_with_runtime_dependencies(/home/michael/Stingray1_ws/install/px4_msgs/share/colcon-core/packages/px4_msgs)
[100.024s] DEBUG:colcon.colcon_parallel_executor.executor.parallel:run_until_complete finished
[100.024s] DEBUG:colcon.colcon_parallel_executor.executor.parallel:closing loop
[100.025s] DEBUG:colcon.colcon_parallel_executor.executor.parallel:loop closed
[100.025s] DEBUG:colcon.colcon_core.event_reactor:joining thread
[100.035s] INFO:colcon.colcon_core.plugin_system:Skipping extension 'colcon_notification.desktop_notification.terminal_notifier': Not used on non-Darwin systems
[100.035s] INFO:colcon.colcon_core.plugin_system:Skipping extension 'colcon_notification.desktop_notification.win32': Not used on non-Windows systems
[100.035s] INFO:colcon.colcon_notification.desktop_notification:Sending desktop notification using 'notify2'
[100.054s] DEBUG:colcon.colcon_core.event_reactor:joined thread
[100.055s] INFO:colcon.colcon_core.shell:Creating prefix script '/home/michael/Stingray1_ws/install/local_setup.ps1'
[100.056s] INFO:colcon.colcon_core.shell:Creating prefix util module '/home/michael/Stingray1_ws/install/_local_setup_util_ps1.py'
[100.056s] INFO:colcon.colcon_core.shell:Creating prefix chain script '/home/michael/Stingray1_ws/install/setup.ps1'
[100.058s] INFO:colcon.colcon_core.shell:Creating prefix script '/home/michael/Stingray1_ws/install/local_setup.sh'
[100.058s] INFO:colcon.colcon_core.shell:Creating prefix util module '/home/michael/Stingray1_ws/install/_local_setup_util_sh.py'
[100.059s] INFO:colcon.colcon_core.shell:Creating prefix chain script '/home/michael/Stingray1_ws/install/setup.sh'
[100.060s] INFO:colcon.colcon_core.shell:Creating prefix script '/home/michael/Stingray1_ws/install/local_setup.bash'
[100.060s] INFO:colcon.colcon_core.shell:Creating prefix chain script '/home/michael/Stingray1_ws/install/setup.bash'
[100.062s] INFO:colcon.colcon_core.shell:Creating prefix script '/home/michael/Stingray1_ws/install/local_setup.zsh'
[100.062s] INFO:colcon.colcon_core.shell:Creating prefix chain script '/home/michael/Stingray1_ws/install/setup.zsh'
